<?xml version="1.0" encoding="UTF-8"?>
<coverage generated="1784205338124" clover="3.2.0">
  <project timestamp="1784205338124" name="All files">
    <metrics statements="328" coveredstatements="217" conditionals="177" coveredconditionals="89" methods="67" coveredmethods="43" elements="572" coveredelements="349" complexity="0" loc="328" ncloc="328" packages="2" files="15" classes="15"/>
    <package name="src">
      <metrics statements="8" coveredstatements="7" conditionals="2" coveredconditionals="2" methods="7" coveredmethods="6"/>
      <file name="App.tsx" path="/home/hamza/Documents/projetsApprentissage/p3-devops/frontend/src/App.tsx">
        <metrics statements="0" coveredstatements="0" conditionals="0" coveredconditionals="0" methods="1" coveredmethods="1"/>
      </file>
      <file name="ProtectedRoute.tsx" path="/home/hamza/Documents/projetsApprentissage/p3-devops/frontend/src/ProtectedRoute.tsx">
        <metrics statements="0" coveredstatements="0" conditionals="1" coveredconditionals="1" methods="1" coveredmethods="1"/>
      </file>
      <file name="auth.ts" path="/home/hamza/Documents/projetsApprentissage/p3-devops/frontend/src/auth.ts">
        <metrics statements="5" coveredstatements="4" conditionals="0" coveredconditionals="0" methods="4" coveredmethods="3"/>
        <line num="1" count="89" type="stmt"/>
        <line num="4" count="231" type="stmt"/>
        <line num="8" count="42" type="stmt"/>
        <line num="12" count="0" type="stmt"/>
        <line num="16" count="134" type="stmt"/>
      </file>
      <file name="main.tsx" path="/home/hamza/Documents/projetsApprentissage/p3-devops/frontend/src/main.tsx">
        <metrics statements="1" coveredstatements="1" conditionals="0" coveredconditionals="0" methods="0" coveredmethods="0"/>
        <line num="6" count="89" type="stmt"/>
      </file>
      <file name="router.tsx" path="/home/hamza/Documents/projetsApprentissage/p3-devops/frontend/src/router.tsx">
        <metrics statements="2" coveredstatements="2" conditionals="1" coveredconditionals="1" methods="1" coveredmethods="1"/>
        <line num="11" count="79" type="stmt"/>
        <line num="17" count="10" type="stmt"/>
      </file>
    </package>
    <package name="src.pages">
      <metrics statements="320" coveredstatements="210" conditionals="175" coveredconditionals="87" methods="60" coveredmethods="37"/>
      <file name="Download.tsx" path="/home/hamza/Documents/projetsApprentissage/p3-devops/frontend/src/pages/Download.tsx">
        <metrics statements="66" coveredstatements="45" conditionals="49" coveredconditionals="23" methods="8" coveredmethods="7"/>
        <line num="56" count="38" type="cond" truecount="0" falsecount="1"/>
        <line num="57" count="38" type="stmt"/>
        <line num="58" count="38" type="stmt"/>
        <line num="59" count="38" type="cond" truecount="2" falsecount="0"/>
        <line num="60" count="38" type="stmt"/>
        <line num="61" count="38" type="stmt"/>
        <line num="62" count="38" type="stmt"/>
        <line num="63" count="38" type="stmt"/>
        <line num="64" count="38" type="stmt"/>
        <line num="66" count="38" type="stmt"/>
        <line num="67" count="22" type="cond" truecount="1" falsecount="0"/>
        <line num="68" count="11" type="stmt"/>
        <line num="71" count="11" type="stmt"/>
        <line num="74" count="38" type="stmt"/>
        <line num="75" count="22" type="cond" truecount="1" falsecount="0"/>
        <line num="77" count="11" type="cond" truecount="0" falsecount="1"/>
        <line num="78" count="0" type="stmt"/>
        <line num="81" count="11" type="cond" truecount="0" falsecount="1"/>
        <line num="83" count="11" type="stmt"/>
        <line num="85" count="11" type="cond" truecount="1" falsecount="1"/>
        <line num="90" count="38" type="stmt"/>
        <line num="91" count="11" type="stmt"/>
        <line num="92" count="11" type="cond" truecount="0" falsecount="1"/>
        <line num="93" count="0" type="stmt"/>
        <line num="94" count="0" type="stmt"/>
        <line num="95" count="0" type="stmt"/>
        <line num="98" count="11" type="stmt"/>
        <line num="99" count="11" type="stmt"/>
        <line num="101" count="11" type="cond" truecount="0" falsecount="1"/>
        <line num="102" count="0" type="stmt"/>
        <line num="107" count="11" type="stmt"/>
        <line num="108" count="11" type="stmt"/>
        <line num="109" count="11" type="stmt"/>
        <line num="111" count="0" type="stmt"/>
        <line num="117" count="11" type="stmt"/>
        <line num="121" count="11" type="stmt"/>
        <line num="125" count="38" type="stmt"/>
        <line num="126" count="8" type="stmt"/>
        <line num="128" count="8" type="cond" truecount="0" falsecount="1"/>
        <line num="129" count="0" type="stmt"/>
        <line num="130" count="0" type="stmt"/>
        <line num="133" count="8" type="cond" truecount="1" falsecount="2"/>
        <line num="134" count="0" type="stmt"/>
        <line num="135" count="0" type="stmt"/>
        <line num="138" count="8" type="cond" truecount="1" falsecount="2"/>
        <line num="139" count="0" type="stmt"/>
        <line num="140" count="0" type="stmt"/>
        <line num="143" count="8" type="stmt"/>
        <line num="144" count="8" type="stmt"/>
        <line num="145" count="8" type="stmt"/>
        <line num="147" count="8" type="stmt"/>
        <line num="148" count="8" type="stmt"/>
        <line num="156" count="8" type="cond" truecount="0" falsecount="1"/>
        <line num="157" count="0" type="stmt"/>
        <line num="160" count="8" type="cond" truecount="0" falsecount="1"/>
        <line num="161" count="0" type="stmt"/>
        <line num="166" count="8" type="stmt"/>
        <line num="167" count="8" type="cond" truecount="1" falsecount="1"/>
        <line num="170" count="0" type="cond" truecount="0" falsecount="2"/>
        <line num="174" count="0" type="cond" truecount="0" falsecount="2"/>
        <line num="175" count="0" type="stmt"/>
        <line num="177" count="0" type="stmt"/>
        <line num="180" count="8" type="stmt"/>
        <line num="251" count="0" type="stmt"/>
        <line num="252" count="0" type="stmt"/>
        <line num="253" count="0" type="stmt"/>
      </file>
      <file name="Footer.tsx" path="/home/hamza/Documents/projetsApprentissage/p3-devops/frontend/src/pages/Footer.tsx">
        <metrics statements="0" coveredstatements="0" conditionals="0" coveredconditionals="0" methods="1" coveredmethods="1"/>
      </file>
      <file name="Header.tsx" path="/home/hamza/Documents/projetsApprentissage/p3-devops/frontend/src/pages/Header.tsx">
        <metrics statements="1" coveredstatements="1" conditionals="4" coveredconditionals="4" methods="1" coveredmethods="1"/>
        <line num="6" count="89" type="stmt"/>
      </file>
      <file name="LandingPage.tsx" path="/home/hamza/Documents/projetsApprentissage/p3-devops/frontend/src/pages/LandingPage.tsx">
        <metrics statements="0" coveredstatements="0" conditionals="0" coveredconditionals="0" methods="1" coveredmethods="0"/>
      </file>
      <file name="Login.tsx" path="/home/hamza/Documents/projetsApprentissage/p3-devops/frontend/src/pages/Login.tsx">
        <metrics statements="23" coveredstatements="20" conditionals="7" coveredconditionals="3" methods="4" coveredmethods="4"/>
        <line num="14" count="1711" type="stmt"/>
        <line num="15" count="1711" type="stmt"/>
        <line num="16" count="1711" type="stmt"/>
        <line num="17" count="1711" type="stmt"/>
        <line num="18" count="1711" type="stmt"/>
        <line num="21" count="1711" type="stmt"/>
        <line num="22" count="42" type="stmt"/>
        <line num="23" count="42" type="stmt"/>
        <line num="24" count="42" type="stmt"/>
        <line num="26" count="42" type="stmt"/>
        <line num="27" count="42" type="stmt"/>
        <line num="29" count="42" type="cond" truecount="0" falsecount="1"/>
        <line num="30" count="0" type="stmt"/>
        <line num="33" count="42" type="stmt"/>
        <line num="41" count="42" type="cond" truecount="0" falsecount="1"/>
        <line num="42" count="0" type="stmt"/>
        <line num="45" count="42" type="stmt"/>
        <line num="46" count="42" type="stmt"/>
        <line num="47" count="42" type="stmt"/>
        <line num="49" count="0" type="stmt"/>
        <line num="55" count="42" type="stmt"/>
        <line num="80" count="1065" type="stmt"/>
        <line num="96" count="504" type="stmt"/>
      </file>
      <file name="MySpace.tsx" path="/home/hamza/Documents/projetsApprentissage/p3-devops/frontend/src/pages/MySpace.tsx">
        <metrics statements="80" coveredstatements="35" conditionals="40" coveredconditionals="15" methods="19" coveredmethods="6"/>
        <line num="21" count="89" type="stmt"/>
        <line num="28" count="63" type="cond" truecount="0" falsecount="1"/>
        <line num="29" count="0" type="stmt"/>
        <line num="32" count="63" type="stmt"/>
        <line num="34" count="63" type="cond" truecount="0" falsecount="1"/>
        <line num="35" count="0" type="stmt"/>
        <line num="38" count="63" type="stmt"/>
        <line num="42" count="81" type="stmt"/>
        <line num="43" count="81" type="stmt"/>
        <line num="44" count="81" type="stmt"/>
        <line num="45" count="81" type="stmt"/>
        <line num="46" count="81" type="stmt"/>
        <line num="47" count="81" type="stmt"/>
        <line num="48" count="81" type="stmt"/>
        <line num="51" count="81" type="stmt"/>
        <line num="53" count="81" type="stmt"/>
        <line num="55" count="81" type="stmt"/>
        <line num="56" count="45" type="cond" truecount="0" falsecount="1"/>
        <line num="58" count="45" type="stmt"/>
        <line num="59" count="45" type="stmt"/>
        <line num="60" count="45" type="stmt"/>
        <line num="62" count="45" type="stmt"/>
        <line num="63" count="45" type="stmt"/>
        <line num="72" count="39" type="cond" truecount="0" falsecount="1"/>
        <line num="74" count="0" type="stmt"/>
        <line num="75" count="0" type="stmt"/>
        <line num="76" count="0" type="stmt"/>
        <line num="79" count="39" type="cond" truecount="1" falsecount="0"/>
        <line num="80" count="3" type="stmt"/>
        <line num="85" count="36" type="stmt"/>
        <line num="86" count="36" type="stmt"/>
        <line num="88" count="3" type="stmt"/>
        <line num="94" count="39" type="stmt"/>
        <line num="98" count="45" type="stmt"/>
        <line num="101" count="81" type="stmt"/>
        <line num="102" count="0" type="cond" truecount="0" falsecount="1"/>
        <line num="103" count="0" type="stmt"/>
        <line num="106" count="0" type="cond" truecount="0" falsecount="1"/>
        <line num="107" count="0" type="stmt"/>
        <line num="111" count="0" type="cond" truecount="0" falsecount="1"/>
        <line num="112" count="0" type="stmt"/>
        <line num="115" count="0" type="cond" truecount="0" falsecount="1"/>
        <line num="116" count="0" type="stmt"/>
        <line num="117" count="0" type="stmt"/>
        <line num="120" count="0" type="stmt"/>
        <line num="123" count="0" type="stmt"/>
        <line num="124" count="0" type="stmt"/>
        <line num="126" count="0" type="stmt"/>
        <line num="127" count="0" type="stmt"/>
        <line num="136" count="0" type="cond" truecount="0" falsecount="1"/>
        <line num="138" count="0" type="stmt"/>
        <line num="139" count="0" type="stmt"/>
        <line num="140" count="0" type="stmt"/>
        <line num="143" count="0" type="cond" truecount="0" falsecount="1"/>
        <line num="144" count="0" type="stmt"/>
        <line num="149" count="0" type="stmt"/>
        <line num="151" count="0" type="stmt"/>
        <line num="157" count="0" type="stmt"/>
        <line num="161" count="81" type="stmt"/>
        <line num="162" count="0" type="cond" truecount="0" falsecount="1"/>
        <line num="163" count="0" type="stmt"/>
        <line num="166" count="0" type="cond" truecount="0" falsecount="1"/>
        <line num="167" count="0" type="stmt"/>
        <line num="168" count="0" type="stmt"/>
        <line num="173" count="0" type="stmt"/>
        <line num="176" count="81" type="stmt"/>
        <line num="177" count="0" type="stmt"/>
        <line num="178" count="0" type="stmt"/>
        <line num="181" count="81" type="cond" truecount="0" falsecount="1"/>
        <line num="202" count="0" type="stmt"/>
        <line num="223" count="0" type="stmt"/>
        <line num="257" count="243" type="stmt"/>
        <line num="261" count="0" type="stmt"/>
        <line num="278" count="63" type="stmt"/>
        <line num="357" count="0" type="stmt"/>
        <line num="358" count="0" type="cond" truecount="0" falsecount="2"/>
        <line num="374" count="0" type="stmt"/>
        <line num="375" count="0" type="stmt"/>
        <line num="388" count="0" type="stmt"/>
        <line num="389" count="0" type="stmt"/>
      </file>
      <file name="NotFoundPage.tsx" path="/home/hamza/Documents/projetsApprentissage/p3-devops/frontend/src/pages/NotFoundPage.tsx">
        <metrics statements="0" coveredstatements="0" conditionals="0" coveredconditionals="0" methods="1" coveredmethods="0"/>
      </file>
      <file name="Register.tsx" path="/home/hamza/Documents/projetsApprentissage/p3-devops/frontend/src/pages/Register.tsx">
        <metrics statements="34" coveredstatements="27" conditionals="11" coveredconditionals="6" methods="7" coveredmethods="6"/>
        <line num="9" count="1009" type="stmt"/>
        <line num="10" count="1009" type="stmt"/>
        <line num="11" count="1009" type="stmt"/>
        <line num="12" count="1009" type="stmt"/>
        <line num="13" count="1009" type="stmt"/>
        <line num="14" count="1009" type="stmt"/>
        <line num="16" count="1009" type="stmt"/>
        <line num="17" count="17" type="stmt"/>
        <line num="19" count="1009" type="stmt"/>
        <line num="20" count="17" type="stmt"/>
        <line num="21" count="17" type="stmt"/>
        <line num="23" count="17" type="stmt"/>
        <line num="24" count="17" type="stmt"/>
        <line num="26" count="17" type="cond" truecount="2" falsecount="1"/>
        <line num="27" count="0" type="stmt"/>
        <line num="28" count="0" type="stmt"/>
        <line num="31" count="17" type="cond" truecount="0" falsecount="1"/>
        <line num="32" count="0" type="stmt"/>
        <line num="33" count="0" type="stmt"/>
        <line num="36" count="17" type="cond" truecount="0" falsecount="1"/>
        <line num="37" count="0" type="stmt"/>
        <line num="38" count="0" type="stmt"/>
        <line num="41" count="17" type="stmt"/>
        <line num="43" count="17" type="stmt"/>
        <line num="44" count="17" type="stmt"/>
        <line num="55" count="16" type="cond" truecount="0" falsecount="1"/>
        <line num="56" count="0" type="stmt"/>
        <line num="61" count="16" type="stmt"/>
        <line num="62" count="16" type="stmt"/>
        <line num="64" count="1" type="stmt"/>
        <line num="70" count="17" type="stmt"/>
        <line num="95" count="550" type="stmt"/>
        <line num="112" count="204" type="stmt"/>
        <line num="133" count="204" type="stmt"/>
      </file>
      <file name="Upload.tsx" path="/home/hamza/Documents/projetsApprentissage/p3-devops/frontend/src/pages/Upload.tsx">
        <metrics statements="92" coveredstatements="60" conditionals="54" coveredconditionals="30" methods="11" coveredmethods="6"/>
        <line num="15" count="89" type="stmt"/>
        <line num="16" count="89" type="stmt"/>
        <line num="18" count="89" type="cond" truecount="2" falsecount="0"/>
        <line num="56" count="64" type="cond" truecount="0" falsecount="1"/>
        <line num="57" count="0" type="stmt"/>
        <line num="60" count="64" type="cond" truecount="0" falsecount="1"/>
        <line num="61" count="0" type="stmt"/>
        <line num="64" count="64" type="stmt"/>
        <line num="68" count="64" type="stmt"/>
        <line num="69" count="64" type="stmt"/>
        <line num="70" count="64" type="stmt"/>
        <line num="71" count="64" type="stmt"/>
        <line num="72" count="64" type="stmt"/>
        <line num="73" count="64" type="stmt"/>
        <line num="74" count="64" type="stmt"/>
        <line num="75" count="64" type="stmt"/>
        <line num="76" count="64" type="stmt"/>
        <line num="78" count="64" type="stmt"/>
        <line num="80" count="64" type="stmt"/>
        <line num="82" count="64" type="cond" truecount="2" falsecount="0"/>
        <line num="86" count="64" type="cond" truecount="2" falsecount="0"/>
        <line num="90" count="64" type="cond" truecount="2" falsecount="0"/>
        <line num="94" count="64" type="stmt"/>
        <line num="95" count="0" type="stmt"/>
        <line num="99" count="64" type="stmt"/>
        <line num="100" count="16" type="cond" truecount="1" falsecount="1"/>
        <line num="101" count="16" type="cond" truecount="0" falsecount="1"/>
        <line num="102" count="0" type="stmt"/>
        <line num="107" count="16" type="cond" truecount="0" falsecount="1"/>
        <line num="108" count="0" type="stmt"/>
        <line num="113" count="16" type="stmt"/>
        <line num="116" count="64" type="stmt"/>
        <line num="117" count="16" type="stmt"/>
        <line num="118" count="16" type="stmt"/>
        <line num="119" count="16" type="cond" truecount="0" falsecount="1"/>
        <line num="120" count="16" type="stmt"/>
        <line num="121" count="16" type="cond" truecount="0" falsecount="1"/>
        <line num="122" count="0" type="stmt"/>
        <line num="123" count="0" type="stmt"/>
        <line num="124" count="0" type="cond" truecount="0" falsecount="2"/>
        <line num="125" count="0" type="stmt"/>
        <line num="127" count="16" type="stmt"/>
        <line num="128" count="16" type="stmt"/>
        <line num="129" count="16" type="stmt"/>
        <line num="132" count="64" type="cond" truecount="2" falsecount="0"/>
        <line num="134" count="64" type="stmt"/>
        <line num="135" count="0" type="cond" truecount="0" falsecount="1"/>
        <line num="137" count="0" type="stmt"/>
        <line num="138" count="0" type="stmt"/>
        <line num="142" count="64" type="stmt"/>
        <line num="143" count="16" type="stmt"/>
        <line num="145" count="16" type="cond" truecount="0" falsecount="1"/>
        <line num="146" count="0" type="stmt"/>
        <line num="147" count="0" type="stmt"/>
        <line num="150" count="16" type="cond" truecount="0" falsecount="1"/>
        <line num="151" count="0" type="stmt"/>
        <line num="152" count="0" type="stmt"/>
        <line num="155" count="16" type="stmt"/>
        <line num="156" count="16" type="stmt"/>
        <line num="157" count="16" type="stmt"/>
        <line num="159" count="16" type="cond" truecount="0" falsecount="1"/>
        <line num="160" count="0" type="stmt"/>
        <line num="163" count="16" type="stmt"/>
        <line num="164" count="16" type="stmt"/>
        <line num="166" count="16" type="stmt"/>
        <line num="167" count="16" type="stmt"/>
        <line num="168" count="16" type="cond" truecount="1" falsecount="1"/>
        <line num="169" count="16" type="stmt"/>
        <line num="179" count="16" type="cond" truecount="1" falsecount="0"/>
        <line num="180" count="4" type="stmt"/>
        <line num="185" count="12" type="stmt"/>
        <line num="186" count="12" type="stmt"/>
        <line num="187" count="12" type="stmt"/>
        <line num="189" count="4" type="stmt"/>
        <line num="193" count="16" type="stmt"/>
        <line num="197" count="64" type="stmt"/>
        <line num="198" count="0" type="stmt"/>
        <line num="199" count="0" type="stmt"/>
        <line num="200" count="0" type="stmt"/>
        <line num="201" count="0" type="stmt"/>
        <line num="202" count="0" type="stmt"/>
        <line num="203" count="0" type="stmt"/>
        <line num="204" count="0" type="stmt"/>
        <line num="205" count="0" type="stmt"/>
        <line num="206" count="0" type="cond" truecount="0" falsecount="1"/>
        <line num="207" count="0" type="stmt"/>
        <line num="211" count="52" type="stmt"/>
        <line num="305" count="0" type="stmt"/>
        <line num="306" count="0" type="stmt"/>
        <line num="307" count="0" type="stmt"/>
        <line num="312" count="0" type="stmt"/>
        <line num="328" count="0" type="stmt"/>
      </file>
      <file name="pageHelpers.ts" path="/home/hamza/Documents/projetsApprentissage/p3-devops/frontend/src/pages/pageHelpers.ts">
        <metrics statements="24" coveredstatements="22" conditionals="10" coveredconditionals="6" methods="7" coveredmethods="6"/>
        <line num="2" count="89" type="cond" truecount="2" falsecount="0"/>
        <line num="13" count="7" type="stmt"/>
        <line num="15" count="0" type="stmt"/>
        <line num="17" count="7" type="cond" truecount="1" falsecount="1"/>
        <line num="21" count="7" type="cond" truecount="1" falsecount="1"/>
        <line num="26" count="59" type="cond" truecount="0" falsecount="1"/>
        <line num="27" count="0" type="stmt"/>
        <line num="30" count="59" type="stmt"/>
        <line num="31" count="59" type="stmt"/>
        <line num="32" count="59" type="stmt"/>
        <line num="34" count="59" type="stmt"/>
        <line num="41" count="74" type="stmt"/>
        <line num="42" count="74" type="stmt"/>
        <line num="44" count="74" type="stmt"/>
        <line num="48" count="12" type="stmt"/>
        <line num="52" count="12" type="cond" truecount="1" falsecount="1"/>
        <line num="57" count="8" type="stmt"/>
        <line num="58" count="8" type="stmt"/>
        <line num="60" count="8" type="stmt"/>
        <line num="61" count="8" type="stmt"/>
        <line num="62" count="8" type="stmt"/>
        <line num="63" count="8" type="stmt"/>
        <line num="64" count="8" type="stmt"/>
        <line num="65" count="8" type="stmt"/>
      </file>
    </package>
  </project>
</coverage>
