{"total": {"lines":{"total":328,"covered":217,"skipped":0,"pct":66.15},"statements":{"total":338,"covered":218,"skipped":0,"pct":64.49},"functions":{"total":67,"covered":43,"skipped":0,"pct":64.17},"branches":{"total":177,"covered":89,"skipped":0,"pct":50.28},"branchesTrue":{"total":0,"covered":0,"skipped":0,"pct":100}}
,"/home/hamza/Documents/projetsApprentissage/p3-devops/frontend/src/App.tsx": {"lines":{"total":0,"covered":0,"skipped":0,"pct":0},"functions":{"total":1,"covered":1,"skipped":0,"pct":0},"statements":{"total":0,"covered":0,"skipped":0,"pct":0},"branches":{"total":0,"covered":0,"skipped":0,"pct":0}}
,"/home/hamza/Documents/projetsApprentissage/p3-devops/frontend/src/ProtectedRoute.tsx": {"lines":{"total":0,"covered":0,"skipped":0,"pct":0},"functions":{"total":1,"covered":1,"skipped":0,"pct":0},"statements":{"total":0,"covered":0,"skipped":0,"pct":0},"branches":{"total":1,"covered":1,"skipped":0,"pct":0}}
,"/home/hamza/Documents/projetsApprentissage/p3-devops/frontend/src/auth.ts": {"lines":{"total":5,"covered":4,"skipped":0,"pct":80},"functions":{"total":4,"covered":3,"skipped":0,"pct":75},"statements":{"total":5,"covered":4,"skipped":0,"pct":80},"branches":{"total":0,"covered":0,"skipped":0,"pct":100}}
,"/home/hamza/Documents/projetsApprentissage/p3-devops/frontend/src/main.tsx": {"lines":{"total":1,"covered":1,"skipped":0,"pct":100},"functions":{"total":0,"covered":0,"skipped":0,"pct":100},"statements":{"total":1,"covered":1,"skipped":0,"pct":100},"branches":{"total":0,"covered":0,"skipped":0,"pct":100}}
,"/home/hamza/Documents/projetsApprentissage/p3-devops/frontend/src/router.tsx": {"lines":{"total":2,"covered":2,"skipped":0,"pct":100},"functions":{"total":1,"covered":1,"skipped":0,"pct":100},"statements":{"total":2,"covered":2,"skipped":0,"pct":100},"branches":{"total":1,"covered":1,"skipped":0,"pct":100}}
,"/home/hamza/Documents/projetsApprentissage/p3-devops/frontend/src/pages/Download.tsx": {"lines":{"total":66,"covered":45,"skipped":0,"pct":68.18},"functions":{"total":8,"covered":7,"skipped":0,"pct":87.5},"statements":{"total":68,"covered":46,"skipped":0,"pct":67.64},"branches":{"total":49,"covered":23,"skipped":0,"pct":46.93}}
,"/home/hamza/Documents/projetsApprentissage/p3-devops/frontend/src/pages/Footer.tsx": {"lines":{"total":0,"covered":0,"skipped":0,"pct":0},"functions":{"total":1,"covered":1,"skipped":0,"pct":0},"statements":{"total":0,"covered":0,"skipped":0,"pct":0},"branches":{"total":0,"covered":0,"skipped":0,"pct":0}}
,"/home/hamza/Documents/projetsApprentissage/p3-devops/frontend/src/pages/Header.tsx": {"lines":{"total":1,"covered":1,"skipped":0,"pct":100},"functions":{"total":1,"covered":1,"skipped":0,"pct":100},"statements":{"total":1,"covered":1,"skipped":0,"pct":100},"branches":{"total":4,"covered":4,"skipped":0,"pct":100}}
,"/home/hamza/Documents/projetsApprentissage/p3-devops/frontend/src/pages/LandingPage.tsx": {"lines":{"total":0,"covered":0,"skipped":0,"pct":0},"functions":{"total":1,"covered":0,"skipped":0,"pct":0},"statements":{"total":0,"covered":0,"skipped":0,"pct":0},"branches":{"total":0,"covered":0,"skipped":0,"pct":0}}
,"/home/hamza/Documents/projetsApprentissage/p3-devops/frontend/src/pages/Login.tsx": {"lines":{"total":23,"covered":20,"skipped":0,"pct":86.95},"functions":{"total":4,"covered":4,"skipped":0,"pct":100},"statements":{"total":23,"covered":20,"skipped":0,"pct":86.95},"branches":{"total":7,"covered":3,"skipped":0,"pct":42.85}}
,"/home/hamza/Documents/projetsApprentissage/p3-devops/frontend/src/pages/MySpace.tsx": {"lines":{"total":80,"covered":35,"skipped":0,"pct":43.75},"functions":{"total":19,"covered":6,"skipped":0,"pct":31.57},"statements":{"total":85,"covered":35,"skipped":0,"pct":41.17},"branches":{"total":40,"covered":15,"skipped":0,"pct":37.5}}
,"/home/hamza/Documents/projetsApprentissage/p3-devops/frontend/src/pages/NotFoundPage.tsx": {"lines":{"total":0,"covered":0,"skipped":0,"pct":0},"functions":{"total":1,"covered":0,"skipped":0,"pct":0},"statements":{"total":0,"covered":0,"skipped":0,"pct":0},"branches":{"total":0,"covered":0,"skipped":0,"pct":0}}
,"/home/hamza/Documents/projetsApprentissage/p3-devops/frontend/src/pages/Register.tsx": {"lines":{"total":34,"covered":27,"skipped":0,"pct":79.41},"functions":{"total":7,"covered":6,"skipped":0,"pct":85.71},"statements":{"total":35,"covered":27,"skipped":0,"pct":77.14},"branches":{"total":11,"covered":6,"skipped":0,"pct":54.54}}
,"/home/hamza/Documents/projetsApprentissage/p3-devops/frontend/src/pages/Upload.tsx": {"lines":{"total":92,"covered":60,"skipped":0,"pct":65.21},"functions":{"total":11,"covered":6,"skipped":0,"pct":54.54},"statements":{"total":94,"covered":60,"skipped":0,"pct":63.82},"branches":{"total":54,"covered":30,"skipped":0,"pct":55.55}}
,"/home/hamza/Documents/projetsApprentissage/p3-devops/frontend/src/pages/pageHelpers.ts": {"lines":{"total":24,"covered":22,"skipped":0,"pct":91.66},"functions":{"total":7,"covered":6,"skipped":0,"pct":85.71},"statements":{"total":24,"covered":22,"skipped":0,"pct":91.66},"branches":{"total":10,"covered":6,"skipped":0,"pct":60}}
}
