{"/home/hamza/Documents/projetsApprentissage/p3-devops/frontend/src/App.tsx": {"path":"/home/hamza/Documents/projetsApprentissage/p3-devops/frontend/src/App.tsx","statementMap":{},"fnMap":{"0":{"name":"App","decl":{"start":{"line":5,"column":9},"end":{"line":5,"column":15}},"loc":{"start":{"line":5,"column":15},"end":{"line":13,"column":null}}}},"branchMap":{},"s":{},"f":{"0":71},"b":{}}
,"/home/hamza/Documents/projetsApprentissage/p3-devops/frontend/src/ProtectedRoute.tsx": {"path":"/home/hamza/Documents/projetsApprentissage/p3-devops/frontend/src/ProtectedRoute.tsx","statementMap":{},"fnMap":{"0":{"name":"ProtectedRoute","decl":{"start":{"line":7,"column":24},"end":{"line":7,"column":39}},"loc":{"start":{"line":11,"column":3},"end":{"line":13,"column":null}}}},"branchMap":{"0":{"loc":{"start":{"line":12,"column":29},"end":{"line":12,"column":48}},"type":"cond-expr","locations":[{"start":{"line":12,"column":29},"end":{"line":12,"column":48}}]}},"s":{},"f":{"0":32},"b":{"0":[32]}}
,"/home/hamza/Documents/projetsApprentissage/p3-devops/frontend/src/auth.ts": {"path":"/home/hamza/Documents/projetsApprentissage/p3-devops/frontend/src/auth.ts","statementMap":{"0":{"start":{"line":1,"column":30},"end":{"line":1,"column":null}},"1":{"start":{"line":4,"column":2},"end":{"line":4,"column":null}},"2":{"start":{"line":8,"column":2},"end":{"line":8,"column":null}},"3":{"start":{"line":12,"column":2},"end":{"line":12,"column":null}},"4":{"start":{"line":16,"column":2},"end":{"line":16,"column":null}}},"fnMap":{"0":{"name":"getAccessToken","decl":{"start":{"line":3,"column":16},"end":{"line":3,"column":33}},"loc":{"start":{"line":3,"column":33},"end":{"line":5,"column":null}}},"1":{"name":"setAccessToken","decl":{"start":{"line":7,"column":16},"end":{"line":7,"column":31}},"loc":{"start":{"line":7,"column":46},"end":{"line":9,"column":null}}},"2":{"name":"clearAccessToken","decl":{"start":{"line":11,"column":16},"end":{"line":11,"column":35}},"loc":{"start":{"line":11,"column":35},"end":{"line":13,"column":null}}},"3":{"name":"isAuthenticated","decl":{"start":{"line":15,"column":16},"end":{"line":15,"column":34}},"loc":{"start":{"line":15,"column":34},"end":{"line":17,"column":null}}}},"branchMap":{},"s":{"0":71,"1":186,"2":33,"3":0,"4":107},"f":{"0":186,"1":33,"2":0,"3":107},"b":{}}
,"/home/hamza/Documents/projetsApprentissage/p3-devops/frontend/src/main.tsx": {"path":"/home/hamza/Documents/projetsApprentissage/p3-devops/frontend/src/main.tsx","statementMap":{"0":{"start":{"line":6,"column":0},"end":{"line":8,"column":null}}},"fnMap":{},"branchMap":{},"s":{"0":71},"f":{},"b":{}}
,"/home/hamza/Documents/projetsApprentissage/p3-devops/frontend/src/router.tsx": {"path":"/home/hamza/Documents/projetsApprentissage/p3-devops/frontend/src/router.tsx","statementMap":{"0":{"start":{"line":17,"column":22},"end":{"line":42,"column":null}},"1":{"start":{"line":11,"column":9},"end":{"line":11,"column":null}}},"fnMap":{"0":{"name":"ProtectedRoute","decl":{"start":{"line":13,"column":9},"end":{"line":13,"column":24}},"loc":{"start":{"line":13,"column":69},"end":{"line":15,"column":null}}}},"branchMap":{"0":{"loc":{"start":{"line":14,"column":29},"end":{"line":14,"column":48}},"type":"cond-expr","locations":[{"start":{"line":14,"column":29},"end":{"line":14,"column":48}}]}},"s":{"0":10,"1":61},"f":{"0":4},"b":{"0":[4]}}
,"/home/hamza/Documents/projetsApprentissage/p3-devops/frontend/src/pages/Download.tsx": {"path":"/home/hamza/Documents/projetsApprentissage/p3-devops/frontend/src/pages/Download.tsx","statementMap":{"0":{"start":{"line":56,"column":25},"end":{"line":56,"column":null}},"1":{"start":{"line":57,"column":25},"end":{"line":57,"column":null}},"2":{"start":{"line":58,"column":34},"end":{"line":58,"column":null}},"3":{"start":{"line":59,"column":34},"end":{"line":59,"column":null}},"4":{"start":{"line":60,"column":44},"end":{"line":60,"column":null}},"5":{"start":{"line":61,"column":28},"end":{"line":61,"column":null}},"6":{"start":{"line":62,"column":36},"end":{"line":62,"column":null}},"7":{"start":{"line":63,"column":44},"end":{"line":63,"column":null}},"8":{"start":{"line":64,"column":34},"end":{"line":64,"column":null}},"9":{"start":{"line":66,"column":19},"end":{"line":72,"column":null}},"10":{"start":{"line":67,"column":4},"end":{"line":69,"column":null}},"11":{"start":{"line":68,"column":6},"end":{"line":68,"column":null}},"12":{"start":{"line":71,"column":4},"end":{"line":71,"column":null}},"13":{"start":{"line":74,"column":23},"end":{"line":88,"column":null}},"14":{"start":{"line":75,"column":4},"end":{"line":75,"column":null}},"15":{"start":{"line":75,"column":19},"end":{"line":75,"column":null}},"16":{"start":{"line":77,"column":4},"end":{"line":79,"column":null}},"17":{"start":{"line":78,"column":6},"end":{"line":78,"column":null}},"18":{"start":{"line":81,"column":4},"end":{"line":81,"column":null}},"19":{"start":{"line":81,"column":24},"end":{"line":81,"column":null}},"20":{"start":{"line":83,"column":21},"end":{"line":83,"column":null}},"21":{"start":{"line":85,"column":4},"end":{"line":87,"column":null}},"22":{"start":{"line":90,"column":2},"end":{"line":122,"column":null}},"23":{"start":{"line":91,"column":25},"end":{"line":119,"column":null}},"24":{"start":{"line":92,"column":6},"end":{"line":96,"column":null}},"25":{"start":{"line":93,"column":8},"end":{"line":93,"column":null}},"26":{"start":{"line":94,"column":8},"end":{"line":94,"column":null}},"27":{"start":{"line":95,"column":8},"end":{"line":95,"column":null}},"28":{"start":{"line":98,"column":6},"end":{"line":118,"column":null}},"29":{"start":{"line":99,"column":25},"end":{"line":99,"column":null}},"30":{"start":{"line":101,"column":8},"end":{"line":105,"column":null}},"31":{"start":{"line":102,"column":10},"end":{"line":104,"column":null}},"32":{"start":{"line":107,"column":25},"end":{"line":107,"column":null}},"33":{"start":{"line":108,"column":8},"end":{"line":108,"column":null}},"34":{"start":{"line":109,"column":8},"end":{"line":109,"column":null}},"35":{"start":{"line":111,"column":8},"end":{"line":115,"column":null}},"36":{"start":{"line":117,"column":8},"end":{"line":117,"column":null}},"37":{"start":{"line":121,"column":4},"end":{"line":121,"column":null}},"38":{"start":{"line":125,"column":25},"end":{"line":182,"column":null}},"39":{"start":{"line":126,"column":4},"end":{"line":126,"column":null}},"40":{"start":{"line":128,"column":4},"end":{"line":131,"column":null}},"41":{"start":{"line":129,"column":6},"end":{"line":129,"column":null}},"42":{"start":{"line":130,"column":6},"end":{"line":130,"column":null}},"43":{"start":{"line":133,"column":4},"end":{"line":136,"column":null}},"44":{"start":{"line":134,"column":6},"end":{"line":134,"column":null}},"45":{"start":{"line":135,"column":6},"end":{"line":135,"column":null}},"46":{"start":{"line":138,"column":4},"end":{"line":141,"column":null}},"47":{"start":{"line":139,"column":6},"end":{"line":139,"column":null}},"48":{"start":{"line":140,"column":6},"end":{"line":140,"column":null}},"49":{"start":{"line":143,"column":4},"end":{"line":143,"column":null}},"50":{"start":{"line":144,"column":4},"end":{"line":144,"column":null}},"51":{"start":{"line":145,"column":4},"end":{"line":145,"column":null}},"52":{"start":{"line":147,"column":4},"end":{"line":181,"column":null}},"53":{"start":{"line":148,"column":23},"end":{"line":154,"column":null}},"54":{"start":{"line":156,"column":6},"end":{"line":158,"column":null}},"55":{"start":{"line":157,"column":8},"end":{"line":157,"column":null}},"56":{"start":{"line":160,"column":6},"end":{"line":164,"column":null}},"57":{"start":{"line":161,"column":8},"end":{"line":163,"column":null}},"58":{"start":{"line":166,"column":19},"end":{"line":166,"column":null}},"59":{"start":{"line":167,"column":6},"end":{"line":167,"column":null}},"60":{"start":{"line":170,"column":8},"end":{"line":172,"column":null}},"61":{"start":{"line":174,"column":6},"end":{"line":178,"column":null}},"62":{"start":{"line":175,"column":8},"end":{"line":175,"column":null}},"63":{"start":{"line":177,"column":8},"end":{"line":177,"column":null}},"64":{"start":{"line":180,"column":6},"end":{"line":180,"column":null}},"65":{"start":{"line":251,"column":22},"end":{"line":251,"column":null}},"66":{"start":{"line":252,"column":22},"end":{"line":252,"column":null}},"67":{"start":{"line":253,"column":22},"end":{"line":253,"column":null}}},"fnMap":{"0":{"name":"DownloadIcon","decl":{"start":{"line":22,"column":9},"end":{"line":22,"column":24}},"loc":{"start":{"line":22,"column":24},"end":{"line":53,"column":null}}},"1":{"name":"Download","decl":{"start":{"line":55,"column":24},"end":{"line":55,"column":35}},"loc":{"start":{"line":55,"column":35},"end":{"line":288,"column":null}}},"2":{"name":"(anonymous_2)","decl":{"start":{"line":66,"column":19},"end":{"line":66,"column":33}},"loc":{"start":{"line":66,"column":33},"end":{"line":72,"column":5}}},"3":{"name":"(anonymous_3)","decl":{"start":{"line":74,"column":23},"end":{"line":74,"column":37}},"loc":{"start":{"line":74,"column":37},"end":{"line":88,"column":5}}},"4":{"name":"(anonymous_4)","decl":{"start":{"line":90,"column":2},"end":{"line":90,"column":18}},"loc":{"start":{"line":90,"column":18},"end":{"line":122,"column":5}}},"5":{"name":"(anonymous_5)","decl":{"start":{"line":91,"column":25},"end":{"line":91,"column":37}},"loc":{"start":{"line":91,"column":37},"end":{"line":119,"column":null}}},"6":{"name":"(anonymous_6)","decl":{"start":{"line":125,"column":25},"end":{"line":125,"column":32}},"loc":{"start":{"line":125,"column":70},"end":{"line":182,"column":null}}},"7":{"name":"(anonymous_7)","decl":{"start":{"line":250,"column":20},"end":{"line":250,"column":31}},"loc":{"start":{"line":250,"column":41},"end":{"line":254,"column":null}}}},"branchMap":{"0":{"loc":{"start":{"line":56,"column":10},"end":{"line":56,"column":25}},"type":"default-arg","locations":[{"start":{"line":56,"column":18},"end":{"line":56,"column":25}}]},"1":{"loc":{"start":{"line":59,"column":43},"end":{"line":59,"column":77}},"type":"binary-expr","locations":[{"start":{"line":59,"column":43},"end":{"line":59,"column":75}},{"start":{"line":59,"column":75},"end":{"line":59,"column":77}}]},"2":{"loc":{"start":{"line":67,"column":4},"end":{"line":69,"column":null}},"type":"if","locations":[{"start":{"line":67,"column":4},"end":{"line":69,"column":null}}]},"3":{"loc":{"start":{"line":75,"column":4},"end":{"line":75,"column":null}},"type":"if","locations":[{"start":{"line":75,"column":4},"end":{"line":75,"column":null}}]},"4":{"loc":{"start":{"line":77,"column":4},"end":{"line":79,"column":null}},"type":"if","locations":[{"start":{"line":77,"column":4},"end":{"line":79,"column":null}}]},"5":{"loc":{"start":{"line":81,"column":4},"end":{"line":81,"column":null}},"type":"if","locations":[{"start":{"line":81,"column":4},"end":{"line":81,"column":null}}]},"6":{"loc":{"start":{"line":85,"column":11},"end":{"line":87,"column":null}},"type":"cond-expr","locations":[{"start":{"line":86,"column":8},"end":{"line":86,"column":null}},{"start":{"line":87,"column":8},"end":{"line":87,"column":null}}]},"7":{"loc":{"start":{"line":92,"column":6},"end":{"line":96,"column":null}},"type":"if","locations":[{"start":{"line":92,"column":6},"end":{"line":96,"column":null}}]},"8":{"loc":{"start":{"line":101,"column":8},"end":{"line":105,"column":null}},"type":"if","locations":[{"start":{"line":101,"column":8},"end":{"line":105,"column":null}}]},"9":{"loc":{"start":{"line":112,"column":10},"end":{"line":114,"column":null}},"type":"cond-expr","locations":[{"start":{"line":113,"column":14},"end":{"line":113,"column":null}},{"start":{"line":114,"column":14},"end":{"line":114,"column":null}}]},"10":{"loc":{"start":{"line":128,"column":4},"end":{"line":131,"column":null}},"type":"if","locations":[{"start":{"line":128,"column":4},"end":{"line":131,"column":null}}]},"11":{"loc":{"start":{"line":133,"column":4},"end":{"line":136,"column":null}},"type":"if","locations":[{"start":{"line":133,"column":4},"end":{"line":136,"column":null}}]},"12":{"loc":{"start":{"line":133,"column":8},"end":{"line":133,"column":68}},"type":"binary-expr","locations":[{"start":{"line":133,"column":8},"end":{"line":133,"column":38}},{"start":{"line":133,"column":38},"end":{"line":133,"column":68}}]},"13":{"loc":{"start":{"line":138,"column":4},"end":{"line":141,"column":null}},"type":"if","locations":[{"start":{"line":138,"column":4},"end":{"line":141,"column":null}}]},"14":{"loc":{"start":{"line":138,"column":8},"end":{"line":138,"column":66}},"type":"binary-expr","locations":[{"start":{"line":138,"column":8},"end":{"line":138,"column":38}},{"start":{"line":138,"column":38},"end":{"line":138,"column":66}}]},"15":{"loc":{"start":{"line":153,"column":41},"end":{"line":153,"column":70}},"type":"binary-expr","locations":[{"start":{"line":153,"column":41},"end":{"line":153,"column":60}},{"start":{"line":153,"column":60},"end":{"line":153,"column":70}}]},"16":{"loc":{"start":{"line":156,"column":6},"end":{"line":158,"column":null}},"type":"if","locations":[{"start":{"line":156,"column":6},"end":{"line":158,"column":null}}]},"17":{"loc":{"start":{"line":160,"column":6},"end":{"line":164,"column":null}},"type":"if","locations":[{"start":{"line":160,"column":6},"end":{"line":164,"column":null}}]},"18":{"loc":{"start":{"line":167,"column":35},"end":{"line":167,"column":67}},"type":"binary-expr","locations":[{"start":{"line":167,"column":35},"end":{"line":167,"column":57}},{"start":{"line":167,"column":57},"end":{"line":167,"column":67}}]},"19":{"loc":{"start":{"line":170,"column":8},"end":{"line":172,"column":null}},"type":"cond-expr","locations":[{"start":{"line":171,"column":12},"end":{"line":171,"column":null}},{"start":{"line":172,"column":12},"end":{"line":172,"column":null}}]},"20":{"loc":{"start":{"line":174,"column":6},"end":{"line":178,"column":null}},"type":"if","locations":[{"start":{"line":174,"column":6},"end":{"line":178,"column":null}},{"start":{"line":176,"column":13},"end":{"line":178,"column":null}}]},"21":{"loc":{"start":{"line":190,"column":11},"end":{"line":283,"column":null}},"type":"cond-expr","locations":[{"start":{"line":191,"column":12},"end":{"line":192,"column":null}},{"start":{"line":192,"column":14},"end":{"line":283,"column":null}}]},"22":{"loc":{"start":{"line":192,"column":14},"end":{"line":283,"column":null}},"type":"cond-expr","locations":[{"start":{"line":193,"column":12},"end":{"line":194,"column":null}},{"start":{"line":194,"column":14},"end":{"line":283,"column":null}}]},"23":{"loc":{"start":{"line":194,"column":14},"end":{"line":283,"column":null}},"type":"cond-expr","locations":[{"start":{"line":195,"column":12},"end":{"line":283,"column":null}},{"start":{"line":283,"column":14},"end":{"line":283,"column":null}}]},"24":{"loc":{"start":{"line":234,"column":49},"end":{"line":234,"column":null}},"type":"cond-expr","locations":[{"start":{"line":234,"column":68},"end":{"line":234,"column":100}},{"start":{"line":234,"column":100},"end":{"line":234,"column":null}}]},"25":{"loc":{"start":{"line":240,"column":15},"end":{"line":240,"column":null}},"type":"binary-expr","locations":[{"start":{"line":240,"column":15},"end":{"line":240,"column":null}}]},"26":{"loc":{"start":{"line":257,"column":19},"end":{"line":257,"column":null}},"type":"binary-expr","locations":[{"start":{"line":257,"column":19},"end":{"line":257,"column":null}}]},"27":{"loc":{"start":{"line":263,"column":15},"end":{"line":263,"column":24}},"type":"binary-expr","locations":[{"start":{"line":263,"column":15},"end":{"line":263,"column":24}}]},"28":{"loc":{"start":{"line":269,"column":18},"end":{"line":271,"column":null}},"type":"binary-expr","locations":[{"start":{"line":269,"column":18},"end":{"line":269,"column":null}},{"start":{"line":270,"column":18},"end":{"line":270,"column":null}},{"start":{"line":271,"column":19},"end":{"line":271,"column":48}},{"start":{"line":271,"column":48},"end":{"line":271,"column":null}}]},"29":{"loc":{"start":{"line":276,"column":17},"end":{"line":280,"column":null}},"type":"cond-expr","locations":[{"start":{"line":277,"column":20},"end":{"line":277,"column":null}},{"start":{"line":278,"column":20},"end":{"line":280,"column":null}}]},"30":{"loc":{"start":{"line":278,"column":20},"end":{"line":280,"column":null}},"type":"cond-expr","locations":[{"start":{"line":279,"column":22},"end":{"line":279,"column":null}},{"start":{"line":280,"column":22},"end":{"line":280,"column":null}}]}},"s":{"0":26,"1":26,"2":26,"3":26,"4":26,"5":26,"6":26,"7":26,"8":26,"9":26,"10":16,"11":8,"12":8,"13":26,"14":16,"15":8,"16":8,"17":0,"18":8,"19":0,"20":8,"21":8,"22":26,"23":8,"24":8,"25":0,"26":0,"27":0,"28":8,"29":8,"30":8,"31":0,"32":8,"33":8,"34":8,"35":0,"36":8,"37":8,"38":26,"39":5,"40":5,"41":0,"42":0,"43":5,"44":0,"45":0,"46":5,"47":0,"48":0,"49":5,"50":5,"51":5,"52":5,"53":5,"54":5,"55":0,"56":5,"57":0,"58":5,"59":5,"60":0,"61":0,"62":0,"63":0,"64":5,"65":0,"66":0,"67":0},"f":{"0":18,"1":26,"2":16,"3":16,"4":8,"5":8,"6":5,"7":0},"b":{"0":[0],"1":[26,26],"2":[8],"3":[8],"4":[0],"5":[0],"6":[0,8],"7":[0],"8":[0],"9":[0,0],"10":[0],"11":[0],"12":[5,0],"13":[0],"14":[5,0],"15":[5,5],"16":[0],"17":[0],"18":[5,0],"19":[0,0],"20":[0,0],"21":[8,18],"22":[0,18],"23":[18,0],"24":[0,18],"25":[18],"26":[0],"27":[18],"28":[18,13,13,0],"29":[0,18],"30":[5,13]}}
,"/home/hamza/Documents/projetsApprentissage/p3-devops/frontend/src/pages/Footer.tsx": {"path":"/home/hamza/Documents/projetsApprentissage/p3-devops/frontend/src/pages/Footer.tsx","statementMap":{},"fnMap":{"0":{"name":"Footer","decl":{"start":{"line":3,"column":24},"end":{"line":3,"column":33}},"loc":{"start":{"line":3,"column":33},"end":{"line":9,"column":null}}}},"branchMap":{},"s":{},"f":{"0":71},"b":{}}
,"/home/hamza/Documents/projetsApprentissage/p3-devops/frontend/src/pages/Header.tsx": {"path":"/home/hamza/Documents/projetsApprentissage/p3-devops/frontend/src/pages/Header.tsx","statementMap":{"0":{"start":{"line":6,"column":19},"end":{"line":6,"column":null}}},"fnMap":{"0":{"name":"Header","decl":{"start":{"line":5,"column":24},"end":{"line":5,"column":33}},"loc":{"start":{"line":5,"column":33},"end":{"line":25,"column":null}}}},"branchMap":{"0":{"loc":{"start":{"line":16,"column":16},"end":{"line":16,"column":null}},"type":"cond-expr","locations":[{"start":{"line":16,"column":27},"end":{"line":16,"column":41}},{"start":{"line":16,"column":41},"end":{"line":16,"column":null}}]},"1":{"loc":{"start":{"line":19,"column":13},"end":{"line":19,"column":null}},"type":"cond-expr","locations":[{"start":{"line":19,"column":24},"end":{"line":19,"column":39}},{"start":{"line":19,"column":39},"end":{"line":19,"column":null}}]}},"s":{"0":71},"f":{"0":71},"b":{"0":[19,52],"1":[19,52]}}
,"/home/hamza/Documents/projetsApprentissage/p3-devops/frontend/src/pages/LandingPage.tsx": {"path":"/home/hamza/Documents/projetsApprentissage/p3-devops/frontend/src/pages/LandingPage.tsx","statementMap":{},"fnMap":{"0":{"name":"LandingPage","decl":{"start":{"line":5,"column":24},"end":{"line":5,"column":38}},"loc":{"start":{"line":5,"column":38},"end":{"line":14,"column":null}}}},"branchMap":{},"s":{},"f":{"0":0},"b":{}}
,"/home/hamza/Documents/projetsApprentissage/p3-devops/frontend/src/pages/Login.tsx": {"path":"/home/hamza/Documents/projetsApprentissage/p3-devops/frontend/src/pages/Login.tsx","statementMap":{"0":{"start":{"line":14,"column":28},"end":{"line":14,"column":null}},"1":{"start":{"line":15,"column":34},"end":{"line":15,"column":null}},"2":{"start":{"line":16,"column":28},"end":{"line":16,"column":null}},"3":{"start":{"line":17,"column":42},"end":{"line":17,"column":null}},"4":{"start":{"line":18,"column":19},"end":{"line":18,"column":null}},"5":{"start":{"line":21,"column":23},"end":{"line":57,"column":null}},"6":{"start":{"line":22,"column":4},"end":{"line":22,"column":null}},"7":{"start":{"line":23,"column":4},"end":{"line":23,"column":null}},"8":{"start":{"line":24,"column":4},"end":{"line":24,"column":null}},"9":{"start":{"line":26,"column":4},"end":{"line":56,"column":null}},"10":{"start":{"line":27,"column":27},"end":{"line":27,"column":null}},"11":{"start":{"line":29,"column":6},"end":{"line":31,"column":null}},"12":{"start":{"line":30,"column":8},"end":{"line":30,"column":null}},"13":{"start":{"line":33,"column":23},"end":{"line":39,"column":null}},"14":{"start":{"line":41,"column":6},"end":{"line":43,"column":null}},"15":{"start":{"line":42,"column":8},"end":{"line":42,"column":null}},"16":{"start":{"line":45,"column":23},"end":{"line":45,"column":null}},"17":{"start":{"line":46,"column":6},"end":{"line":46,"column":null}},"18":{"start":{"line":47,"column":6},"end":{"line":47,"column":null}},"19":{"start":{"line":49,"column":6},"end":{"line":53,"column":null}},"20":{"start":{"line":55,"column":6},"end":{"line":55,"column":null}},"21":{"start":{"line":80,"column":37},"end":{"line":80,"column":null}},"22":{"start":{"line":96,"column":37},"end":{"line":96,"column":null}}},"fnMap":{"0":{"name":"Login","decl":{"start":{"line":13,"column":24},"end":{"line":13,"column":32}},"loc":{"start":{"line":13,"column":32},"end":{"line":125,"column":null}}},"1":{"name":"(anonymous_1)","decl":{"start":{"line":21,"column":23},"end":{"line":21,"column":30}},"loc":{"start":{"line":21,"column":68},"end":{"line":57,"column":null}}},"2":{"name":"(anonymous_2)","decl":{"start":{"line":80,"column":16},"end":{"line":80,"column":27}},"loc":{"start":{"line":80,"column":37},"end":{"line":80,"column":null}}},"3":{"name":"(anonymous_3)","decl":{"start":{"line":96,"column":16},"end":{"line":96,"column":27}},"loc":{"start":{"line":96,"column":37},"end":{"line":96,"column":null}}}},"branchMap":{"0":{"loc":{"start":{"line":29,"column":6},"end":{"line":31,"column":null}},"type":"if","locations":[{"start":{"line":29,"column":6},"end":{"line":31,"column":null}}]},"1":{"loc":{"start":{"line":41,"column":6},"end":{"line":43,"column":null}},"type":"if","locations":[{"start":{"line":41,"column":6},"end":{"line":43,"column":null}}]},"2":{"loc":{"start":{"line":50,"column":8},"end":{"line":52,"column":null}},"type":"cond-expr","locations":[{"start":{"line":51,"column":12},"end":{"line":51,"column":null}},{"start":{"line":52,"column":12},"end":{"line":52,"column":null}}]},"3":{"loc":{"start":{"line":102,"column":13},"end":{"line":102,"column":22}},"type":"binary-expr","locations":[{"start":{"line":102,"column":13},"end":{"line":102,"column":22}}]},"4":{"loc":{"start":{"line":117,"column":17},"end":{"line":117,"column":null}},"type":"cond-expr","locations":[{"start":{"line":117,"column":32},"end":{"line":117,"column":49}},{"start":{"line":117,"column":49},"end":{"line":117,"column":null}}]}},"s":{"0":1339,"1":1339,"2":1339,"3":1339,"4":1339,"5":1339,"6":33,"7":33,"8":33,"9":33,"10":33,"11":33,"12":0,"13":33,"14":33,"15":0,"16":33,"17":33,"18":33,"19":0,"20":33,"21":831,"22":396},"f":{"0":1339,"1":33,"2":831,"3":396},"b":{"0":[0],"1":[0],"2":[0,0],"3":[1339],"4":[33,1306]}}
,"/home/hamza/Documents/projetsApprentissage/p3-devops/frontend/src/pages/MySpace.tsx": {"path":"/home/hamza/Documents/projetsApprentissage/p3-devops/frontend/src/pages/MySpace.tsx","statementMap":{"0":{"start":{"line":21,"column":53},"end":{"line":25,"column":null}},"1":{"start":{"line":28,"column":2},"end":{"line":30,"column":null}},"2":{"start":{"line":29,"column":4},"end":{"line":29,"column":null}},"3":{"start":{"line":32,"column":19},"end":{"line":32,"column":null}},"4":{"start":{"line":34,"column":2},"end":{"line":36,"column":null}},"5":{"start":{"line":35,"column":4},"end":{"line":35,"column":null}},"6":{"start":{"line":38,"column":2},"end":{"line":38,"column":null}},"7":{"start":{"line":42,"column":30},"end":{"line":42,"column":null}},"8":{"start":{"line":43,"column":28},"end":{"line":43,"column":null}},"9":{"start":{"line":44,"column":36},"end":{"line":44,"column":null}},"10":{"start":{"line":45,"column":28},"end":{"line":45,"column":null}},"11":{"start":{"line":46,"column":38},"end":{"line":46,"column":null}},"12":{"start":{"line":47,"column":44},"end":{"line":47,"column":null}},"13":{"start":{"line":48,"column":56},"end":{"line":50,"column":null}},"14":{"start":{"line":51,"column":19},"end":{"line":51,"column":null}},"15":{"start":{"line":53,"column":16},"end":{"line":53,"column":null}},"16":{"start":{"line":55,"column":2},"end":{"line":99,"column":null}},"17":{"start":{"line":56,"column":4},"end":{"line":56,"column":null}},"18":{"start":{"line":56,"column":16},"end":{"line":56,"column":null}},"19":{"start":{"line":58,"column":22},"end":{"line":96,"column":null}},"20":{"start":{"line":59,"column":6},"end":{"line":59,"column":null}},"21":{"start":{"line":60,"column":6},"end":{"line":60,"column":null}},"22":{"start":{"line":62,"column":6},"end":{"line":95,"column":null}},"23":{"start":{"line":63,"column":25},"end":{"line":70,"column":null}},"24":{"start":{"line":72,"column":8},"end":{"line":77,"column":null}},"25":{"start":{"line":74,"column":10},"end":{"line":74,"column":null}},"26":{"start":{"line":75,"column":10},"end":{"line":75,"column":null}},"27":{"start":{"line":76,"column":10},"end":{"line":76,"column":null}},"28":{"start":{"line":79,"column":8},"end":{"line":83,"column":null}},"29":{"start":{"line":80,"column":10},"end":{"line":82,"column":null}},"30":{"start":{"line":85,"column":25},"end":{"line":85,"column":null}},"31":{"start":{"line":86,"column":8},"end":{"line":86,"column":null}},"32":{"start":{"line":88,"column":8},"end":{"line":92,"column":null}},"33":{"start":{"line":94,"column":8},"end":{"line":94,"column":null}},"34":{"start":{"line":98,"column":4},"end":{"line":98,"column":null}},"35":{"start":{"line":101,"column":23},"end":{"line":159,"column":null}},"36":{"start":{"line":102,"column":4},"end":{"line":102,"column":null}},"37":{"start":{"line":102,"column":16},"end":{"line":102,"column":null}},"38":{"start":{"line":103,"column":17},"end":{"line":103,"column":null}},"39":{"start":{"line":103,"column":38},"end":{"line":103,"column":56}},"40":{"start":{"line":106,"column":4},"end":{"line":121,"column":null}},"41":{"start":{"line":107,"column":20},"end":{"line":109,"column":null}},"42":{"start":{"line":111,"column":6},"end":{"line":113,"column":null}},"43":{"start":{"line":112,"column":8},"end":{"line":112,"column":null}},"44":{"start":{"line":115,"column":6},"end":{"line":118,"column":null}},"45":{"start":{"line":116,"column":8},"end":{"line":116,"column":null}},"46":{"start":{"line":117,"column":8},"end":{"line":117,"column":null}},"47":{"start":{"line":120,"column":6},"end":{"line":120,"column":null}},"48":{"start":{"line":123,"column":4},"end":{"line":123,"column":null}},"49":{"start":{"line":124,"column":4},"end":{"line":124,"column":null}},"50":{"start":{"line":126,"column":4},"end":{"line":158,"column":null}},"51":{"start":{"line":127,"column":23},"end":{"line":134,"column":null}},"52":{"start":{"line":136,"column":6},"end":{"line":141,"column":null}},"53":{"start":{"line":138,"column":8},"end":{"line":138,"column":null}},"54":{"start":{"line":139,"column":8},"end":{"line":139,"column":null}},"55":{"start":{"line":140,"column":8},"end":{"line":140,"column":null}},"56":{"start":{"line":143,"column":6},"end":{"line":147,"column":null}},"57":{"start":{"line":144,"column":8},"end":{"line":146,"column":null}},"58":{"start":{"line":149,"column":6},"end":{"line":149,"column":null}},"59":{"start":{"line":149,"column":28},"end":{"line":149,"column":72}},"60":{"start":{"line":149,"column":53},"end":{"line":149,"column":71}},"61":{"start":{"line":151,"column":6},"end":{"line":155,"column":null}},"62":{"start":{"line":157,"column":6},"end":{"line":157,"column":null}},"63":{"start":{"line":161,"column":8},"end":{"line":174,"column":null}},"64":{"start":{"line":162,"column":4},"end":{"line":164,"column":null}},"65":{"start":{"line":163,"column":6},"end":{"line":163,"column":null}},"66":{"start":{"line":166,"column":4},"end":{"line":169,"column":null}},"67":{"start":{"line":167,"column":6},"end":{"line":167,"column":null}},"68":{"start":{"line":168,"column":6},"end":{"line":168,"column":null}},"69":{"start":{"line":173,"column":4},"end":{"line":173,"column":null}},"70":{"start":{"line":176,"column":8},"end":{"line":179,"column":null}},"71":{"start":{"line":177,"column":4},"end":{"line":177,"column":null}},"72":{"start":{"line":178,"column":4},"end":{"line":178,"column":null}},"73":{"start":{"line":181,"column":2},"end":{"line":193,"column":null}},"74":{"start":{"line":202,"column":27},"end":{"line":202,"column":null}},"75":{"start":{"line":223,"column":27},"end":{"line":223,"column":null}},"76":{"start":{"line":257,"column":16},"end":{"line":264,"column":null}},"77":{"start":{"line":261,"column":33},"end":{"line":261,"column":null}},"78":{"start":{"line":278,"column":16},"end":{"line":403,"column":null}},"79":{"start":{"line":357,"column":28},"end":{"line":359,"column":null}},"80":{"start":{"line":358,"column":30},"end":{"line":358,"column":null}},"81":{"start":{"line":374,"column":30},"end":{"line":374,"column":null}},"82":{"start":{"line":375,"column":30},"end":{"line":375,"column":null}},"83":{"start":{"line":388,"column":30},"end":{"line":388,"column":null}},"84":{"start":{"line":389,"column":30},"end":{"line":389,"column":null}}},"fnMap":{"0":{"name":"getStatusLabel","decl":{"start":{"line":27,"column":9},"end":{"line":27,"column":24}},"loc":{"start":{"line":27,"column":40},"end":{"line":39,"column":null}}},"1":{"name":"MySpace","decl":{"start":{"line":41,"column":24},"end":{"line":41,"column":34}},"loc":{"start":{"line":41,"column":34},"end":{"line":411,"column":null}}},"2":{"name":"(anonymous_2)","decl":{"start":{"line":55,"column":2},"end":{"line":55,"column":18}},"loc":{"start":{"line":55,"column":18},"end":{"line":99,"column":5}}},"3":{"name":"(anonymous_3)","decl":{"start":{"line":58,"column":22},"end":{"line":58,"column":34}},"loc":{"start":{"line":58,"column":34},"end":{"line":96,"column":null}}},"4":{"name":"(anonymous_4)","decl":{"start":{"line":101,"column":23},"end":{"line":101,"column":30}},"loc":{"start":{"line":101,"column":49},"end":{"line":159,"column":null}}},"5":{"name":"(anonymous_5)","decl":{"start":{"line":103,"column":23},"end":{"line":103,"column":29}},"loc":{"start":{"line":103,"column":38},"end":{"line":103,"column":56}}},"6":{"name":"(anonymous_6)","decl":{"start":{"line":149,"column":6},"end":{"line":149,"column":16}},"loc":{"start":{"line":149,"column":28},"end":{"line":149,"column":72}}},"7":{"name":"(anonymous_7)","decl":{"start":{"line":149,"column":36},"end":{"line":149,"column":44}},"loc":{"start":{"line":149,"column":53},"end":{"line":149,"column":71}}},"8":{"name":"(anonymous_8)","decl":{"start":{"line":161,"column":8},"end":{"line":161,"column":24}},"loc":{"start":{"line":161,"column":43},"end":{"line":174,"column":null}}},"9":{"name":"(anonymous_9)","decl":{"start":{"line":176,"column":8},"end":{"line":176,"column":29}},"loc":{"start":{"line":176,"column":29},"end":{"line":179,"column":null}}},"10":{"name":"(anonymous_10)","decl":{"start":{"line":202,"column":12},"end":{"line":202,"column":27}},"loc":{"start":{"line":202,"column":27},"end":{"line":202,"column":null}}},"11":{"name":"(anonymous_11)","decl":{"start":{"line":223,"column":12},"end":{"line":223,"column":27}},"loc":{"start":{"line":223,"column":27},"end":{"line":223,"column":null}}},"12":{"name":"(anonymous_12)","decl":{"start":{"line":256,"column":23},"end":{"line":256,"column":28}},"loc":{"start":{"line":257,"column":16},"end":{"line":264,"column":null}}},"13":{"name":"(anonymous_13)","decl":{"start":{"line":261,"column":18},"end":{"line":261,"column":33}},"loc":{"start":{"line":261,"column":33},"end":{"line":261,"column":null}}},"14":{"name":"(anonymous_14)","decl":{"start":{"line":277,"column":21},"end":{"line":277,"column":26}},"loc":{"start":{"line":278,"column":16},"end":{"line":403,"column":null}}},"15":{"name":"(anonymous_15)","decl":{"start":{"line":356,"column":26},"end":{"line":356,"column":null}},"loc":{"start":{"line":357,"column":28},"end":{"line":359,"column":null}}},"16":{"name":"(anonymous_16)","decl":{"start":{"line":357,"column":28},"end":{"line":357,"column":52}},"loc":{"start":{"line":358,"column":30},"end":{"line":358,"column":null}}},"17":{"name":"(anonymous_17)","decl":{"start":{"line":373,"column":28},"end":{"line":373,"column":43}},"loc":{"start":{"line":373,"column":43},"end":{"line":376,"column":null}}},"18":{"name":"(anonymous_18)","decl":{"start":{"line":387,"column":28},"end":{"line":387,"column":43}},"loc":{"start":{"line":387,"column":43},"end":{"line":390,"column":null}}}},"branchMap":{"0":{"loc":{"start":{"line":28,"column":2},"end":{"line":30,"column":null}},"type":"if","locations":[{"start":{"line":28,"column":2},"end":{"line":30,"column":null}}]},"1":{"loc":{"start":{"line":34,"column":2},"end":{"line":36,"column":null}},"type":"if","locations":[{"start":{"line":34,"column":2},"end":{"line":36,"column":null}}]},"2":{"loc":{"start":{"line":56,"column":4},"end":{"line":56,"column":null}},"type":"if","locations":[{"start":{"line":56,"column":4},"end":{"line":56,"column":null}}]},"3":{"loc":{"start":{"line":72,"column":8},"end":{"line":77,"column":null}},"type":"if","locations":[{"start":{"line":72,"column":8},"end":{"line":77,"column":null}}]},"4":{"loc":{"start":{"line":79,"column":8},"end":{"line":83,"column":null}},"type":"if","locations":[{"start":{"line":79,"column":8},"end":{"line":83,"column":null}}]},"5":{"loc":{"start":{"line":89,"column":10},"end":{"line":91,"column":null}},"type":"cond-expr","locations":[{"start":{"line":90,"column":14},"end":{"line":90,"column":null}},{"start":{"line":91,"column":14},"end":{"line":91,"column":null}}]},"6":{"loc":{"start":{"line":102,"column":4},"end":{"line":102,"column":null}},"type":"if","locations":[{"start":{"line":102,"column":4},"end":{"line":102,"column":null}}]},"7":{"loc":{"start":{"line":106,"column":4},"end":{"line":121,"column":null}},"type":"if","locations":[{"start":{"line":106,"column":4},"end":{"line":121,"column":null}}]},"8":{"loc":{"start":{"line":111,"column":6},"end":{"line":113,"column":null}},"type":"if","locations":[{"start":{"line":111,"column":6},"end":{"line":113,"column":null}}]},"9":{"loc":{"start":{"line":115,"column":6},"end":{"line":118,"column":null}},"type":"if","locations":[{"start":{"line":115,"column":6},"end":{"line":118,"column":null}}]},"10":{"loc":{"start":{"line":136,"column":6},"end":{"line":141,"column":null}},"type":"if","locations":[{"start":{"line":136,"column":6},"end":{"line":141,"column":null}}]},"11":{"loc":{"start":{"line":143,"column":6},"end":{"line":147,"column":null}},"type":"if","locations":[{"start":{"line":143,"column":6},"end":{"line":147,"column":null}}]},"12":{"loc":{"start":{"line":152,"column":8},"end":{"line":154,"column":null}},"type":"cond-expr","locations":[{"start":{"line":153,"column":12},"end":{"line":153,"column":null}},{"start":{"line":154,"column":12},"end":{"line":154,"column":null}}]},"13":{"loc":{"start":{"line":162,"column":4},"end":{"line":164,"column":null}},"type":"if","locations":[{"start":{"line":162,"column":4},"end":{"line":164,"column":null}}]},"14":{"loc":{"start":{"line":166,"column":4},"end":{"line":169,"column":null}},"type":"if","locations":[{"start":{"line":166,"column":4},"end":{"line":169,"column":null}}]},"15":{"loc":{"start":{"line":181,"column":2},"end":{"line":193,"column":null}},"type":"if","locations":[{"start":{"line":181,"column":2},"end":{"line":193,"column":null}}]},"16":{"loc":{"start":{"line":197,"column":43},"end":{"line":197,"column":null}},"type":"cond-expr","locations":[{"start":{"line":197,"column":59},"end":{"line":197,"column":71}},{"start":{"line":197,"column":71},"end":{"line":197,"column":null}}]},"17":{"loc":{"start":{"line":217,"column":40},"end":{"line":217,"column":null}},"type":"cond-expr","locations":[{"start":{"line":217,"column":56},"end":{"line":217,"column":73}},{"start":{"line":217,"column":73},"end":{"line":217,"column":null}}]},"18":{"loc":{"start":{"line":260,"column":54},"end":{"line":260,"column":null}},"type":"cond-expr","locations":[{"start":{"line":260,"column":78},"end":{"line":260,"column":92}},{"start":{"line":260,"column":92},"end":{"line":260,"column":null}}]},"19":{"loc":{"start":{"line":270,"column":12},"end":{"line":271,"column":null}},"type":"cond-expr","locations":[{"start":{"line":270,"column":12},"end":{"line":271,"column":null}}]},"20":{"loc":{"start":{"line":272,"column":12},"end":{"line":273,"column":20}},"type":"cond-expr","locations":[{"start":{"line":272,"column":12},"end":{"line":273,"column":20}}]},"21":{"loc":{"start":{"line":274,"column":12},"end":{"line":276,"column":13}},"type":"cond-expr","locations":[{"start":{"line":274,"column":12},"end":{"line":276,"column":13}}]},"22":{"loc":{"start":{"line":312,"column":57},"end":{"line":312,"column":null}},"type":"cond-expr","locations":[{"start":{"line":312,"column":84},"end":{"line":312,"column":99}},{"start":{"line":312,"column":99},"end":{"line":312,"column":null}}]},"23":{"loc":{"start":{"line":320,"column":21},"end":{"line":350,"column":26}},"type":"binary-expr","locations":[{"start":{"line":320,"column":21},"end":{"line":320,"column":48}},{"start":{"line":320,"column":48},"end":{"line":320,"column":null}},{"start":{"line":321,"column":22},"end":{"line":350,"column":26}}]},"24":{"loc":{"start":{"line":350,"column":21},"end":{"line":402,"column":null}},"type":"cond-expr","locations":[{"start":{"line":351,"column":22},"end":{"line":398,"column":23}},{"start":{"line":398,"column":22},"end":{"line":402,"column":null}}]},"25":{"loc":{"start":{"line":358,"column":30},"end":{"line":358,"column":null}},"type":"cond-expr","locations":[{"start":{"line":358,"column":52},"end":{"line":358,"column":59}},{"start":{"line":358,"column":59},"end":{"line":358,"column":null}}]},"26":{"loc":{"start":{"line":367,"column":28},"end":{"line":367,"column":null}},"type":"cond-expr","locations":[{"start":{"line":367,"column":62},"end":{"line":367,"column":74}},{"start":{"line":367,"column":74},"end":{"line":367,"column":null}}]},"27":{"loc":{"start":{"line":379,"column":29},"end":{"line":381,"column":null}},"type":"cond-expr","locations":[{"start":{"line":380,"column":32},"end":{"line":380,"column":null}},{"start":{"line":381,"column":32},"end":{"line":381,"column":null}}]}},"s":{"0":71,"1":54,"2":0,"3":54,"4":54,"5":0,"6":54,"7":66,"8":66,"9":66,"10":66,"11":66,"12":66,"13":66,"14":66,"15":66,"16":66,"17":36,"18":0,"19":36,"20":36,"21":36,"22":36,"23":36,"24":33,"25":0,"26":0,"27":0,"28":33,"29":3,"30":30,"31":30,"32":3,"33":33,"34":36,"35":66,"36":0,"37":0,"38":0,"39":0,"40":0,"41":0,"42":0,"43":0,"44":0,"45":0,"46":0,"47":0,"48":0,"49":0,"50":0,"51":0,"52":0,"53":0,"54":0,"55":0,"56":0,"57":0,"58":0,"59":0,"60":0,"61":0,"62":0,"63":66,"64":0,"65":0,"66":0,"67":0,"68":0,"69":0,"70":66,"71":0,"72":0,"73":66,"74":0,"75":0,"76":198,"77":0,"78":54,"79":0,"80":0,"81":0,"82":0,"83":0,"84":0},"f":{"0":54,"1":66,"2":36,"3":36,"4":0,"5":0,"6":0,"7":0,"8":0,"9":0,"10":0,"11":0,"12":198,"13":0,"14":54,"15":0,"16":0,"17":0,"18":0},"b":{"0":[0],"1":[0],"2":[0],"3":[0],"4":[3],"5":[3,0],"6":[0],"7":[0],"8":[0],"9":[0],"10":[0],"11":[0],"12":[0,0],"13":[0],"14":[0],"15":[0],"16":[0,66],"17":[0,66],"18":[66,132],"19":[36],"20":[3],"21":[18],"22":[0,54],"23":[54,54,0],"24":[54,0],"25":[0,0],"26":[0,54],"27":[0,54]}}
,"/home/hamza/Documents/projetsApprentissage/p3-devops/frontend/src/pages/NotFoundPage.tsx": {"path":"/home/hamza/Documents/projetsApprentissage/p3-devops/frontend/src/pages/NotFoundPage.tsx","statementMap":{},"fnMap":{"0":{"name":"NotFoundPage","decl":{"start":{"line":1,"column":24},"end":{"line":1,"column":39}},"loc":{"start":{"line":1,"column":39},"end":{"line":7,"column":null}}}},"branchMap":{},"s":{},"f":{"0":0},"b":{}}
,"/home/hamza/Documents/projetsApprentissage/p3-devops/frontend/src/pages/Register.tsx": {"path":"/home/hamza/Documents/projetsApprentissage/p3-devops/frontend/src/pages/Register.tsx","statementMap":{"0":{"start":{"line":9,"column":28},"end":{"line":9,"column":null}},"1":{"start":{"line":10,"column":34},"end":{"line":10,"column":null}},"2":{"start":{"line":11,"column":58},"end":{"line":11,"column":null}},"3":{"start":{"line":12,"column":28},"end":{"line":12,"column":null}},"4":{"start":{"line":13,"column":42},"end":{"line":13,"column":null}},"5":{"start":{"line":14,"column":19},"end":{"line":14,"column":null}},"6":{"start":{"line":16,"column":8},"end":{"line":17,"column":null}},"7":{"start":{"line":17,"column":4},"end":{"line":17,"column":null}},"8":{"start":{"line":19,"column":23},"end":{"line":72,"column":null}},"9":{"start":{"line":20,"column":4},"end":{"line":20,"column":null}},"10":{"start":{"line":21,"column":4},"end":{"line":21,"column":null}},"11":{"start":{"line":23,"column":25},"end":{"line":23,"column":null}},"12":{"start":{"line":24,"column":28},"end":{"line":24,"column":null}},"13":{"start":{"line":26,"column":4},"end":{"line":29,"column":null}},"14":{"start":{"line":27,"column":6},"end":{"line":27,"column":null}},"15":{"start":{"line":28,"column":6},"end":{"line":28,"column":null}},"16":{"start":{"line":31,"column":4},"end":{"line":34,"column":null}},"17":{"start":{"line":32,"column":6},"end":{"line":32,"column":null}},"18":{"start":{"line":33,"column":6},"end":{"line":33,"column":null}},"19":{"start":{"line":36,"column":4},"end":{"line":39,"column":null}},"20":{"start":{"line":37,"column":6},"end":{"line":37,"column":null}},"21":{"start":{"line":38,"column":6},"end":{"line":38,"column":null}},"22":{"start":{"line":41,"column":4},"end":{"line":41,"column":null}},"23":{"start":{"line":43,"column":4},"end":{"line":71,"column":null}},"24":{"start":{"line":44,"column":23},"end":{"line":53,"column":null}},"25":{"start":{"line":55,"column":6},"end":{"line":59,"column":null}},"26":{"start":{"line":56,"column":8},"end":{"line":58,"column":null}},"27":{"start":{"line":61,"column":6},"end":{"line":61,"column":null}},"28":{"start":{"line":61,"column":40},"end":{"line":61,"column":44}},"29":{"start":{"line":62,"column":6},"end":{"line":62,"column":null}},"30":{"start":{"line":64,"column":6},"end":{"line":68,"column":null}},"31":{"start":{"line":70,"column":6},"end":{"line":70,"column":null}},"32":{"start":{"line":95,"column":37},"end":{"line":95,"column":null}},"33":{"start":{"line":112,"column":37},"end":{"line":112,"column":null}},"34":{"start":{"line":133,"column":18},"end":{"line":133,"column":null}}},"fnMap":{"0":{"name":"Register","decl":{"start":{"line":8,"column":24},"end":{"line":8,"column":35}},"loc":{"start":{"line":8,"column":35},"end":{"line":163,"column":null}}},"1":{"name":"(anonymous_1)","decl":{"start":{"line":16,"column":8},"end":{"line":16,"column":24}},"loc":{"start":{"line":17,"column":4},"end":{"line":17,"column":null}}},"2":{"name":"(anonymous_2)","decl":{"start":{"line":19,"column":23},"end":{"line":19,"column":30}},"loc":{"start":{"line":19,"column":68},"end":{"line":72,"column":null}}},"3":{"name":"(anonymous_3)","decl":{"start":{"line":61,"column":28},"end":{"line":61,"column":40}},"loc":{"start":{"line":61,"column":40},"end":{"line":61,"column":44}}},"4":{"name":"(anonymous_4)","decl":{"start":{"line":95,"column":16},"end":{"line":95,"column":27}},"loc":{"start":{"line":95,"column":37},"end":{"line":95,"column":null}}},"5":{"name":"(anonymous_5)","decl":{"start":{"line":112,"column":16},"end":{"line":112,"column":27}},"loc":{"start":{"line":112,"column":37},"end":{"line":112,"column":null}}},"6":{"name":"(anonymous_6)","decl":{"start":{"line":132,"column":16},"end":{"line":132,"column":27}},"loc":{"start":{"line":133,"column":18},"end":{"line":133,"column":null}}}},"branchMap":{"0":{"loc":{"start":{"line":26,"column":4},"end":{"line":29,"column":null}},"type":"if","locations":[{"start":{"line":26,"column":4},"end":{"line":29,"column":null}}]},"1":{"loc":{"start":{"line":26,"column":8},"end":{"line":26,"column":54}},"type":"binary-expr","locations":[{"start":{"line":26,"column":8},"end":{"line":26,"column":25}},{"start":{"line":26,"column":25},"end":{"line":26,"column":54}}]},"2":{"loc":{"start":{"line":31,"column":4},"end":{"line":34,"column":null}},"type":"if","locations":[{"start":{"line":31,"column":4},"end":{"line":34,"column":null}}]},"3":{"loc":{"start":{"line":36,"column":4},"end":{"line":39,"column":null}},"type":"if","locations":[{"start":{"line":36,"column":4},"end":{"line":39,"column":null}}]},"4":{"loc":{"start":{"line":55,"column":6},"end":{"line":59,"column":null}},"type":"if","locations":[{"start":{"line":55,"column":6},"end":{"line":59,"column":null}}]},"5":{"loc":{"start":{"line":65,"column":8},"end":{"line":67,"column":null}},"type":"cond-expr","locations":[{"start":{"line":66,"column":12},"end":{"line":66,"column":null}},{"start":{"line":67,"column":12},"end":{"line":67,"column":null}}]},"6":{"loc":{"start":{"line":140,"column":13},"end":{"line":140,"column":22}},"type":"binary-expr","locations":[{"start":{"line":140,"column":13},"end":{"line":140,"column":22}}]},"7":{"loc":{"start":{"line":155,"column":17},"end":{"line":155,"column":null}},"type":"cond-expr","locations":[{"start":{"line":155,"column":32},"end":{"line":155,"column":48}},{"start":{"line":155,"column":48},"end":{"line":155,"column":null}}]}},"s":{"0":823,"1":823,"2":823,"3":823,"4":823,"5":823,"6":823,"7":14,"8":823,"9":14,"10":14,"11":14,"12":14,"13":14,"14":0,"15":0,"16":14,"17":0,"18":0,"19":14,"20":0,"21":0,"22":14,"23":14,"24":14,"25":13,"26":0,"27":13,"28":0,"29":13,"30":1,"31":14,"32":445,"33":168,"34":168},"f":{"0":823,"1":14,"2":14,"3":0,"4":445,"5":168,"6":168},"b":{"0":[0],"1":[14,14],"2":[0],"3":[0],"4":[0],"5":[1,0],"6":[823],"7":[14,809]}}
,"/home/hamza/Documents/projetsApprentissage/p3-devops/frontend/src/pages/Upload.tsx": {"path":"/home/hamza/Documents/projetsApprentissage/p3-devops/frontend/src/pages/Upload.tsx","statementMap":{"0":{"start":{"line":15,"column":22},"end":{"line":15,"column":null}},"1":{"start":{"line":16,"column":27},"end":{"line":16,"column":null}},"2":{"start":{"line":18,"column":2},"end":{"line":18,"column":null}},"3":{"start":{"line":56,"column":2},"end":{"line":58,"column":null}},"4":{"start":{"line":57,"column":4},"end":{"line":57,"column":null}},"5":{"start":{"line":60,"column":2},"end":{"line":62,"column":null}},"6":{"start":{"line":61,"column":4},"end":{"line":61,"column":null}},"7":{"start":{"line":64,"column":2},"end":{"line":64,"column":null}},"8":{"start":{"line":68,"column":34},"end":{"line":68,"column":null}},"9":{"start":{"line":69,"column":34},"end":{"line":69,"column":null}},"10":{"start":{"line":70,"column":44},"end":{"line":70,"column":null}},"11":{"start":{"line":71,"column":26},"end":{"line":71,"column":null}},"12":{"start":{"line":72,"column":36},"end":{"line":72,"column":null}},"13":{"start":{"line":73,"column":40},"end":{"line":73,"column":null}},"14":{"start":{"line":74,"column":42},"end":{"line":74,"column":null}},"15":{"start":{"line":75,"column":40},"end":{"line":75,"column":null}},"16":{"start":{"line":76,"column":34},"end":{"line":76,"column":null}},"17":{"start":{"line":78,"column":23},"end":{"line":78,"column":null}},"18":{"start":{"line":80,"column":24},"end":{"line":80,"column":null}},"19":{"start":{"line":82,"column":22},"end":{"line":84,"column":null}},"20":{"start":{"line":86,"column":24},"end":{"line":88,"column":null}},"21":{"start":{"line":90,"column":22},"end":{"line":92,"column":null}},"22":{"start":{"line":94,"column":8},"end":{"line":96,"column":null}},"23":{"start":{"line":95,"column":4},"end":{"line":95,"column":null}},"24":{"start":{"line":99,"column":8},"end":{"line":114,"column":null}},"25":{"start":{"line":100,"column":16},"end":{"line":100,"column":null}},"26":{"start":{"line":101,"column":4},"end":{"line":106,"column":null}},"27":{"start":{"line":102,"column":6},"end":{"line":105,"column":null}},"28":{"start":{"line":107,"column":4},"end":{"line":112,"column":null}},"29":{"start":{"line":108,"column":6},"end":{"line":111,"column":null}},"30":{"start":{"line":113,"column":4},"end":{"line":113,"column":null}},"31":{"start":{"line":116,"column":8},"end":{"line":130,"column":null}},"32":{"start":{"line":117,"column":18},"end":{"line":117,"column":null}},"33":{"start":{"line":118,"column":25},"end":{"line":118,"column":null}},"34":{"start":{"line":119,"column":4},"end":{"line":119,"column":null}},"35":{"start":{"line":119,"column":23},"end":{"line":119,"column":null}},"36":{"start":{"line":120,"column":16},"end":{"line":120,"column":null}},"37":{"start":{"line":121,"column":4},"end":{"line":126,"column":null}},"38":{"start":{"line":122,"column":6},"end":{"line":122,"column":null}},"39":{"start":{"line":123,"column":6},"end":{"line":123,"column":null}},"40":{"start":{"line":124,"column":6},"end":{"line":124,"column":null}},"41":{"start":{"line":125,"column":6},"end":{"line":125,"column":null}},"42":{"start":{"line":127,"column":4},"end":{"line":127,"column":null}},"43":{"start":{"line":128,"column":4},"end":{"line":128,"column":null}},"44":{"start":{"line":129,"column":4},"end":{"line":129,"column":null}},"45":{"start":{"line":132,"column":25},"end":{"line":132,"column":null}},"46":{"start":{"line":134,"column":25},"end":{"line":139,"column":null}},"47":{"start":{"line":135,"column":4},"end":{"line":135,"column":null}},"48":{"start":{"line":135,"column":22},"end":{"line":135,"column":null}},"49":{"start":{"line":137,"column":4},"end":{"line":137,"column":null}},"50":{"start":{"line":138,"column":4},"end":{"line":138,"column":null}},"51":{"start":{"line":142,"column":23},"end":{"line":195,"column":null}},"52":{"start":{"line":143,"column":4},"end":{"line":143,"column":null}},"53":{"start":{"line":145,"column":4},"end":{"line":148,"column":null}},"54":{"start":{"line":146,"column":6},"end":{"line":146,"column":null}},"55":{"start":{"line":147,"column":6},"end":{"line":147,"column":null}},"56":{"start":{"line":150,"column":4},"end":{"line":153,"column":null}},"57":{"start":{"line":151,"column":6},"end":{"line":151,"column":null}},"58":{"start":{"line":152,"column":6},"end":{"line":152,"column":null}},"59":{"start":{"line":155,"column":21},"end":{"line":155,"column":null}},"60":{"start":{"line":156,"column":4},"end":{"line":156,"column":null}},"61":{"start":{"line":157,"column":4},"end":{"line":157,"column":null}},"62":{"start":{"line":159,"column":4},"end":{"line":161,"column":null}},"63":{"start":{"line":160,"column":6},"end":{"line":160,"column":null}},"64":{"start":{"line":163,"column":4},"end":{"line":163,"column":null}},"65":{"start":{"line":164,"column":4},"end":{"line":164,"column":null}},"66":{"start":{"line":166,"column":4},"end":{"line":194,"column":null}},"67":{"start":{"line":167,"column":20},"end":{"line":167,"column":null}},"68":{"start":{"line":168,"column":23},"end":{"line":168,"column":null}},"69":{"start":{"line":169,"column":23},"end":{"line":177,"column":null}},"70":{"start":{"line":179,"column":6},"end":{"line":183,"column":null}},"71":{"start":{"line":180,"column":8},"end":{"line":182,"column":null}},"72":{"start":{"line":185,"column":23},"end":{"line":185,"column":null}},"73":{"start":{"line":186,"column":6},"end":{"line":186,"column":null}},"74":{"start":{"line":187,"column":6},"end":{"line":187,"column":null}},"75":{"start":{"line":189,"column":6},"end":{"line":191,"column":null}},"76":{"start":{"line":193,"column":6},"end":{"line":193,"column":null}},"77":{"start":{"line":197,"column":8},"end":{"line":209,"column":null}},"78":{"start":{"line":198,"column":4},"end":{"line":198,"column":null}},"79":{"start":{"line":199,"column":4},"end":{"line":199,"column":null}},"80":{"start":{"line":200,"column":4},"end":{"line":200,"column":null}},"81":{"start":{"line":201,"column":4},"end":{"line":201,"column":null}},"82":{"start":{"line":202,"column":4},"end":{"line":202,"column":null}},"83":{"start":{"line":203,"column":4},"end":{"line":203,"column":null}},"84":{"start":{"line":204,"column":4},"end":{"line":204,"column":null}},"85":{"start":{"line":205,"column":4},"end":{"line":205,"column":null}},"86":{"start":{"line":206,"column":4},"end":{"line":208,"column":null}},"87":{"start":{"line":207,"column":6},"end":{"line":207,"column":null}},"88":{"start":{"line":305,"column":30},"end":{"line":305,"column":null}},"89":{"start":{"line":306,"column":20},"end":{"line":306,"column":null}},"90":{"start":{"line":307,"column":20},"end":{"line":311,"column":null}},"91":{"start":{"line":312,"column":20},"end":{"line":312,"column":null}},"92":{"start":{"line":328,"column":39},"end":{"line":328,"column":null}},"93":{"start":{"line":211,"column":2},"end":{"line":428,"column":null}}},"fnMap":{"0":{"name":"CopyIcon","decl":{"start":{"line":27,"column":9},"end":{"line":27,"column":20}},"loc":{"start":{"line":27,"column":20},"end":{"line":53,"column":null}}},"1":{"name":"getDurationLabel","decl":{"start":{"line":55,"column":9},"end":{"line":55,"column":26}},"loc":{"start":{"line":55,"column":44},"end":{"line":65,"column":null}}},"2":{"name":"Upload","decl":{"start":{"line":67,"column":24},"end":{"line":67,"column":33}},"loc":{"start":{"line":67,"column":33},"end":{"line":428,"column":null}}},"3":{"name":"(anonymous_3)","decl":{"start":{"line":94,"column":8},"end":{"line":94,"column":33}},"loc":{"start":{"line":94,"column":33},"end":{"line":96,"column":null}}},"4":{"name":"(anonymous_4)","decl":{"start":{"line":99,"column":8},"end":{"line":99,"column":21}},"loc":{"start":{"line":99,"column":74},"end":{"line":114,"column":null}}},"5":{"name":"(anonymous_5)","decl":{"start":{"line":116,"column":8},"end":{"line":116,"column":28}},"loc":{"start":{"line":116,"column":69},"end":{"line":130,"column":null}}},"6":{"name":"(anonymous_6)","decl":{"start":{"line":134,"column":25},"end":{"line":134,"column":37}},"loc":{"start":{"line":134,"column":37},"end":{"line":139,"column":null}}},"7":{"name":"(anonymous_7)","decl":{"start":{"line":142,"column":23},"end":{"line":142,"column":30}},"loc":{"start":{"line":142,"column":68},"end":{"line":195,"column":null}}},"8":{"name":"(anonymous_8)","decl":{"start":{"line":197,"column":8},"end":{"line":197,"column":26}},"loc":{"start":{"line":197,"column":26},"end":{"line":209,"column":null}}},"9":{"name":"(anonymous_9)","decl":{"start":{"line":304,"column":18},"end":{"line":304,"column":29}},"loc":{"start":{"line":304,"column":39},"end":{"line":313,"column":null}}},"10":{"name":"(anonymous_10)","decl":{"start":{"line":328,"column":18},"end":{"line":328,"column":29}},"loc":{"start":{"line":328,"column":39},"end":{"line":328,"column":null}}}},"branchMap":{"0":{"loc":{"start":{"line":18,"column":2},"end":{"line":18,"column":null}},"type":"binary-expr","locations":[{"start":{"line":18,"column":2},"end":{"line":18,"column":43}},{"start":{"line":18,"column":43},"end":{"line":18,"column":null}}]},"1":{"loc":{"start":{"line":56,"column":2},"end":{"line":58,"column":null}},"type":"if","locations":[{"start":{"line":56,"column":2},"end":{"line":58,"column":null}}]},"2":{"loc":{"start":{"line":60,"column":2},"end":{"line":62,"column":null}},"type":"if","locations":[{"start":{"line":60,"column":2},"end":{"line":62,"column":null}}]},"3":{"loc":{"start":{"line":82,"column":22},"end":{"line":84,"column":null}},"type":"cond-expr","locations":[{"start":{"line":83,"column":6},"end":{"line":83,"column":null}},{"start":{"line":84,"column":6},"end":{"line":84,"column":null}}]},"4":{"loc":{"start":{"line":86,"column":24},"end":{"line":88,"column":null}},"type":"cond-expr","locations":[{"start":{"line":87,"column":6},"end":{"line":87,"column":null}},{"start":{"line":88,"column":6},"end":{"line":88,"column":null}}]},"5":{"loc":{"start":{"line":90,"column":22},"end":{"line":92,"column":null}},"type":"cond-expr","locations":[{"start":{"line":91,"column":6},"end":{"line":91,"column":null}},{"start":{"line":92,"column":6},"end":{"line":92,"column":null}}]},"6":{"loc":{"start":{"line":100,"column":16},"end":{"line":100,"column":null}},"type":"binary-expr","locations":[{"start":{"line":100,"column":16},"end":{"line":100,"column":58}},{"start":{"line":100,"column":58},"end":{"line":100,"column":null}}]},"7":{"loc":{"start":{"line":101,"column":4},"end":{"line":106,"column":null}},"type":"if","locations":[{"start":{"line":101,"column":4},"end":{"line":106,"column":null}}]},"8":{"loc":{"start":{"line":107,"column":4},"end":{"line":112,"column":null}},"type":"if","locations":[{"start":{"line":107,"column":4},"end":{"line":112,"column":null}}]},"9":{"loc":{"start":{"line":119,"column":4},"end":{"line":119,"column":null}},"type":"if","locations":[{"start":{"line":119,"column":4},"end":{"line":119,"column":null}}]},"10":{"loc":{"start":{"line":121,"column":4},"end":{"line":126,"column":null}},"type":"if","locations":[{"start":{"line":121,"column":4},"end":{"line":126,"column":null}}]},"11":{"loc":{"start":{"line":124,"column":19},"end":{"line":124,"column":36}},"type":"binary-expr","locations":[{"start":{"line":124,"column":19},"end":{"line":124,"column":34}},{"start":{"line":124,"column":34},"end":{"line":124,"column":36}}]},"12":{"loc":{"start":{"line":132,"column":25},"end":{"line":132,"column":null}},"type":"cond-expr","locations":[{"start":{"line":132,"column":32},"end":{"line":132,"column":60}},{"start":{"line":132,"column":60},"end":{"line":132,"column":null}}]},"13":{"loc":{"start":{"line":135,"column":4},"end":{"line":135,"column":null}},"type":"if","locations":[{"start":{"line":135,"column":4},"end":{"line":135,"column":null}}]},"14":{"loc":{"start":{"line":145,"column":4},"end":{"line":148,"column":null}},"type":"if","locations":[{"start":{"line":145,"column":4},"end":{"line":148,"column":null}}]},"15":{"loc":{"start":{"line":150,"column":4},"end":{"line":153,"column":null}},"type":"if","locations":[{"start":{"line":150,"column":4},"end":{"line":153,"column":null}}]},"16":{"loc":{"start":{"line":159,"column":4},"end":{"line":161,"column":null}},"type":"if","locations":[{"start":{"line":159,"column":4},"end":{"line":161,"column":null}}]},"17":{"loc":{"start":{"line":168,"column":23},"end":{"line":168,"column":null}},"type":"cond-expr","locations":[{"start":{"line":168,"column":31},"end":{"line":168,"column":47}},{"start":{"line":168,"column":47},"end":{"line":168,"column":null}}]},"18":{"loc":{"start":{"line":171,"column":17},"end":{"line":175,"column":null}},"type":"cond-expr","locations":[{"start":{"line":172,"column":12},"end":{"line":174,"column":null}},{"start":{"line":175,"column":12},"end":{"line":175,"column":null}}]},"19":{"loc":{"start":{"line":179,"column":6},"end":{"line":183,"column":null}},"type":"if","locations":[{"start":{"line":179,"column":6},"end":{"line":183,"column":null}}]},"20":{"loc":{"start":{"line":190,"column":8},"end":{"line":190,"column":null}},"type":"cond-expr","locations":[{"start":{"line":190,"column":33},"end":{"line":190,"column":49}},{"start":{"line":190,"column":49},"end":{"line":190,"column":null}}]},"21":{"loc":{"start":{"line":206,"column":4},"end":{"line":208,"column":null}},"type":"if","locations":[{"start":{"line":206,"column":4},"end":{"line":208,"column":null}}]},"22":{"loc":{"start":{"line":217,"column":11},"end":{"line":424,"column":null}},"type":"cond-expr","locations":[{"start":{"line":218,"column":12},"end":{"line":356,"column":13}},{"start":{"line":356,"column":12},"end":{"line":424,"column":null}}]},"23":{"loc":{"start":{"line":234,"column":18},"end":{"line":242,"column":null}},"type":"cond-expr","locations":[{"start":{"line":234,"column":18},"end":{"line":242,"column":null}}]},"24":{"loc":{"start":{"line":271,"column":59},"end":{"line":271,"column":null}},"type":"cond-expr","locations":[{"start":{"line":271,"column":76},"end":{"line":271,"column":91}},{"start":{"line":271,"column":91},"end":{"line":271,"column":null}}]},"25":{"loc":{"start":{"line":285,"column":21},"end":{"line":290,"column":null}},"type":"binary-expr","locations":[{"start":{"line":285,"column":21},"end":{"line":285,"column":null}},{"start":{"line":286,"column":22},"end":{"line":290,"column":null}}]},"26":{"loc":{"start":{"line":292,"column":17},"end":{"line":292,"column":30}},"type":"binary-expr","locations":[{"start":{"line":292,"column":17},"end":{"line":292,"column":30}}]},"27":{"loc":{"start":{"line":308,"column":22},"end":{"line":310,"column":null}},"type":"cond-expr","locations":[{"start":{"line":309,"column":26},"end":{"line":309,"column":null}},{"start":{"line":310,"column":26},"end":{"line":310,"column":null}}]},"28":{"loc":{"start":{"line":308,"column":22},"end":{"line":308,"column":null}},"type":"binary-expr","locations":[{"start":{"line":308,"column":22},"end":{"line":308,"column":27}},{"start":{"line":308,"column":27},"end":{"line":308,"column":43}},{"start":{"line":308,"column":43},"end":{"line":308,"column":null}}]},"29":{"loc":{"start":{"line":316,"column":17},"end":{"line":316,"column":null}},"type":"binary-expr","locations":[{"start":{"line":316,"column":17},"end":{"line":316,"column":null}}]},"30":{"loc":{"start":{"line":337,"column":15},"end":{"line":337,"column":null}},"type":"binary-expr","locations":[{"start":{"line":337,"column":15},"end":{"line":337,"column":null}}]},"31":{"loc":{"start":{"line":344,"column":26},"end":{"line":344,"column":null}},"type":"binary-expr","locations":[{"start":{"line":344,"column":26},"end":{"line":344,"column":35}},{"start":{"line":344,"column":35},"end":{"line":344,"column":53}},{"start":{"line":344,"column":53},"end":{"line":344,"column":null}}]},"32":{"loc":{"start":{"line":352,"column":17},"end":{"line":352,"column":null}},"type":"cond-expr","locations":[{"start":{"line":352,"column":31},"end":{"line":352,"column":52}},{"start":{"line":352,"column":52},"end":{"line":352,"column":null}}]},"33":{"loc":{"start":{"line":412,"column":17},"end":{"line":412,"column":null}},"type":"cond-expr","locations":[{"start":{"line":412,"column":28},"end":{"line":412,"column":43}},{"start":{"line":412,"column":43},"end":{"line":412,"column":null}}]}},"s":{"0":71,"1":71,"2":71,"3":52,"4":0,"5":52,"6":0,"7":52,"8":52,"9":52,"10":52,"11":52,"12":52,"13":52,"14":52,"15":52,"16":52,"17":52,"18":52,"19":52,"20":52,"21":52,"22":52,"23":0,"24":52,"25":13,"26":13,"27":0,"28":13,"29":0,"30":13,"31":52,"32":13,"33":13,"34":13,"35":0,"36":13,"37":13,"38":0,"39":0,"40":0,"41":0,"42":13,"43":13,"44":13,"45":52,"46":52,"47":0,"48":0,"49":0,"50":0,"51":52,"52":13,"53":13,"54":0,"55":0,"56":13,"57":0,"58":0,"59":13,"60":13,"61":13,"62":13,"63":0,"64":13,"65":13,"66":13,"67":13,"68":13,"69":13,"70":13,"71":4,"72":9,"73":9,"74":9,"75":4,"76":13,"77":52,"78":0,"79":0,"80":0,"81":0,"82":0,"83":0,"84":0,"85":0,"86":0,"87":0,"88":0,"89":0,"90":0,"91":0,"92":0,"93":40},"f":{"0":9,"1":52,"2":52,"3":0,"4":13,"5":13,"6":0,"7":13,"8":0,"9":0,"10":0},"b":{"0":[71,71],"1":[0],"2":[0],"3":[9,43],"4":[9,43],"5":[9,43],"6":[13,0],"7":[0],"8":[0],"9":[0],"10":[0],"11":[0,0],"12":[39,13],"13":[0],"14":[0],"15":[0],"16":[0],"17":[13,0],"18":[13,0],"19":[4],"20":[4,0],"21":[0],"22":[43,9],"23":[13],"24":[0,30],"25":[30,0],"26":[43],"27":[0,0],"28":[0,0,0],"29":[43],"30":[43],"31":[43,30,30],"32":[13,30],"33":[34,9]}}
,"/home/hamza/Documents/projetsApprentissage/p3-devops/frontend/src/pages/pageHelpers.ts": {"path":"/home/hamza/Documents/projetsApprentissage/p3-devops/frontend/src/pages/pageHelpers.ts","statementMap":{"0":{"start":{"line":2,"column":2},"end":{"line":2,"column":null}},"1":{"start":{"line":13,"column":19},"end":{"line":15,"column":null}},"2":{"start":{"line":15,"column":17},"end":{"line":15,"column":21}},"3":{"start":{"line":17,"column":18},"end":{"line":19,"column":null}},"4":{"start":{"line":21,"column":2},"end":{"line":21,"column":null}},"5":{"start":{"line":26,"column":2},"end":{"line":28,"column":null}},"6":{"start":{"line":27,"column":4},"end":{"line":27,"column":null}},"7":{"start":{"line":30,"column":15},"end":{"line":30,"column":null}},"8":{"start":{"line":31,"column":17},"end":{"line":31,"column":null}},"9":{"start":{"line":32,"column":16},"end":{"line":32,"column":null}},"10":{"start":{"line":34,"column":2},"end":{"line":37,"column":null}},"11":{"start":{"line":41,"column":28},"end":{"line":41,"column":null}},"12":{"start":{"line":42,"column":21},"end":{"line":42,"column":null}},"13":{"start":{"line":44,"column":2},"end":{"line":44,"column":null}},"14":{"start":{"line":48,"column":2},"end":{"line":48,"column":null}},"15":{"start":{"line":52,"column":2},"end":{"line":52,"column":null}},"16":{"start":{"line":57,"column":20},"end":{"line":57,"column":null}},"17":{"start":{"line":58,"column":17},"end":{"line":58,"column":null}},"18":{"start":{"line":60,"column":2},"end":{"line":60,"column":null}},"19":{"start":{"line":61,"column":2},"end":{"line":61,"column":null}},"20":{"start":{"line":62,"column":2},"end":{"line":62,"column":null}},"21":{"start":{"line":63,"column":2},"end":{"line":63,"column":null}},"22":{"start":{"line":64,"column":2},"end":{"line":64,"column":null}},"23":{"start":{"line":65,"column":2},"end":{"line":65,"column":null}}},"fnMap":{"0":{"name":"readApiError","decl":{"start":{"line":9,"column":22},"end":{"line":9,"column":null}},"loc":{"start":{"line":12,"column":2},"end":{"line":22,"column":null}}},"1":{"name":"(anonymous_1)","decl":{"start":{"line":15,"column":5},"end":{"line":15,"column":17}},"loc":{"start":{"line":15,"column":17},"end":{"line":15,"column":21}}},"2":{"name":"formatFileSize","decl":{"start":{"line":25,"column":16},"end":{"line":25,"column":31}},"loc":{"start":{"line":25,"column":46},"end":{"line":38,"column":null}}},"3":{"name":"getDaysLeft","decl":{"start":{"line":40,"column":16},"end":{"line":40,"column":28}},"loc":{"start":{"line":40,"column":76},"end":{"line":45,"column":null}}},"4":{"name":"getDownloadUrl","decl":{"start":{"line":47,"column":16},"end":{"line":47,"column":31}},"loc":{"start":{"line":47,"column":53},"end":{"line":49,"column":null}}},"5":{"name":"getDownloadToken","decl":{"start":{"line":51,"column":16},"end":{"line":51,"column":33}},"loc":{"start":{"line":51,"column":55},"end":{"line":53,"column":null}}},"6":{"name":"triggerBrowserDownload","decl":{"start":{"line":56,"column":16},"end":{"line":56,"column":39}},"loc":{"start":{"line":56,"column":69},"end":{"line":66,"column":null}}}},"branchMap":{"0":{"loc":{"start":{"line":2,"column":2},"end":{"line":2,"column":null}},"type":"binary-expr","locations":[{"start":{"line":2,"column":2},"end":{"line":2,"column":34}},{"start":{"line":2,"column":34},"end":{"line":2,"column":null}}]},"1":{"loc":{"start":{"line":17,"column":18},"end":{"line":19,"column":null}},"type":"cond-expr","locations":[{"start":{"line":18,"column":6},"end":{"line":18,"column":null}},{"start":{"line":19,"column":6},"end":{"line":19,"column":null}}]},"2":{"loc":{"start":{"line":21,"column":9},"end":{"line":21,"column":null}},"type":"binary-expr","locations":[{"start":{"line":21,"column":9},"end":{"line":21,"column":20}},{"start":{"line":21,"column":20},"end":{"line":21,"column":null}}]},"3":{"loc":{"start":{"line":26,"column":2},"end":{"line":28,"column":null}},"type":"if","locations":[{"start":{"line":26,"column":2},"end":{"line":28,"column":null}}]},"4":{"loc":{"start":{"line":40,"column":48},"end":{"line":40,"column":76}},"type":"default-arg","locations":[{"start":{"line":40,"column":64},"end":{"line":40,"column":76}}]},"5":{"loc":{"start":{"line":52,"column":9},"end":{"line":52,"column":null}},"type":"binary-expr","locations":[{"start":{"line":52,"column":9},"end":{"line":52,"column":58}},{"start":{"line":52,"column":58},"end":{"line":52,"column":null}}]}},"s":{"0":71,"1":7,"2":0,"3":7,"4":7,"5":47,"6":0,"7":47,"8":47,"9":47,"10":47,"11":62,"12":62,"13":62,"14":9,"15":9,"16":5,"17":5,"18":5,"19":5,"20":5,"21":5,"22":5,"23":5},"f":{"0":7,"1":0,"2":47,"3":62,"4":9,"5":9,"6":5},"b":{"0":[71,71],"1":[0,7],"2":[7,0],"3":[0],"4":[54],"5":[9,0]}}
}
