TN:
SF:src/App.tsx
FN:5,App
FNF:1
FNH:1
FNDA:89,App
LF:0
LH:0
BRF:0
BRH:0
end_of_record
TN:
SF:src/ProtectedRoute.tsx
FN:7,ProtectedRoute
FNF:1
FNH:1
FNDA:41,ProtectedRoute
LF:0
LH:0
BRDA:12,0,0,41
BRF:1
BRH:1
end_of_record
TN:
SF:src/auth.ts
FN:3,getAccessToken
FN:7,setAccessToken
FN:11,clearAccessToken
FN:15,isAuthenticated
FNF:4
FNH:3
FNDA:231,getAccessToken
FNDA:42,setAccessToken
FNDA:0,clearAccessToken
FNDA:134,isAuthenticated
DA:1,89
DA:4,231
DA:8,42
DA:12,0
DA:16,134
LF:5
LH:4
BRF:0
BRH:0
end_of_record
TN:
SF:src/main.tsx
FNF:0
FNH:0
DA:6,89
LF:1
LH:1
BRF:0
BRH:0
end_of_record
TN:
SF:src/router.tsx
FN:13,ProtectedRoute
FNF:1
FNH:1
FNDA:4,ProtectedRoute
DA:11,79
DA:17,10
LF:2
LH:2
BRDA:14,0,0,4
BRF:1
BRH:1
end_of_record
TN:
SF:src/pages/Download.tsx
FN:22,DownloadIcon
FN:55,Download
FN:66,(anonymous_2)
FN:74,(anonymous_3)
FN:90,(anonymous_4)
FN:91,(anonymous_5)
FN:125,(anonymous_6)
FN:250,(anonymous_7)
FNF:8
FNH:7
FNDA:27,DownloadIcon
FNDA:38,Download
FNDA:22,(anonymous_2)
FNDA:22,(anonymous_3)
FNDA:11,(anonymous_4)
FNDA:11,(anonymous_5)
FNDA:8,(anonymous_6)
FNDA:0,(anonymous_7)
DA:56,38
DA:57,38
DA:58,38
DA:59,38
DA:60,38
DA:61,38
DA:62,38
DA:63,38
DA:64,38
DA:66,38
DA:67,22
DA:68,11
DA:71,11
DA:74,38
DA:75,22
DA:77,11
DA:78,0
DA:81,11
DA:83,11
DA:85,11
DA:90,38
DA:91,11
DA:92,11
DA:93,0
DA:94,0
DA:95,0
DA:98,11
DA:99,11
DA:101,11
DA:102,0
DA:107,11
DA:108,11
DA:109,11
DA:111,0
DA:117,11
DA:121,11
DA:125,38
DA:126,8
DA:128,8
DA:129,0
DA:130,0
DA:133,8
DA:134,0
DA:135,0
DA:138,8
DA:139,0
DA:140,0
DA:143,8
DA:144,8
DA:145,8
DA:147,8
DA:148,8
DA:156,8
DA:157,0
DA:160,8
DA:161,0
DA:166,8
DA:167,8
DA:170,0
DA:174,0
DA:175,0
DA:177,0
DA:180,8
DA:251,0
DA:252,0
DA:253,0
LF:66
LH:45
BRDA:56,0,0,0
BRDA:59,1,0,38
BRDA:59,1,1,38
BRDA:67,2,0,11
BRDA:75,3,0,11
BRDA:77,4,0,0
BRDA:81,5,0,0
BRDA:85,6,0,0
BRDA:85,6,1,11
BRDA:92,7,0,0
BRDA:101,8,0,0
BRDA:112,9,0,0
BRDA:112,9,1,0
BRDA:128,10,0,0
BRDA:133,11,0,0
BRDA:133,12,0,8
BRDA:133,12,1,0
BRDA:138,13,0,0
BRDA:138,14,0,8
BRDA:138,14,1,0
BRDA:153,15,0,8
BRDA:153,15,1,8
BRDA:156,16,0,0
BRDA:160,17,0,0
BRDA:167,18,0,8
BRDA:167,18,1,0
BRDA:170,19,0,0
BRDA:170,19,1,0
BRDA:174,20,0,0
BRDA:174,20,1,0
BRDA:190,21,0,11
BRDA:190,21,1,27
BRDA:192,22,0,0
BRDA:192,22,1,27
BRDA:194,23,0,27
BRDA:194,23,1,0
BRDA:234,24,0,0
BRDA:234,24,1,27
BRDA:240,25,0,27
BRDA:257,26,0,0
BRDA:263,27,0,27
BRDA:269,28,0,27
BRDA:269,28,1,19
BRDA:269,28,2,19
BRDA:269,28,3,0
BRDA:276,29,0,0
BRDA:276,29,1,27
BRDA:278,30,0,8
BRDA:278,30,1,19
BRF:49
BRH:23
end_of_record
TN:
SF:src/pages/Footer.tsx
FN:3,Footer
FNF:1
FNH:1
FNDA:89,Footer
LF:0
LH:0
BRF:0
BRH:0
end_of_record
TN:
SF:src/pages/Header.tsx
FN:5,Header
FNF:1
FNH:1
FNDA:89,Header
DA:6,89
LF:1
LH:1
BRDA:16,0,0,22
BRDA:16,0,1,67
BRDA:19,1,0,22
BRDA:19,1,1,67
BRF:4
BRH:4
end_of_record
TN:
SF:src/pages/LandingPage.tsx
FN:5,LandingPage
FNF:1
FNH:0
FNDA:0,LandingPage
LF:0
LH:0
BRF:0
BRH:0
end_of_record
TN:
SF:src/pages/Login.tsx
FN:13,Login
FN:21,(anonymous_1)
FN:80,(anonymous_2)
FN:96,(anonymous_3)
FNF:4
FNH:4
FNDA:1711,Login
FNDA:42,(anonymous_1)
FNDA:1065,(anonymous_2)
FNDA:504,(anonymous_3)
DA:14,1711
DA:15,1711
DA:16,1711
DA:17,1711
DA:18,1711
DA:21,1711
DA:22,42
DA:23,42
DA:24,42
DA:26,42
DA:27,42
DA:29,42
DA:30,0
DA:33,42
DA:41,42
DA:42,0
DA:45,42
DA:46,42
DA:47,42
DA:49,0
DA:55,42
DA:80,1065
DA:96,504
LF:23
LH:20
BRDA:29,0,0,0
BRDA:41,1,0,0
BRDA:50,2,0,0
BRDA:50,2,1,0
BRDA:102,3,0,1711
BRDA:117,4,0,42
BRDA:117,4,1,1669
BRF:7
BRH:3
end_of_record
TN:
SF:src/pages/MySpace.tsx
FN:27,getStatusLabel
FN:41,MySpace
FN:55,(anonymous_2)
FN:58,(anonymous_3)
FN:101,(anonymous_4)
FN:103,(anonymous_5)
FN:149,(anonymous_6)
FN:149,(anonymous_7)
FN:161,(anonymous_8)
FN:176,(anonymous_9)
FN:202,(anonymous_10)
FN:223,(anonymous_11)
FN:256,(anonymous_12)
FN:261,(anonymous_13)
FN:277,(anonymous_14)
FN:356,(anonymous_15)
FN:357,(anonymous_16)
FN:373,(anonymous_17)
FN:387,(anonymous_18)
FNF:19
FNH:6
FNDA:63,getStatusLabel
FNDA:81,MySpace
FNDA:45,(anonymous_2)
FNDA:45,(anonymous_3)
FNDA:0,(anonymous_4)
FNDA:0,(anonymous_5)
FNDA:0,(anonymous_6)
FNDA:0,(anonymous_7)
FNDA:0,(anonymous_8)
FNDA:0,(anonymous_9)
FNDA:0,(anonymous_10)
FNDA:0,(anonymous_11)
FNDA:243,(anonymous_12)
FNDA:0,(anonymous_13)
FNDA:63,(anonymous_14)
FNDA:0,(anonymous_15)
FNDA:0,(anonymous_16)
FNDA:0,(anonymous_17)
FNDA:0,(anonymous_18)
DA:21,89
DA:28,63
DA:29,0
DA:32,63
DA:34,63
DA:35,0
DA:38,63
DA:42,81
DA:43,81
DA:44,81
DA:45,81
DA:46,81
DA:47,81
DA:48,81
DA:51,81
DA:53,81
DA:55,81
DA:56,45
DA:58,45
DA:59,45
DA:60,45
DA:62,45
DA:63,45
DA:72,39
DA:74,0
DA:75,0
DA:76,0
DA:79,39
DA:80,3
DA:85,36
DA:86,36
DA:88,3
DA:94,39
DA:98,45
DA:101,81
DA:102,0
DA:103,0
DA:106,0
DA:107,0
DA:111,0
DA:112,0
DA:115,0
DA:116,0
DA:117,0
DA:120,0
DA:123,0
DA:124,0
DA:126,0
DA:127,0
DA:136,0
DA:138,0
DA:139,0
DA:140,0
DA:143,0
DA:144,0
DA:149,0
DA:151,0
DA:157,0
DA:161,81
DA:162,0
DA:163,0
DA:166,0
DA:167,0
DA:168,0
DA:173,0
DA:176,81
DA:177,0
DA:178,0
DA:181,81
DA:202,0
DA:223,0
DA:257,243
DA:261,0
DA:278,63
DA:357,0
DA:358,0
DA:374,0
DA:375,0
DA:388,0
DA:389,0
LF:80
LH:35
BRDA:28,0,0,0
BRDA:34,1,0,0
BRDA:56,2,0,0
BRDA:72,3,0,0
BRDA:79,4,0,3
BRDA:89,5,0,3
BRDA:89,5,1,0
BRDA:102,6,0,0
BRDA:106,7,0,0
BRDA:111,8,0,0
BRDA:115,9,0,0
BRDA:136,10,0,0
BRDA:143,11,0,0
BRDA:152,12,0,0
BRDA:152,12,1,0
BRDA:162,13,0,0
BRDA:166,14,0,0
BRDA:181,15,0,0
BRDA:197,16,0,0
BRDA:197,16,1,81
BRDA:217,17,0,0
BRDA:217,17,1,81
BRDA:260,18,0,81
BRDA:260,18,1,162
BRDA:270,19,0,45
BRDA:272,20,0,3
BRDA:274,21,0,21
BRDA:312,22,0,0
BRDA:312,22,1,63
BRDA:320,23,0,63
BRDA:320,23,1,63
BRDA:320,23,2,0
BRDA:350,24,0,63
BRDA:350,24,1,0
BRDA:358,25,0,0
BRDA:358,25,1,0
BRDA:367,26,0,0
BRDA:367,26,1,63
BRDA:379,27,0,0
BRDA:379,27,1,63
BRF:40
BRH:15
end_of_record
TN:
SF:src/pages/NotFoundPage.tsx
FN:1,NotFoundPage
FNF:1
FNH:0
FNDA:0,NotFoundPage
LF:0
LH:0
BRF:0
BRH:0
end_of_record
TN:
SF:src/pages/Register.tsx
FN:8,Register
FN:16,(anonymous_1)
FN:19,(anonymous_2)
FN:61,(anonymous_3)
FN:95,(anonymous_4)
FN:112,(anonymous_5)
FN:132,(anonymous_6)
FNF:7
FNH:6
FNDA:1009,Register
FNDA:17,(anonymous_1)
FNDA:17,(anonymous_2)
FNDA:0,(anonymous_3)
FNDA:550,(anonymous_4)
FNDA:204,(anonymous_5)
FNDA:204,(anonymous_6)
DA:9,1009
DA:10,1009
DA:11,1009
DA:12,1009
DA:13,1009
DA:14,1009
DA:16,1009
DA:17,17
DA:19,1009
DA:20,17
DA:21,17
DA:23,17
DA:24,17
DA:26,17
DA:27,0
DA:28,0
DA:31,17
DA:32,0
DA:33,0
DA:36,17
DA:37,0
DA:38,0
DA:41,17
DA:43,17
DA:44,17
DA:55,16
DA:56,0
DA:61,16
DA:62,16
DA:64,1
DA:70,17
DA:95,550
DA:112,204
DA:133,204
LF:34
LH:27
BRDA:26,0,0,0
BRDA:26,1,0,17
BRDA:26,1,1,17
BRDA:31,2,0,0
BRDA:36,3,0,0
BRDA:55,4,0,0
BRDA:65,5,0,1
BRDA:65,5,1,0
BRDA:140,6,0,1009
BRDA:155,7,0,17
BRDA:155,7,1,992
BRF:11
BRH:6
end_of_record
TN:
SF:src/pages/Upload.tsx
FN:27,CopyIcon
FN:55,getDurationLabel
FN:67,Upload
FN:94,(anonymous_3)
FN:99,(anonymous_4)
FN:116,(anonymous_5)
FN:134,(anonymous_6)
FN:142,(anonymous_7)
FN:197,(anonymous_8)
FN:304,(anonymous_9)
FN:328,(anonymous_10)
FNF:11
FNH:6
FNDA:12,CopyIcon
FNDA:64,getDurationLabel
FNDA:64,Upload
FNDA:0,(anonymous_3)
FNDA:16,(anonymous_4)
FNDA:16,(anonymous_5)
FNDA:0,(anonymous_6)
FNDA:16,(anonymous_7)
FNDA:0,(anonymous_8)
FNDA:0,(anonymous_9)
FNDA:0,(anonymous_10)
DA:15,89
DA:16,89
DA:18,89
DA:56,64
DA:57,0
DA:60,64
DA:61,0
DA:64,64
DA:68,64
DA:69,64
DA:70,64
DA:71,64
DA:72,64
DA:73,64
DA:74,64
DA:75,64
DA:76,64
DA:78,64
DA:80,64
DA:82,64
DA:86,64
DA:90,64
DA:94,64
DA:95,0
DA:99,64
DA:100,16
DA:101,16
DA:102,0
DA:107,16
DA:108,0
DA:113,16
DA:116,64
DA:117,16
DA:118,16
DA:119,16
DA:120,16
DA:121,16
DA:122,0
DA:123,0
DA:124,0
DA:125,0
DA:127,16
DA:128,16
DA:129,16
DA:132,64
DA:134,64
DA:135,0
DA:137,0
DA:138,0
DA:142,64
DA:143,16
DA:145,16
DA:146,0
DA:147,0
DA:150,16
DA:151,0
DA:152,0
DA:155,16
DA:156,16
DA:157,16
DA:159,16
DA:160,0
DA:163,16
DA:164,16
DA:166,16
DA:167,16
DA:168,16
DA:169,16
DA:179,16
DA:180,4
DA:185,12
DA:186,12
DA:187,12
DA:189,4
DA:193,16
DA:197,64
DA:198,0
DA:199,0
DA:200,0
DA:201,0
DA:202,0
DA:203,0
DA:204,0
DA:205,0
DA:206,0
DA:207,0
DA:211,52
DA:305,0
DA:306,0
DA:307,0
DA:312,0
DA:328,0
LF:92
LH:60
BRDA:18,0,0,89
BRDA:18,0,1,89
BRDA:56,1,0,0
BRDA:60,2,0,0
BRDA:82,3,0,12
BRDA:82,3,1,52
BRDA:86,4,0,12
BRDA:86,4,1,52
BRDA:90,5,0,12
BRDA:90,5,1,52
BRDA:100,6,0,16
BRDA:100,6,1,0
BRDA:101,7,0,0
BRDA:107,8,0,0
BRDA:119,9,0,0
BRDA:121,10,0,0
BRDA:124,11,0,0
BRDA:124,11,1,0
BRDA:132,12,0,48
BRDA:132,12,1,16
BRDA:135,13,0,0
BRDA:145,14,0,0
BRDA:150,15,0,0
BRDA:159,16,0,0
BRDA:168,17,0,16
BRDA:168,17,1,0
BRDA:171,18,0,16
BRDA:171,18,1,0
BRDA:179,19,0,4
BRDA:190,20,0,4
BRDA:190,20,1,0
BRDA:206,21,0,0
BRDA:217,22,0,52
BRDA:217,22,1,12
BRDA:234,23,0,16
BRDA:271,24,0,0
BRDA:271,24,1,36
BRDA:285,25,0,36
BRDA:285,25,1,0
BRDA:292,26,0,52
BRDA:308,27,0,0
BRDA:308,27,1,0
BRDA:308,28,0,0
BRDA:308,28,1,0
BRDA:308,28,2,0
BRDA:316,29,0,52
BRDA:337,30,0,52
BRDA:344,31,0,52
BRDA:344,31,1,36
BRDA:344,31,2,36
BRDA:352,32,0,16
BRDA:352,32,1,36
BRDA:412,33,0,43
BRDA:412,33,1,12
BRF:54
BRH:30
end_of_record
TN:
SF:src/pages/pageHelpers.ts
FN:9,readApiError
FN:15,(anonymous_1)
FN:25,formatFileSize
FN:40,getDaysLeft
FN:47,getDownloadUrl
FN:51,getDownloadToken
FN:56,triggerBrowserDownload
FNF:7
FNH:6
FNDA:7,readApiError
FNDA:0,(anonymous_1)
FNDA:59,formatFileSize
FNDA:74,getDaysLeft
FNDA:12,getDownloadUrl
FNDA:12,getDownloadToken
FNDA:8,triggerBrowserDownload
DA:2,89
DA:13,7
DA:15,0
DA:17,7
DA:21,7
DA:26,59
DA:27,0
DA:30,59
DA:31,59
DA:32,59
DA:34,59
DA:41,74
DA:42,74
DA:44,74
DA:48,12
DA:52,12
DA:57,8
DA:58,8
DA:60,8
DA:61,8
DA:62,8
DA:63,8
DA:64,8
DA:65,8
LF:24
LH:22
BRDA:2,0,0,89
BRDA:2,0,1,89
BRDA:17,1,0,0
BRDA:17,1,1,7
BRDA:21,2,0,7
BRDA:21,2,1,0
BRDA:26,3,0,0
BRDA:40,4,0,63
BRDA:52,5,0,12
BRDA:52,5,1,0
BRF:10
BRH:6
end_of_record
