TN:
SF:src/App.tsx
FN:5,App
FNF:1
FNH:1
FNDA:71,App
LF:0
LH:0
BRF:0
BRH:0
end_of_record
TN:
SF:src/ProtectedRoute.tsx
FN:7,ProtectedRoute
FNF:1
FNH:1
FNDA:32,ProtectedRoute
LF:0
LH:0
BRDA:12,0,0,32
BRF:1
BRH:1
end_of_record
TN:
SF:src/auth.ts
FN:3,getAccessToken
FN:7,setAccessToken
FN:11,clearAccessToken
FN:15,isAuthenticated
FNF:4
FNH:3
FNDA:186,getAccessToken
FNDA:33,setAccessToken
FNDA:0,clearAccessToken
FNDA:107,isAuthenticated
DA:1,71
DA:4,186
DA:8,33
DA:12,0
DA:16,107
LF:5
LH:4
BRF:0
BRH:0
end_of_record
TN:
SF:src/main.tsx
FNF:0
FNH:0
DA:6,71
LF:1
LH:1
BRF:0
BRH:0
end_of_record
TN:
SF:src/router.tsx
FN:13,ProtectedRoute
FNF:1
FNH:1
FNDA:4,ProtectedRoute
DA:11,61
DA:17,10
LF:2
LH:2
BRDA:14,0,0,4
BRF:1
BRH:1
end_of_record
TN:
SF:src/pages/Download.tsx
FN:22,DownloadIcon
FN:55,Download
FN:66,(anonymous_2)
FN:74,(anonymous_3)
FN:90,(anonymous_4)
FN:91,(anonymous_5)
FN:125,(anonymous_6)
FN:250,(anonymous_7)
FNF:8
FNH:7
FNDA:18,DownloadIcon
FNDA:26,Download
FNDA:16,(anonymous_2)
FNDA:16,(anonymous_3)
FNDA:8,(anonymous_4)
FNDA:8,(anonymous_5)
FNDA:5,(anonymous_6)
FNDA:0,(anonymous_7)
DA:56,26
DA:57,26
DA:58,26
DA:59,26
DA:60,26
DA:61,26
DA:62,26
DA:63,26
DA:64,26
DA:66,26
DA:67,16
DA:68,8
DA:71,8
DA:74,26
DA:75,16
DA:77,8
DA:78,0
DA:81,8
DA:83,8
DA:85,8
DA:90,26
DA:91,8
DA:92,8
DA:93,0
DA:94,0
DA:95,0
DA:98,8
DA:99,8
DA:101,8
DA:102,0
DA:107,8
DA:108,8
DA:109,8
DA:111,0
DA:117,8
DA:121,8
DA:125,26
DA:126,5
DA:128,5
DA:129,0
DA:130,0
DA:133,5
DA:134,0
DA:135,0
DA:138,5
DA:139,0
DA:140,0
DA:143,5
DA:144,5
DA:145,5
DA:147,5
DA:148,5
DA:156,5
DA:157,0
DA:160,5
DA:161,0
DA:166,5
DA:167,5
DA:170,0
DA:174,0
DA:175,0
DA:177,0
DA:180,5
DA:251,0
DA:252,0
DA:253,0
LF:66
LH:45
BRDA:56,0,0,0
BRDA:59,1,0,26
BRDA:59,1,1,26
BRDA:67,2,0,8
BRDA:75,3,0,8
BRDA:77,4,0,0
BRDA:81,5,0,0
BRDA:85,6,0,0
BRDA:85,6,1,8
BRDA:92,7,0,0
BRDA:101,8,0,0
BRDA:112,9,0,0
BRDA:112,9,1,0
BRDA:128,10,0,0
BRDA:133,11,0,0
BRDA:133,12,0,5
BRDA:133,12,1,0
BRDA:138,13,0,0
BRDA:138,14,0,5
BRDA:138,14,1,0
BRDA:153,15,0,5
BRDA:153,15,1,5
BRDA:156,16,0,0
BRDA:160,17,0,0
BRDA:167,18,0,5
BRDA:167,18,1,0
BRDA:170,19,0,0
BRDA:170,19,1,0
BRDA:174,20,0,0
BRDA:174,20,1,0
BRDA:190,21,0,8
BRDA:190,21,1,18
BRDA:192,22,0,0
BRDA:192,22,1,18
BRDA:194,23,0,18
BRDA:194,23,1,0
BRDA:234,24,0,0
BRDA:234,24,1,18
BRDA:240,25,0,18
BRDA:257,26,0,0
BRDA:263,27,0,18
BRDA:269,28,0,18
BRDA:269,28,1,13
BRDA:269,28,2,13
BRDA:269,28,3,0
BRDA:276,29,0,0
BRDA:276,29,1,18
BRDA:278,30,0,5
BRDA:278,30,1,13
BRF:49
BRH:23
end_of_record
TN:
SF:src/pages/Footer.tsx
FN:3,Footer
FNF:1
FNH:1
FNDA:71,Footer
LF:0
LH:0
BRF:0
BRH:0
end_of_record
TN:
SF:src/pages/Header.tsx
FN:5,Header
FNF:1
FNH:1
FNDA:71,Header
DA:6,71
LF:1
LH:1
BRDA:16,0,0,19
BRDA:16,0,1,52
BRDA:19,1,0,19
BRDA:19,1,1,52
BRF:4
BRH:4
end_of_record
TN:
SF:src/pages/LandingPage.tsx
FN:5,LandingPage
FNF:1
FNH:0
FNDA:0,LandingPage
LF:0
LH:0
BRF:0
BRH:0
end_of_record
TN:
SF:src/pages/Login.tsx
FN:13,Login
FN:21,(anonymous_1)
FN:80,(anonymous_2)
FN:96,(anonymous_3)
FNF:4
FNH:4
FNDA:1339,Login
FNDA:33,(anonymous_1)
FNDA:831,(anonymous_2)
FNDA:396,(anonymous_3)
DA:14,1339
DA:15,1339
DA:16,1339
DA:17,1339
DA:18,1339
DA:21,1339
DA:22,33
DA:23,33
DA:24,33
DA:26,33
DA:27,33
DA:29,33
DA:30,0
DA:33,33
DA:41,33
DA:42,0
DA:45,33
DA:46,33
DA:47,33
DA:49,0
DA:55,33
DA:80,831
DA:96,396
LF:23
LH:20
BRDA:29,0,0,0
BRDA:41,1,0,0
BRDA:50,2,0,0
BRDA:50,2,1,0
BRDA:102,3,0,1339
BRDA:117,4,0,33
BRDA:117,4,1,1306
BRF:7
BRH:3
end_of_record
TN:
SF:src/pages/MySpace.tsx
FN:27,getStatusLabel
FN:41,MySpace
FN:55,(anonymous_2)
FN:58,(anonymous_3)
FN:101,(anonymous_4)
FN:103,(anonymous_5)
FN:149,(anonymous_6)
FN:149,(anonymous_7)
FN:161,(anonymous_8)
FN:176,(anonymous_9)
FN:202,(anonymous_10)
FN:223,(anonymous_11)
FN:256,(anonymous_12)
FN:261,(anonymous_13)
FN:277,(anonymous_14)
FN:356,(anonymous_15)
FN:357,(anonymous_16)
FN:373,(anonymous_17)
FN:387,(anonymous_18)
FNF:19
FNH:6
FNDA:54,getStatusLabel
FNDA:66,MySpace
FNDA:36,(anonymous_2)
FNDA:36,(anonymous_3)
FNDA:0,(anonymous_4)
FNDA:0,(anonymous_5)
FNDA:0,(anonymous_6)
FNDA:0,(anonymous_7)
FNDA:0,(anonymous_8)
FNDA:0,(anonymous_9)
FNDA:0,(anonymous_10)
FNDA:0,(anonymous_11)
FNDA:198,(anonymous_12)
FNDA:0,(anonymous_13)
FNDA:54,(anonymous_14)
FNDA:0,(anonymous_15)
FNDA:0,(anonymous_16)
FNDA:0,(anonymous_17)
FNDA:0,(anonymous_18)
DA:21,71
DA:28,54
DA:29,0
DA:32,54
DA:34,54
DA:35,0
DA:38,54
DA:42,66
DA:43,66
DA:44,66
DA:45,66
DA:46,66
DA:47,66
DA:48,66
DA:51,66
DA:53,66
DA:55,66
DA:56,36
DA:58,36
DA:59,36
DA:60,36
DA:62,36
DA:63,36
DA:72,33
DA:74,0
DA:75,0
DA:76,0
DA:79,33
DA:80,3
DA:85,30
DA:86,30
DA:88,3
DA:94,33
DA:98,36
DA:101,66
DA:102,0
DA:103,0
DA:106,0
DA:107,0
DA:111,0
DA:112,0
DA:115,0
DA:116,0
DA:117,0
DA:120,0
DA:123,0
DA:124,0
DA:126,0
DA:127,0
DA:136,0
DA:138,0
DA:139,0
DA:140,0
DA:143,0
DA:144,0
DA:149,0
DA:151,0
DA:157,0
DA:161,66
DA:162,0
DA:163,0
DA:166,0
DA:167,0
DA:168,0
DA:173,0
DA:176,66
DA:177,0
DA:178,0
DA:181,66
DA:202,0
DA:223,0
DA:257,198
DA:261,0
DA:278,54
DA:357,0
DA:358,0
DA:374,0
DA:375,0
DA:388,0
DA:389,0
LF:80
LH:35
BRDA:28,0,0,0
BRDA:34,1,0,0
BRDA:56,2,0,0
BRDA:72,3,0,0
BRDA:79,4,0,3
BRDA:89,5,0,3
BRDA:89,5,1,0
BRDA:102,6,0,0
BRDA:106,7,0,0
BRDA:111,8,0,0
BRDA:115,9,0,0
BRDA:136,10,0,0
BRDA:143,11,0,0
BRDA:152,12,0,0
BRDA:152,12,1,0
BRDA:162,13,0,0
BRDA:166,14,0,0
BRDA:181,15,0,0
BRDA:197,16,0,0
BRDA:197,16,1,66
BRDA:217,17,0,0
BRDA:217,17,1,66
BRDA:260,18,0,66
BRDA:260,18,1,132
BRDA:270,19,0,36
BRDA:272,20,0,3
BRDA:274,21,0,18
BRDA:312,22,0,0
BRDA:312,22,1,54
BRDA:320,23,0,54
BRDA:320,23,1,54
BRDA:320,23,2,0
BRDA:350,24,0,54
BRDA:350,24,1,0
BRDA:358,25,0,0
BRDA:358,25,1,0
BRDA:367,26,0,0
BRDA:367,26,1,54
BRDA:379,27,0,0
BRDA:379,27,1,54
BRF:40
BRH:15
end_of_record
TN:
SF:src/pages/NotFoundPage.tsx
FN:1,NotFoundPage
FNF:1
FNH:0
FNDA:0,NotFoundPage
LF:0
LH:0
BRF:0
BRH:0
end_of_record
TN:
SF:src/pages/Register.tsx
FN:8,Register
FN:16,(anonymous_1)
FN:19,(anonymous_2)
FN:61,(anonymous_3)
FN:95,(anonymous_4)
FN:112,(anonymous_5)
FN:132,(anonymous_6)
FNF:7
FNH:6
FNDA:823,Register
FNDA:14,(anonymous_1)
FNDA:14,(anonymous_2)
FNDA:0,(anonymous_3)
FNDA:445,(anonymous_4)
FNDA:168,(anonymous_5)
FNDA:168,(anonymous_6)
DA:9,823
DA:10,823
DA:11,823
DA:12,823
DA:13,823
DA:14,823
DA:16,823
DA:17,14
DA:19,823
DA:20,14
DA:21,14
DA:23,14
DA:24,14
DA:26,14
DA:27,0
DA:28,0
DA:31,14
DA:32,0
DA:33,0
DA:36,14
DA:37,0
DA:38,0
DA:41,14
DA:43,14
DA:44,14
DA:55,13
DA:56,0
DA:61,13
DA:62,13
DA:64,1
DA:70,14
DA:95,445
DA:112,168
DA:133,168
LF:34
LH:27
BRDA:26,0,0,0
BRDA:26,1,0,14
BRDA:26,1,1,14
BRDA:31,2,0,0
BRDA:36,3,0,0
BRDA:55,4,0,0
BRDA:65,5,0,1
BRDA:65,5,1,0
BRDA:140,6,0,823
BRDA:155,7,0,14
BRDA:155,7,1,809
BRF:11
BRH:6
end_of_record
TN:
SF:src/pages/Upload.tsx
FN:27,CopyIcon
FN:55,getDurationLabel
FN:67,Upload
FN:94,(anonymous_3)
FN:99,(anonymous_4)
FN:116,(anonymous_5)
FN:134,(anonymous_6)
FN:142,(anonymous_7)
FN:197,(anonymous_8)
FN:304,(anonymous_9)
FN:328,(anonymous_10)
FNF:11
FNH:6
FNDA:9,CopyIcon
FNDA:52,getDurationLabel
FNDA:52,Upload
FNDA:0,(anonymous_3)
FNDA:13,(anonymous_4)
FNDA:13,(anonymous_5)
FNDA:0,(anonymous_6)
FNDA:13,(anonymous_7)
FNDA:0,(anonymous_8)
FNDA:0,(anonymous_9)
FNDA:0,(anonymous_10)
DA:15,71
DA:16,71
DA:18,71
DA:56,52
DA:57,0
DA:60,52
DA:61,0
DA:64,52
DA:68,52
DA:69,52
DA:70,52
DA:71,52
DA:72,52
DA:73,52
DA:74,52
DA:75,52
DA:76,52
DA:78,52
DA:80,52
DA:82,52
DA:86,52
DA:90,52
DA:94,52
DA:95,0
DA:99,52
DA:100,13
DA:101,13
DA:102,0
DA:107,13
DA:108,0
DA:113,13
DA:116,52
DA:117,13
DA:118,13
DA:119,13
DA:120,13
DA:121,13
DA:122,0
DA:123,0
DA:124,0
DA:125,0
DA:127,13
DA:128,13
DA:129,13
DA:132,52
DA:134,52
DA:135,0
DA:137,0
DA:138,0
DA:142,52
DA:143,13
DA:145,13
DA:146,0
DA:147,0
DA:150,13
DA:151,0
DA:152,0
DA:155,13
DA:156,13
DA:157,13
DA:159,13
DA:160,0
DA:163,13
DA:164,13
DA:166,13
DA:167,13
DA:168,13
DA:169,13
DA:179,13
DA:180,4
DA:185,9
DA:186,9
DA:187,9
DA:189,4
DA:193,13
DA:197,52
DA:198,0
DA:199,0
DA:200,0
DA:201,0
DA:202,0
DA:203,0
DA:204,0
DA:205,0
DA:206,0
DA:207,0
DA:211,40
DA:305,0
DA:306,0
DA:307,0
DA:312,0
DA:328,0
LF:92
LH:60
BRDA:18,0,0,71
BRDA:18,0,1,71
BRDA:56,1,0,0
BRDA:60,2,0,0
BRDA:82,3,0,9
BRDA:82,3,1,43
BRDA:86,4,0,9
BRDA:86,4,1,43
BRDA:90,5,0,9
BRDA:90,5,1,43
BRDA:100,6,0,13
BRDA:100,6,1,0
BRDA:101,7,0,0
BRDA:107,8,0,0
BRDA:119,9,0,0
BRDA:121,10,0,0
BRDA:124,11,0,0
BRDA:124,11,1,0
BRDA:132,12,0,39
BRDA:132,12,1,13
BRDA:135,13,0,0
BRDA:145,14,0,0
BRDA:150,15,0,0
BRDA:159,16,0,0
BRDA:168,17,0,13
BRDA:168,17,1,0
BRDA:171,18,0,13
BRDA:171,18,1,0
BRDA:179,19,0,4
BRDA:190,20,0,4
BRDA:190,20,1,0
BRDA:206,21,0,0
BRDA:217,22,0,43
BRDA:217,22,1,9
BRDA:234,23,0,13
BRDA:271,24,0,0
BRDA:271,24,1,30
BRDA:285,25,0,30
BRDA:285,25,1,0
BRDA:292,26,0,43
BRDA:308,27,0,0
BRDA:308,27,1,0
BRDA:308,28,0,0
BRDA:308,28,1,0
BRDA:308,28,2,0
BRDA:316,29,0,43
BRDA:337,30,0,43
BRDA:344,31,0,43
BRDA:344,31,1,30
BRDA:344,31,2,30
BRDA:352,32,0,13
BRDA:352,32,1,30
BRDA:412,33,0,34
BRDA:412,33,1,9
BRF:54
BRH:30
end_of_record
TN:
SF:src/pages/pageHelpers.ts
FN:9,readApiError
FN:15,(anonymous_1)
FN:25,formatFileSize
FN:40,getDaysLeft
FN:47,getDownloadUrl
FN:51,getDownloadToken
FN:56,triggerBrowserDownload
FNF:7
FNH:6
FNDA:7,readApiError
FNDA:0,(anonymous_1)
FNDA:47,formatFileSize
FNDA:62,getDaysLeft
FNDA:9,getDownloadUrl
FNDA:9,getDownloadToken
FNDA:5,triggerBrowserDownload
DA:2,71
DA:13,7
DA:15,0
DA:17,7
DA:21,7
DA:26,47
DA:27,0
DA:30,47
DA:31,47
DA:32,47
DA:34,47
DA:41,62
DA:42,62
DA:44,62
DA:48,9
DA:52,9
DA:57,5
DA:58,5
DA:60,5
DA:61,5
DA:62,5
DA:63,5
DA:64,5
DA:65,5
LF:24
LH:22
BRDA:2,0,0,71
BRDA:2,0,1,71
BRDA:17,1,0,0
BRDA:17,1,1,7
BRDA:21,2,0,7
BRDA:21,2,1,0
BRDA:26,3,0,0
BRDA:40,4,0,54
BRDA:52,5,0,9
BRDA:52,5,1,0
BRF:10
BRH:6
end_of_record
