{
  "/home/hamza/Documents/projetsApprentissage/p3-devops/frontend/src/pages/Footer.tsx": {
    "path": "/home/hamza/Documents/projetsApprentissage/p3-devops/frontend/src/pages/Footer.tsx",
    "statementMap": {
      "0": {
        "start": {
          "line": 2,
          "column": 19
        },
        "end": {
          "line": 2,
          "column": 103
        }
      },
      "1": {
        "start": {
          "line": 5,
          "column": 1
        },
        "end": {
          "line": 19,
          "column": 10
        }
      },
      "2": {
        "start": {
          "line": 21,
          "column": 0
        },
        "end": {
          "line": 21,
          "column": 12
        }
      },
      "3": {
        "start": {
          "line": 23,
          "column": 0
        },
        "end": {
          "line": 23,
          "column": 27
        }
      },
      "4": {
        "start": {
          "line": 25,
          "column": 20
        },
        "end": {
          "line": 25,
          "column": 97
        }
      },
      "5": {
        "start": {
          "line": 27,
          "column": 0
        },
        "end": {
          "line": 43,
          "column": 1
        }
      },
      "6": {
        "start": {
          "line": 28,
          "column": 2
        },
        "end": {
          "line": 32,
          "column": 3
        }
      },
      "7": {
        "start": {
          "line": 29,
          "column": 4
        },
        "end": {
          "line": 31,
          "column": 6
        }
      },
      "8": {
        "start": {
          "line": 34,
          "column": 25
        },
        "end": {
          "line": 34,
          "column": 52
        }
      },
      "9": {
        "start": {
          "line": 35,
          "column": 2
        },
        "end": {
          "line": 42,
          "column": 5
        }
      },
      "10": {
        "start": {
          "line": 36,
          "column": 4
        },
        "end": {
          "line": 36,
          "column": 152
        }
      },
      "11": {
        "start": {
          "line": 37,
          "column": 4
        },
        "end": {
          "line": 41,
          "column": 7
        }
      },
      "12": {
        "start": {
          "line": 38,
          "column": 6
        },
        "end": {
          "line": 38,
          "column": 31
        }
      },
      "13": {
        "start": {
          "line": 38,
          "column": 24
        },
        "end": {
          "line": 38,
          "column": 31
        }
      },
      "14": {
        "start": {
          "line": 39,
          "column": 32
        },
        "end": {
          "line": 39,
          "column": 201
        }
      },
      "15": {
        "start": {
          "line": 40,
          "column": 6
        },
        "end": {
          "line": 40,
          "column": 75
        }
      },
      "16": {
        "start": {
          "line": 40,
          "column": 29
        },
        "end": {
          "line": 40,
          "column": 75
        }
      },
      "17": {
        "start": {
          "line": 44,
          "column": 34
        },
        "end": {
          "line": 44,
          "column": 168
        }
      },
      "18": {
        "start": {
          "line": 45,
          "column": 26
        },
        "end": {
          "line": 45,
          "column": 86
        }
      }
    },
    "fnMap": {
      "0": {
        "name": "Footer",
        "decl": {
          "start": {
            "line": 4,
            "column": 24
          },
          "end": {
            "line": 4,
            "column": 30
          }
        },
        "loc": {
          "start": {
            "line": 4,
            "column": 33
          },
          "end": {
            "line": 20,
            "column": 1
          }
        },
        "line": 4
      },
      "1": {
        "name": "(anonymous_1)",
        "decl": {
          "start": {
            "line": 35,
            "column": 17
          },
          "end": {
            "line": 35,
            "column": 18
          }
        },
        "loc": {
          "start": {
            "line": 35,
            "column": 23
          },
          "end": {
            "line": 42,
            "column": 3
          }
        },
        "line": 35
      },
      "2": {
        "name": "(anonymous_2)",
        "decl": {
          "start": {
            "line": 37,
            "column": 27
          },
          "end": {
            "line": 37,
            "column": 28
          }
        },
        "loc": {
          "start": {
            "line": 37,
            "column": 44
          },
          "end": {
            "line": 41,
            "column": 5
          }
        },
        "line": 37
      },
      "3": {
        "name": "$RefreshReg$",
        "decl": {
          "start": {
            "line": 44,
            "column": 9
          },
          "end": {
            "line": 44,
            "column": 21
          }
        },
        "loc": {
          "start": {
            "line": 44,
            "column": 32
          },
          "end": {
            "line": 44,
            "column": 170
          }
        },
        "line": 44
      },
      "4": {
        "name": "$RefreshSig$",
        "decl": {
          "start": {
            "line": 45,
            "column": 9
          },
          "end": {
            "line": 45,
            "column": 21
          }
        },
        "loc": {
          "start": {
            "line": 45,
            "column": 24
          },
          "end": {
            "line": 45,
            "column": 88
          }
        },
        "line": 45
      }
    },
    "branchMap": {
      "0": {
        "loc": {
          "start": {
            "line": 25,
            "column": 20
          },
          "end": {
            "line": 25,
            "column": 97
          }
        },
        "type": "binary-expr",
        "locations": [
          {
            "start": {
              "line": 25,
              "column": 20
            },
            "end": {
              "line": 25,
              "column": 60
            }
          },
          {
            "start": {
              "line": 25,
              "column": 64
            },
            "end": {
              "line": 25,
              "column": 97
            }
          }
        ],
        "line": 25
      },
      "1": {
        "loc": {
          "start": {
            "line": 27,
            "column": 0
          },
          "end": {
            "line": 43,
            "column": 1
          }
        },
        "type": "if",
        "locations": [
          {
            "start": {
              "line": 27,
              "column": 0
            },
            "end": {
              "line": 43,
              "column": 1
            }
          },
          {
            "start": {},
            "end": {}
          }
        ],
        "line": 27
      },
      "2": {
        "loc": {
          "start": {
            "line": 27,
            "column": 4
          },
          "end": {
            "line": 27,
            "column": 35
          }
        },
        "type": "binary-expr",
        "locations": [
          {
            "start": {
              "line": 27,
              "column": 4
            },
            "end": {
              "line": 27,
              "column": 19
            }
          },
          {
            "start": {
              "line": 27,
              "column": 23
            },
            "end": {
              "line": 27,
              "column": 35
            }
          }
        ],
        "line": 27
      },
      "3": {
        "loc": {
          "start": {
            "line": 28,
            "column": 2
          },
          "end": {
            "line": 32,
            "column": 3
          }
        },
        "type": "if",
        "locations": [
          {
            "start": {
              "line": 28,
              "column": 2
            },
            "end": {
              "line": 32,
              "column": 3
            }
          },
          {
            "start": {},
            "end": {}
          }
        ],
        "line": 28
      },
      "4": {
        "loc": {
          "start": {
            "line": 38,
            "column": 6
          },
          "end": {
            "line": 38,
            "column": 31
          }
        },
        "type": "if",
        "locations": [
          {
            "start": {
              "line": 38,
              "column": 6
            },
            "end": {
              "line": 38,
              "column": 31
            }
          },
          {
            "start": {},
            "end": {}
          }
        ],
        "line": 38
      },
      "5": {
        "loc": {
          "start": {
            "line": 40,
            "column": 6
          },
          "end": {
            "line": 40,
            "column": 75
          }
        },
        "type": "if",
        "locations": [
          {
            "start": {
              "line": 40,
              "column": 6
            },
            "end": {
              "line": 40,
              "column": 75
            }
          },
          {
            "start": {},
            "end": {}
          }
        ],
        "line": 40
      }
    },
    "s": {
      "0": 71,
      "1": 71,
      "2": 71,
      "3": 71,
      "4": 71,
      "5": 71,
      "6": 71,
      "7": 0,
      "8": 71,
      "9": 71,
      "10": 71,
      "11": 71,
      "12": 0,
      "13": 0,
      "14": 0,
      "15": 0,
      "16": 0,
      "17": 71,
      "18": 0
    },
    "f": {
      "0": 71,
      "1": 71,
      "2": 0,
      "3": 71,
      "4": 0
    },
    "b": {
      "0": [
        71,
        0
      ],
      "1": [
        71,
        0
      ],
      "2": [
        71,
        71
      ],
      "3": [
        0,
        71
      ],
      "4": [
        0,
        0
      ],
      "5": [
        0,
        0
      ]
    },
    "inputSourceMap": {
      "mappings": "AAAA,OAAO;;;AAEP,eAAe,SAAS,SAAS;CAC/B,OACE,wBAAC,UAAD;EAAQ,WAAU;YAChB,wBAAC,KAAD;GAAG,WAAU;aAAe;EAA6B;;;;;CACnD;;;;;AAEZ",
      "names": [],
      "sources": [
        "/home/hamza/Documents/projetsApprentissage/p3-devops/frontend/src/pages/Footer.tsx"
      ],
      "version": 3
    },
    "_coverageSchema": "1a1c01bbd47fc00a2c39e90264f33305004495a9",
    "hash": "b710f222935195368bbaf10322672898c7f2c19f"
  },
  "/home/hamza/Documents/projetsApprentissage/p3-devops/frontend/src/auth.ts": {
    "path": "/home/hamza/Documents/projetsApprentissage/p3-devops/frontend/src/auth.ts",
    "statementMap": {
      "0": {
        "start": {
          "line": 1,
          "column": 30
        },
        "end": {
          "line": 1,
          "column": 44
        }
      },
      "1": {
        "start": {
          "line": 3,
          "column": 1
        },
        "end": {
          "line": 3,
          "column": 45
        }
      },
      "2": {
        "start": {
          "line": 6,
          "column": 1
        },
        "end": {
          "line": 6,
          "column": 45
        }
      },
      "3": {
        "start": {
          "line": 9,
          "column": 1
        },
        "end": {
          "line": 9,
          "column": 41
        }
      },
      "4": {
        "start": {
          "line": 12,
          "column": 1
        },
        "end": {
          "line": 12,
          "column": 34
        }
      }
    },
    "fnMap": {
      "0": {
        "name": "getAccessToken",
        "decl": {
          "start": {
            "line": 2,
            "column": 16
          },
          "end": {
            "line": 2,
            "column": 30
          }
        },
        "loc": {
          "start": {
            "line": 2,
            "column": 33
          },
          "end": {
            "line": 4,
            "column": 1
          }
        },
        "line": 2
      },
      "1": {
        "name": "setAccessToken",
        "decl": {
          "start": {
            "line": 5,
            "column": 16
          },
          "end": {
            "line": 5,
            "column": 30
          }
        },
        "loc": {
          "start": {
            "line": 5,
            "column": 38
          },
          "end": {
            "line": 7,
            "column": 1
          }
        },
        "line": 5
      },
      "2": {
        "name": "clearAccessToken",
        "decl": {
          "start": {
            "line": 8,
            "column": 16
          },
          "end": {
            "line": 8,
            "column": 32
          }
        },
        "loc": {
          "start": {
            "line": 8,
            "column": 35
          },
          "end": {
            "line": 10,
            "column": 1
          }
        },
        "line": 8
      },
      "3": {
        "name": "isAuthenticated",
        "decl": {
          "start": {
            "line": 11,
            "column": 16
          },
          "end": {
            "line": 11,
            "column": 31
          }
        },
        "loc": {
          "start": {
            "line": 11,
            "column": 34
          },
          "end": {
            "line": 13,
            "column": 1
          }
        },
        "line": 11
      }
    },
    "branchMap": {},
    "s": {
      "0": 71,
      "1": 186,
      "2": 33,
      "3": 0,
      "4": 107
    },
    "f": {
      "0": 186,
      "1": 33,
      "2": 0,
      "3": 107
    },
    "b": {},
    "inputSourceMap": {
      "mappings": "AAAA,OAAO,MAAM,iBAAiB;AAE9B,OAAO,SAAS,iBAAiB;CAC/B,OAAO,aAAa,QAAQ,cAAc;AAC5C;AAEA,OAAO,SAAS,eAAe,OAAe;CAC5C,aAAa,QAAQ,gBAAgB,KAAK;AAC5C;AAEA,OAAO,SAAS,mBAAmB;CACjC,aAAa,WAAW,cAAc;AACxC;AAEA,OAAO,SAAS,kBAAkB;CAChC,OAAO,QAAQ,eAAe,CAAC;AACjC",
      "names": [],
      "sources": [
        "/home/hamza/Documents/projetsApprentissage/p3-devops/frontend/src/auth.ts"
      ],
      "version": 3
    },
    "_coverageSchema": "1a1c01bbd47fc00a2c39e90264f33305004495a9",
    "hash": "1201524393366bf3ef54143b5b34fdea18b601bd"
  },
  "/home/hamza/Documents/projetsApprentissage/p3-devops/frontend/src/pages/Header.tsx": {
    "path": "/home/hamza/Documents/projetsApprentissage/p3-devops/frontend/src/pages/Header.tsx",
    "statementMap": {
      "0": {
        "start": {
          "line": 4,
          "column": 19
        },
        "end": {
          "line": 4,
          "column": 103
        }
      },
      "1": {
        "start": {
          "line": 7,
          "column": 18
        },
        "end": {
          "line": 7,
          "column": 35
        }
      },
      "2": {
        "start": {
          "line": 8,
          "column": 1
        },
        "end": {
          "line": 45,
          "column": 10
        }
      },
      "3": {
        "start": {
          "line": 47,
          "column": 0
        },
        "end": {
          "line": 47,
          "column": 12
        }
      },
      "4": {
        "start": {
          "line": 49,
          "column": 0
        },
        "end": {
          "line": 49,
          "column": 27
        }
      },
      "5": {
        "start": {
          "line": 51,
          "column": 20
        },
        "end": {
          "line": 51,
          "column": 97
        }
      },
      "6": {
        "start": {
          "line": 53,
          "column": 0
        },
        "end": {
          "line": 69,
          "column": 1
        }
      },
      "7": {
        "start": {
          "line": 54,
          "column": 2
        },
        "end": {
          "line": 58,
          "column": 3
        }
      },
      "8": {
        "start": {
          "line": 55,
          "column": 4
        },
        "end": {
          "line": 57,
          "column": 6
        }
      },
      "9": {
        "start": {
          "line": 60,
          "column": 25
        },
        "end": {
          "line": 60,
          "column": 52
        }
      },
      "10": {
        "start": {
          "line": 61,
          "column": 2
        },
        "end": {
          "line": 68,
          "column": 5
        }
      },
      "11": {
        "start": {
          "line": 62,
          "column": 4
        },
        "end": {
          "line": 62,
          "column": 152
        }
      },
      "12": {
        "start": {
          "line": 63,
          "column": 4
        },
        "end": {
          "line": 67,
          "column": 7
        }
      },
      "13": {
        "start": {
          "line": 64,
          "column": 6
        },
        "end": {
          "line": 64,
          "column": 31
        }
      },
      "14": {
        "start": {
          "line": 64,
          "column": 24
        },
        "end": {
          "line": 64,
          "column": 31
        }
      },
      "15": {
        "start": {
          "line": 65,
          "column": 32
        },
        "end": {
          "line": 65,
          "column": 201
        }
      },
      "16": {
        "start": {
          "line": 66,
          "column": 6
        },
        "end": {
          "line": 66,
          "column": 75
        }
      },
      "17": {
        "start": {
          "line": 66,
          "column": 29
        },
        "end": {
          "line": 66,
          "column": 75
        }
      },
      "18": {
        "start": {
          "line": 70,
          "column": 34
        },
        "end": {
          "line": 70,
          "column": 168
        }
      },
      "19": {
        "start": {
          "line": 71,
          "column": 26
        },
        "end": {
          "line": 71,
          "column": 86
        }
      }
    },
    "fnMap": {
      "0": {
        "name": "Header",
        "decl": {
          "start": {
            "line": 6,
            "column": 24
          },
          "end": {
            "line": 6,
            "column": 30
          }
        },
        "loc": {
          "start": {
            "line": 6,
            "column": 33
          },
          "end": {
            "line": 46,
            "column": 1
          }
        },
        "line": 6
      },
      "1": {
        "name": "(anonymous_1)",
        "decl": {
          "start": {
            "line": 61,
            "column": 17
          },
          "end": {
            "line": 61,
            "column": 18
          }
        },
        "loc": {
          "start": {
            "line": 61,
            "column": 23
          },
          "end": {
            "line": 68,
            "column": 3
          }
        },
        "line": 61
      },
      "2": {
        "name": "(anonymous_2)",
        "decl": {
          "start": {
            "line": 63,
            "column": 27
          },
          "end": {
            "line": 63,
            "column": 28
          }
        },
        "loc": {
          "start": {
            "line": 63,
            "column": 44
          },
          "end": {
            "line": 67,
            "column": 5
          }
        },
        "line": 63
      },
      "3": {
        "name": "$RefreshReg$",
        "decl": {
          "start": {
            "line": 70,
            "column": 9
          },
          "end": {
            "line": 70,
            "column": 21
          }
        },
        "loc": {
          "start": {
            "line": 70,
            "column": 32
          },
          "end": {
            "line": 70,
            "column": 170
          }
        },
        "line": 70
      },
      "4": {
        "name": "$RefreshSig$",
        "decl": {
          "start": {
            "line": 71,
            "column": 9
          },
          "end": {
            "line": 71,
            "column": 21
          }
        },
        "loc": {
          "start": {
            "line": 71,
            "column": 24
          },
          "end": {
            "line": 71,
            "column": 88
          }
        },
        "line": 71
      }
    },
    "branchMap": {
      "0": {
        "loc": {
          "start": {
            "line": 23,
            "column": 9
          },
          "end": {
            "line": 23,
            "column": 42
          }
        },
        "type": "cond-expr",
        "locations": [
          {
            "start": {
              "line": 23,
              "column": 20
            },
            "end": {
              "line": 23,
              "column": 31
            }
          },
          {
            "start": {
              "line": 23,
              "column": 34
            },
            "end": {
              "line": 23,
              "column": 42
            }
          }
        ],
        "line": 23
      },
      "1": {
        "loc": {
          "start": {
            "line": 25,
            "column": 15
          },
          "end": {
            "line": 25,
            "column": 55
          }
        },
        "type": "cond-expr",
        "locations": [
          {
            "start": {
              "line": 25,
              "column": 26
            },
            "end": {
              "line": 25,
              "column": 38
            }
          },
          {
            "start": {
              "line": 25,
              "column": 41
            },
            "end": {
              "line": 25,
              "column": 55
            }
          }
        ],
        "line": 25
      },
      "2": {
        "loc": {
          "start": {
            "line": 51,
            "column": 20
          },
          "end": {
            "line": 51,
            "column": 97
          }
        },
        "type": "binary-expr",
        "locations": [
          {
            "start": {
              "line": 51,
              "column": 20
            },
            "end": {
              "line": 51,
              "column": 60
            }
          },
          {
            "start": {
              "line": 51,
              "column": 64
            },
            "end": {
              "line": 51,
              "column": 97
            }
          }
        ],
        "line": 51
      },
      "3": {
        "loc": {
          "start": {
            "line": 53,
            "column": 0
          },
          "end": {
            "line": 69,
            "column": 1
          }
        },
        "type": "if",
        "locations": [
          {
            "start": {
              "line": 53,
              "column": 0
            },
            "end": {
              "line": 69,
              "column": 1
            }
          },
          {
            "start": {},
            "end": {}
          }
        ],
        "line": 53
      },
      "4": {
        "loc": {
          "start": {
            "line": 53,
            "column": 4
          },
          "end": {
            "line": 53,
            "column": 35
          }
        },
        "type": "binary-expr",
        "locations": [
          {
            "start": {
              "line": 53,
              "column": 4
            },
            "end": {
              "line": 53,
              "column": 19
            }
          },
          {
            "start": {
              "line": 53,
              "column": 23
            },
            "end": {
              "line": 53,
              "column": 35
            }
          }
        ],
        "line": 53
      },
      "5": {
        "loc": {
          "start": {
            "line": 54,
            "column": 2
          },
          "end": {
            "line": 58,
            "column": 3
          }
        },
        "type": "if",
        "locations": [
          {
            "start": {
              "line": 54,
              "column": 2
            },
            "end": {
              "line": 58,
              "column": 3
            }
          },
          {
            "start": {},
            "end": {}
          }
        ],
        "line": 54
      },
      "6": {
        "loc": {
          "start": {
            "line": 64,
            "column": 6
          },
          "end": {
            "line": 64,
            "column": 31
          }
        },
        "type": "if",
        "locations": [
          {
            "start": {
              "line": 64,
              "column": 6
            },
            "end": {
              "line": 64,
              "column": 31
            }
          },
          {
            "start": {},
            "end": {}
          }
        ],
        "line": 64
      },
      "7": {
        "loc": {
          "start": {
            "line": 66,
            "column": 6
          },
          "end": {
            "line": 66,
            "column": 75
          }
        },
        "type": "if",
        "locations": [
          {
            "start": {
              "line": 66,
              "column": 6
            },
            "end": {
              "line": 66,
              "column": 75
            }
          },
          {
            "start": {},
            "end": {}
          }
        ],
        "line": 66
      }
    },
    "s": {
      "0": 71,
      "1": 71,
      "2": 71,
      "3": 71,
      "4": 71,
      "5": 71,
      "6": 71,
      "7": 71,
      "8": 0,
      "9": 71,
      "10": 71,
      "11": 71,
      "12": 71,
      "13": 0,
      "14": 0,
      "15": 0,
      "16": 0,
      "17": 0,
      "18": 71,
      "19": 0
    },
    "f": {
      "0": 71,
      "1": 71,
      "2": 0,
      "3": 71,
      "4": 0
    },
    "b": {
      "0": [
        19,
        52
      ],
      "1": [
        19,
        52
      ],
      "2": [
        71,
        0
      ],
      "3": [
        71,
        0
      ],
      "4": [
        71,
        71
      ],
      "5": [
        0,
        71
      ],
      "6": [
        0,
        0
      ],
      "7": [
        0,
        0
      ]
    },
    "inputSourceMap": {
      "mappings": "AAAA,SAAS,eAAe;AACxB,SAAS,uBAAuB;AAChC,OAAO;;;AAEP,eAAe,SAAS,SAAS;CAC/B,MAAM,WAAW,gBAAgB;CAEjC,OACE,wBAAC,UAAD;EAAQ,WAAU;YAChB,wBAAC,OAAD;GAAK,WAAU;aAAf,CACE,wBAAC,SAAD;IAAS,IAAG;IAAI,WAAU;cAA6B;GAE9C;;;;aACT,wBAAC,OAAD;IAAK,WAAU;cACb,wBAAC,SAAD;KACE,IAAI,WAAW,cAAc;KAC7B,WAAU;eAET,WAAW,eAAe;IACpB;;;;;GACN;;;;WACF;;;;;;CACC;;;;;AAEZ",
      "names": [],
      "sources": [
        "/home/hamza/Documents/projetsApprentissage/p3-devops/frontend/src/pages/Header.tsx"
      ],
      "version": 3
    },
    "_coverageSchema": "1a1c01bbd47fc00a2c39e90264f33305004495a9",
    "hash": "a4518d9ba1dd1e8fa74d7721471a93291887bb59"
  },
  "/home/hamza/Documents/projetsApprentissage/p3-devops/frontend/src/App.tsx": {
    "path": "/home/hamza/Documents/projetsApprentissage/p3-devops/frontend/src/App.tsx",
    "statementMap": {
      "0": {
        "start": {
          "line": 4,
          "column": 19
        },
        "end": {
          "line": 4,
          "column": 94
        }
      },
      "1": {
        "start": {
          "line": 7,
          "column": 1
        },
        "end": {
          "line": 27,
          "column": 10
        }
      },
      "2": {
        "start": {
          "line": 29,
          "column": 0
        },
        "end": {
          "line": 29,
          "column": 9
        }
      },
      "3": {
        "start": {
          "line": 32,
          "column": 0
        },
        "end": {
          "line": 32,
          "column": 24
        }
      },
      "4": {
        "start": {
          "line": 34,
          "column": 20
        },
        "end": {
          "line": 34,
          "column": 97
        }
      },
      "5": {
        "start": {
          "line": 36,
          "column": 0
        },
        "end": {
          "line": 52,
          "column": 1
        }
      },
      "6": {
        "start": {
          "line": 37,
          "column": 2
        },
        "end": {
          "line": 41,
          "column": 3
        }
      },
      "7": {
        "start": {
          "line": 38,
          "column": 4
        },
        "end": {
          "line": 40,
          "column": 6
        }
      },
      "8": {
        "start": {
          "line": 43,
          "column": 25
        },
        "end": {
          "line": 43,
          "column": 52
        }
      },
      "9": {
        "start": {
          "line": 44,
          "column": 2
        },
        "end": {
          "line": 51,
          "column": 5
        }
      },
      "10": {
        "start": {
          "line": 45,
          "column": 4
        },
        "end": {
          "line": 45,
          "column": 143
        }
      },
      "11": {
        "start": {
          "line": 46,
          "column": 4
        },
        "end": {
          "line": 50,
          "column": 7
        }
      },
      "12": {
        "start": {
          "line": 47,
          "column": 6
        },
        "end": {
          "line": 47,
          "column": 31
        }
      },
      "13": {
        "start": {
          "line": 47,
          "column": 24
        },
        "end": {
          "line": 47,
          "column": 31
        }
      },
      "14": {
        "start": {
          "line": 48,
          "column": 32
        },
        "end": {
          "line": 48,
          "column": 192
        }
      },
      "15": {
        "start": {
          "line": 49,
          "column": 6
        },
        "end": {
          "line": 49,
          "column": 75
        }
      },
      "16": {
        "start": {
          "line": 49,
          "column": 29
        },
        "end": {
          "line": 49,
          "column": 75
        }
      },
      "17": {
        "start": {
          "line": 53,
          "column": 34
        },
        "end": {
          "line": 53,
          "column": 159
        }
      },
      "18": {
        "start": {
          "line": 54,
          "column": 26
        },
        "end": {
          "line": 54,
          "column": 86
        }
      }
    },
    "fnMap": {
      "0": {
        "name": "App",
        "decl": {
          "start": {
            "line": 6,
            "column": 9
          },
          "end": {
            "line": 6,
            "column": 12
          }
        },
        "loc": {
          "start": {
            "line": 6,
            "column": 15
          },
          "end": {
            "line": 28,
            "column": 1
          }
        },
        "line": 6
      },
      "1": {
        "name": "(anonymous_1)",
        "decl": {
          "start": {
            "line": 44,
            "column": 17
          },
          "end": {
            "line": 44,
            "column": 18
          }
        },
        "loc": {
          "start": {
            "line": 44,
            "column": 23
          },
          "end": {
            "line": 51,
            "column": 3
          }
        },
        "line": 44
      },
      "2": {
        "name": "(anonymous_2)",
        "decl": {
          "start": {
            "line": 46,
            "column": 27
          },
          "end": {
            "line": 46,
            "column": 28
          }
        },
        "loc": {
          "start": {
            "line": 46,
            "column": 44
          },
          "end": {
            "line": 50,
            "column": 5
          }
        },
        "line": 46
      },
      "3": {
        "name": "$RefreshReg$",
        "decl": {
          "start": {
            "line": 53,
            "column": 9
          },
          "end": {
            "line": 53,
            "column": 21
          }
        },
        "loc": {
          "start": {
            "line": 53,
            "column": 32
          },
          "end": {
            "line": 53,
            "column": 161
          }
        },
        "line": 53
      },
      "4": {
        "name": "$RefreshSig$",
        "decl": {
          "start": {
            "line": 54,
            "column": 9
          },
          "end": {
            "line": 54,
            "column": 21
          }
        },
        "loc": {
          "start": {
            "line": 54,
            "column": 24
          },
          "end": {
            "line": 54,
            "column": 88
          }
        },
        "line": 54
      }
    },
    "branchMap": {
      "0": {
        "loc": {
          "start": {
            "line": 34,
            "column": 20
          },
          "end": {
            "line": 34,
            "column": 97
          }
        },
        "type": "binary-expr",
        "locations": [
          {
            "start": {
              "line": 34,
              "column": 20
            },
            "end": {
              "line": 34,
              "column": 60
            }
          },
          {
            "start": {
              "line": 34,
              "column": 64
            },
            "end": {
              "line": 34,
              "column": 97
            }
          }
        ],
        "line": 34
      },
      "1": {
        "loc": {
          "start": {
            "line": 36,
            "column": 0
          },
          "end": {
            "line": 52,
            "column": 1
          }
        },
        "type": "if",
        "locations": [
          {
            "start": {
              "line": 36,
              "column": 0
            },
            "end": {
              "line": 52,
              "column": 1
            }
          },
          {
            "start": {},
            "end": {}
          }
        ],
        "line": 36
      },
      "2": {
        "loc": {
          "start": {
            "line": 36,
            "column": 4
          },
          "end": {
            "line": 36,
            "column": 35
          }
        },
        "type": "binary-expr",
        "locations": [
          {
            "start": {
              "line": 36,
              "column": 4
            },
            "end": {
              "line": 36,
              "column": 19
            }
          },
          {
            "start": {
              "line": 36,
              "column": 23
            },
            "end": {
              "line": 36,
              "column": 35
            }
          }
        ],
        "line": 36
      },
      "3": {
        "loc": {
          "start": {
            "line": 37,
            "column": 2
          },
          "end": {
            "line": 41,
            "column": 3
          }
        },
        "type": "if",
        "locations": [
          {
            "start": {
              "line": 37,
              "column": 2
            },
            "end": {
              "line": 41,
              "column": 3
            }
          },
          {
            "start": {},
            "end": {}
          }
        ],
        "line": 37
      },
      "4": {
        "loc": {
          "start": {
            "line": 47,
            "column": 6
          },
          "end": {
            "line": 47,
            "column": 31
          }
        },
        "type": "if",
        "locations": [
          {
            "start": {
              "line": 47,
              "column": 6
            },
            "end": {
              "line": 47,
              "column": 31
            }
          },
          {
            "start": {},
            "end": {}
          }
        ],
        "line": 47
      },
      "5": {
        "loc": {
          "start": {
            "line": 49,
            "column": 6
          },
          "end": {
            "line": 49,
            "column": 75
          }
        },
        "type": "if",
        "locations": [
          {
            "start": {
              "line": 49,
              "column": 6
            },
            "end": {
              "line": 49,
              "column": 75
            }
          },
          {
            "start": {},
            "end": {}
          }
        ],
        "line": 49
      }
    },
    "s": {
      "0": 71,
      "1": 71,
      "2": 71,
      "3": 71,
      "4": 71,
      "5": 71,
      "6": 71,
      "7": 0,
      "8": 71,
      "9": 71,
      "10": 71,
      "11": 71,
      "12": 0,
      "13": 0,
      "14": 0,
      "15": 0,
      "16": 0,
      "17": 71,
      "18": 0
    },
    "f": {
      "0": 71,
      "1": 71,
      "2": 0,
      "3": 71,
      "4": 0
    },
    "b": {
      "0": [
        71,
        0
      ],
      "1": [
        71,
        0
      ],
      "2": [
        71,
        71
      ],
      "3": [
        0,
        71
      ],
      "4": [
        0,
        0
      ],
      "5": [
        0,
        0
      ]
    },
    "inputSourceMap": {
      "mappings": "AAAA,SAAS,cAAc;AACvB,OAAO,YAAY;AACnB,OAAO,YAAY;;;AAEnB,SAAS,MAAM;CACb,OACE;EACE,wBAAC,QAAD,CAAS;;;;;EACT,wBAAC,QAAD,CAAS;;;;;EACT,wBAAC,QAAD,CAAS;;;;;CACT;;;;;AAEN;;AAEA,eAAe",
      "names": [],
      "sources": [
        "/home/hamza/Documents/projetsApprentissage/p3-devops/frontend/src/App.tsx"
      ],
      "version": 3
    },
    "_coverageSchema": "1a1c01bbd47fc00a2c39e90264f33305004495a9",
    "hash": "40d7c3110d8a7f4a78d034dbbc005c4852a42bcc"
  },
  "/home/hamza/Documents/projetsApprentissage/p3-devops/frontend/src/pages/pageHelpers.ts": {
    "path": "/home/hamza/Documents/projetsApprentissage/p3-devops/frontend/src/pages/pageHelpers.ts",
    "statementMap": {
      "0": {
        "start": {
          "line": 1,
          "column": 28
        },
        "end": {
          "line": 1,
          "column": 83
        }
      },
      "1": {
        "start": {
          "line": 4,
          "column": 17
        },
        "end": {
          "line": 4,
          "column": 56
        }
      },
      "2": {
        "start": {
          "line": 4,
          "column": 51
        },
        "end": {
          "line": 4,
          "column": 55
        }
      },
      "3": {
        "start": {
          "line": 5,
          "column": 17
        },
        "end": {
          "line": 5,
          "column": 89
        }
      },
      "4": {
        "start": {
          "line": 6,
          "column": 1
        },
        "end": {
          "line": 6,
          "column": 35
        }
      },
      "5": {
        "start": {
          "line": 10,
          "column": 1
        },
        "end": {
          "line": 12,
          "column": 2
        }
      },
      "6": {
        "start": {
          "line": 11,
          "column": 2
        },
        "end": {
          "line": 11,
          "column": 19
        }
      },
      "7": {
        "start": {
          "line": 13,
          "column": 14
        },
        "end": {
          "line": 13,
          "column": 18
        }
      },
      "8": {
        "start": {
          "line": 14,
          "column": 16
        },
        "end": {
          "line": 19,
          "column": 2
        }
      },
      "9": {
        "start": {
          "line": 20,
          "column": 15
        },
        "end": {
          "line": 20,
          "column": 59
        }
      },
      "10": {
        "start": {
          "line": 21,
          "column": 1
        },
        "end": {
          "line": 21,
          "column": 110
        }
      },
      "11": {
        "start": {
          "line": 24,
          "column": 27
        },
        "end": {
          "line": 24,
          "column": 45
        }
      },
      "12": {
        "start": {
          "line": 25,
          "column": 20
        },
        "end": {
          "line": 25,
          "column": 66
        }
      },
      "13": {
        "start": {
          "line": 26,
          "column": 1
        },
        "end": {
          "line": 26,
          "column": 63
        }
      },
      "14": {
        "start": {
          "line": 29,
          "column": 1
        },
        "end": {
          "line": 29,
          "column": 65
        }
      },
      "15": {
        "start": {
          "line": 32,
          "column": 1
        },
        "end": {
          "line": 32,
          "column": 60
        }
      },
      "16": {
        "start": {
          "line": 36,
          "column": 19
        },
        "end": {
          "line": 36,
          "column": 51
        }
      },
      "17": {
        "start": {
          "line": 37,
          "column": 16
        },
        "end": {
          "line": 37,
          "column": 43
        }
      },
      "18": {
        "start": {
          "line": 38,
          "column": 1
        },
        "end": {
          "line": 38,
          "column": 25
        }
      },
      "19": {
        "start": {
          "line": 39,
          "column": 1
        },
        "end": {
          "line": 39,
          "column": 28
        }
      },
      "20": {
        "start": {
          "line": 40,
          "column": 1
        },
        "end": {
          "line": 40,
          "column": 35
        }
      },
      "21": {
        "start": {
          "line": 41,
          "column": 1
        },
        "end": {
          "line": 41,
          "column": 16
        }
      },
      "22": {
        "start": {
          "line": 42,
          "column": 1
        },
        "end": {
          "line": 42,
          "column": 17
        }
      },
      "23": {
        "start": {
          "line": 43,
          "column": 1
        },
        "end": {
          "line": 43,
          "column": 39
        }
      }
    },
    "fnMap": {
      "0": {
        "name": "readApiError",
        "decl": {
          "start": {
            "line": 3,
            "column": 22
          },
          "end": {
            "line": 3,
            "column": 34
          }
        },
        "loc": {
          "start": {
            "line": 3,
            "column": 62
          },
          "end": {
            "line": 7,
            "column": 1
          }
        },
        "line": 3
      },
      "1": {
        "name": "(anonymous_1)",
        "decl": {
          "start": {
            "line": 4,
            "column": 45
          },
          "end": {
            "line": 4,
            "column": 46
          }
        },
        "loc": {
          "start": {
            "line": 4,
            "column": 51
          },
          "end": {
            "line": 4,
            "column": 55
          }
        },
        "line": 4
      },
      "2": {
        "name": "formatFileSize",
        "decl": {
          "start": {
            "line": 9,
            "column": 16
          },
          "end": {
            "line": 9,
            "column": 30
          }
        },
        "loc": {
          "start": {
            "line": 9,
            "column": 38
          },
          "end": {
            "line": 22,
            "column": 1
          }
        },
        "line": 9
      },
      "3": {
        "name": "getDaysLeft",
        "decl": {
          "start": {
            "line": 23,
            "column": 16
          },
          "end": {
            "line": 23,
            "column": 27
          }
        },
        "loc": {
          "start": {
            "line": 23,
            "column": 68
          },
          "end": {
            "line": 27,
            "column": 1
          }
        },
        "line": 23
      },
      "4": {
        "name": "getDownloadUrl",
        "decl": {
          "start": {
            "line": 28,
            "column": 16
          },
          "end": {
            "line": 28,
            "column": 30
          }
        },
        "loc": {
          "start": {
            "line": 28,
            "column": 45
          },
          "end": {
            "line": 30,
            "column": 1
          }
        },
        "line": 28
      },
      "5": {
        "name": "getDownloadToken",
        "decl": {
          "start": {
            "line": 31,
            "column": 16
          },
          "end": {
            "line": 31,
            "column": 32
          }
        },
        "loc": {
          "start": {
            "line": 31,
            "column": 47
          },
          "end": {
            "line": 33,
            "column": 1
          }
        },
        "line": 31
      },
      "6": {
        "name": "triggerBrowserDownload",
        "decl": {
          "start": {
            "line": 35,
            "column": 16
          },
          "end": {
            "line": 35,
            "column": 38
          }
        },
        "loc": {
          "start": {
            "line": 35,
            "column": 55
          },
          "end": {
            "line": 44,
            "column": 1
          }
        },
        "line": 35
      }
    },
    "branchMap": {
      "0": {
        "loc": {
          "start": {
            "line": 1,
            "column": 28
          },
          "end": {
            "line": 1,
            "column": 83
          }
        },
        "type": "binary-expr",
        "locations": [
          {
            "start": {
              "line": 1,
              "column": 28
            },
            "end": {
              "line": 1,
              "column": 56
            }
          },
          {
            "start": {
              "line": 1,
              "column": 60
            },
            "end": {
              "line": 1,
              "column": 83
            }
          }
        ],
        "line": 1
      },
      "1": {
        "loc": {
          "start": {
            "line": 5,
            "column": 17
          },
          "end": {
            "line": 5,
            "column": 89
          }
        },
        "type": "cond-expr",
        "locations": [
          {
            "start": {
              "line": 5,
              "column": 51
            },
            "end": {
              "line": 5,
              "column": 70
            }
          },
          {
            "start": {
              "line": 5,
              "column": 73
            },
            "end": {
              "line": 5,
              "column": 89
            }
          }
        ],
        "line": 5
      },
      "2": {
        "loc": {
          "start": {
            "line": 6,
            "column": 8
          },
          "end": {
            "line": 6,
            "column": 34
          }
        },
        "type": "binary-expr",
        "locations": [
          {
            "start": {
              "line": 6,
              "column": 8
            },
            "end": {
              "line": 6,
              "column": 15
            }
          },
          {
            "start": {
              "line": 6,
              "column": 19
            },
            "end": {
              "line": 6,
              "column": 34
            }
          }
        ],
        "line": 6
      },
      "3": {
        "loc": {
          "start": {
            "line": 10,
            "column": 1
          },
          "end": {
            "line": 12,
            "column": 2
          }
        },
        "type": "if",
        "locations": [
          {
            "start": {
              "line": 10,
              "column": 1
            },
            "end": {
              "line": 12,
              "column": 2
            }
          },
          {
            "start": {},
            "end": {}
          }
        ],
        "line": 10
      },
      "4": {
        "loc": {
          "start": {
            "line": 23,
            "column": 40
          },
          "end": {
            "line": 23,
            "column": 66
          }
        },
        "type": "default-arg",
        "locations": [
          {
            "start": {
              "line": 23,
              "column": 56
            },
            "end": {
              "line": 23,
              "column": 66
            }
          }
        ],
        "line": 23
      },
      "5": {
        "loc": {
          "start": {
            "line": 32,
            "column": 8
          },
          "end": {
            "line": 32,
            "column": 59
          }
        },
        "type": "binary-expr",
        "locations": [
          {
            "start": {
              "line": 32,
              "column": 8
            },
            "end": {
              "line": 32,
              "column": 53
            }
          },
          {
            "start": {
              "line": 32,
              "column": 57
            },
            "end": {
              "line": 32,
              "column": 59
            }
          }
        ],
        "line": 32
      }
    },
    "s": {
      "0": 71,
      "1": 7,
      "2": 0,
      "3": 7,
      "4": 7,
      "5": 47,
      "6": 0,
      "7": 47,
      "8": 47,
      "9": 47,
      "10": 47,
      "11": 62,
      "12": 62,
      "13": 62,
      "14": 9,
      "15": 9,
      "16": 5,
      "17": 5,
      "18": 5,
      "19": 5,
      "20": 5,
      "21": 5,
      "22": 5,
      "23": 5
    },
    "f": {
      "0": 7,
      "1": 0,
      "2": 47,
      "3": 62,
      "4": 9,
      "5": 9,
      "6": 5
    },
    "b": {
      "0": [
        71,
        71
      ],
      "1": [
        0,
        7
      ],
      "2": [
        7,
        0
      ],
      "3": [
        0,
        47
      ],
      "4": [
        54
      ],
      "5": [
        9,
        0
      ]
    },
    "inputSourceMap": {
      "mappings": "AAAA,OAAO,MAAM,eACX,OAAO,KAAK,IAAI,gBAAgB;;AAOlC,OAAO,eAAe,aACpB,UACA,iBACA;CACA,MAAM,UAAW,MAAM,SACpB,KAAK,EACL,YAAY,IAAI;CAEnB,MAAM,UAAU,MAAM,QAAQ,SAAS,OAAO,IAC1C,SAAS,QAAQ,KACjB,SAAS;CAEb,OAAO,WAAW;AACpB;;AAGA,OAAO,SAAS,eAAe,OAAe;CAC5C,IAAI,UAAU,GAAG;EACf,OAAO;CACT;CAEA,MAAM,OAAO;CACb,MAAM,SAAS;EAAC;EAAU;EAAM;EAAM;CAAI;CAC1C,MAAM,QAAQ,KAAK,MAAM,KAAK,IAAI,KAAK,IAAI,KAAK,IAAI,IAAI,CAAC;CAEzD,OAAO,GAAG,OAAO,YAAY,QAAQ,KAAK,IAAI,MAAM,KAAK,GAAG,QAAQ,CAAC,CAAC,EAAE,GAAG,OAAO,SAAS,QACzF,KACA,GACF;AACF;AAEA,OAAO,SAAS,YAAY,YAAoB,gBAAgB,KAAK,IAAI,GAAG;CAC1E,MAAM,oBAAoB,MAAO,KAAK,KAAK;CAC3C,MAAM,aAAa,IAAI,KAAK,UAAU,EAAE,QAAQ,IAAI;CAEpD,OAAO,KAAK,IAAI,GAAG,KAAK,KAAK,aAAa,iBAAiB,CAAC;AAC9D;AAEA,OAAO,SAAS,eAAe,cAAsB;CACnD,OAAO,IAAI,IAAI,cAAc,OAAO,SAAS,MAAM,EAAE,SAAS;AAChE;AAEA,OAAO,SAAS,iBAAiB,cAAsB;CACrD,OAAO,aAAa,MAAM,GAAG,EAAE,OAAO,OAAO,EAAE,IAAI,KAAK;AAC1D;;AAGA,OAAO,SAAS,uBAAuB,MAAY,UAAkB;CACnE,MAAM,YAAY,OAAO,IAAI,gBAAgB,IAAI;CACjD,MAAM,SAAS,SAAS,cAAc,GAAG;CAEzC,OAAO,OAAO;CACd,OAAO,WAAW;CAClB,SAAS,KAAK,YAAY,MAAM;CAChC,OAAO,MAAM;CACb,OAAO,OAAO;CACd,OAAO,IAAI,gBAAgB,SAAS;AACtC",
      "names": [],
      "sources": [
        "/home/hamza/Documents/projetsApprentissage/p3-devops/frontend/src/pages/pageHelpers.ts"
      ],
      "version": 3
    },
    "_coverageSchema": "1a1c01bbd47fc00a2c39e90264f33305004495a9",
    "hash": "74ab6450483bd716ee4074d4181d0e141857b4df"
  },
  "/home/hamza/Documents/projetsApprentissage/p3-devops/frontend/src/pages/Login.tsx": {
    "path": "/home/hamza/Documents/projetsApprentissage/p3-devops/frontend/src/pages/Login.tsx",
    "statementMap": {
      "0": {
        "start": {
          "line": 8,
          "column": 19
        },
        "end": {
          "line": 8,
          "column": 102
        }
      },
      "1": {
        "start": {
          "line": 10,
          "column": 9
        },
        "end": {
          "line": 10,
          "column": 23
        }
      },
      "2": {
        "start": {
          "line": 12,
          "column": 1
        },
        "end": {
          "line": 12,
          "column": 6
        }
      },
      "3": {
        "start": {
          "line": 13,
          "column": 27
        },
        "end": {
          "line": 13,
          "column": 39
        }
      },
      "4": {
        "start": {
          "line": 14,
          "column": 33
        },
        "end": {
          "line": 14,
          "column": 45
        }
      },
      "5": {
        "start": {
          "line": 15,
          "column": 27
        },
        "end": {
          "line": 15,
          "column": 39
        }
      },
      "6": {
        "start": {
          "line": 16,
          "column": 41
        },
        "end": {
          "line": 16,
          "column": 56
        }
      },
      "7": {
        "start": {
          "line": 17,
          "column": 18
        },
        "end": {
          "line": 17,
          "column": 31
        }
      },
      "8": {
        "start": {
          "line": 19,
          "column": 22
        },
        "end": {
          "line": 47,
          "column": 2
        }
      },
      "9": {
        "start": {
          "line": 20,
          "column": 2
        },
        "end": {
          "line": 20,
          "column": 25
        }
      },
      "10": {
        "start": {
          "line": 21,
          "column": 2
        },
        "end": {
          "line": 21,
          "column": 15
        }
      },
      "11": {
        "start": {
          "line": 22,
          "column": 2
        },
        "end": {
          "line": 22,
          "column": 24
        }
      },
      "12": {
        "start": {
          "line": 23,
          "column": 2
        },
        "end": {
          "line": 46,
          "column": 3
        }
      },
      "13": {
        "start": {
          "line": 24,
          "column": 24
        },
        "end": {
          "line": 24,
          "column": 36
        }
      },
      "14": {
        "start": {
          "line": 25,
          "column": 3
        },
        "end": {
          "line": 27,
          "column": 4
        }
      },
      "15": {
        "start": {
          "line": 26,
          "column": 4
        },
        "end": {
          "line": 26,
          "column": 52
        }
      },
      "16": {
        "start": {
          "line": 28,
          "column": 20
        },
        "end": {
          "line": 35,
          "column": 5
        }
      },
      "17": {
        "start": {
          "line": 36,
          "column": 3
        },
        "end": {
          "line": 38,
          "column": 4
        }
      },
      "18": {
        "start": {
          "line": 37,
          "column": 4
        },
        "end": {
          "line": 37,
          "column": 75
        }
      },
      "19": {
        "start": {
          "line": 39,
          "column": 19
        },
        "end": {
          "line": 39,
          "column": 40
        }
      },
      "20": {
        "start": {
          "line": 40,
          "column": 3
        },
        "end": {
          "line": 40,
          "column": 40
        }
      },
      "21": {
        "start": {
          "line": 41,
          "column": 3
        },
        "end": {
          "line": 41,
          "column": 25
        }
      },
      "22": {
        "start": {
          "line": 43,
          "column": 3
        },
        "end": {
          "line": 43,
          "column": 92
        }
      },
      "23": {
        "start": {
          "line": 45,
          "column": 3
        },
        "end": {
          "line": 45,
          "column": 26
        }
      },
      "24": {
        "start": {
          "line": 48,
          "column": 1
        },
        "end": {
          "line": 178,
          "column": 10
        }
      },
      "25": {
        "start": {
          "line": 82,
          "column": 29
        },
        "end": {
          "line": 82,
          "column": 64
        }
      },
      "26": {
        "start": {
          "line": 111,
          "column": 29
        },
        "end": {
          "line": 111,
          "column": 67
        }
      },
      "27": {
        "start": {
          "line": 180,
          "column": 0
        },
        "end": {
          "line": 182,
          "column": 3
        }
      },
      "28": {
        "start": {
          "line": 181,
          "column": 1
        },
        "end": {
          "line": 181,
          "column": 22
        }
      },
      "29": {
        "start": {
          "line": 183,
          "column": 0
        },
        "end": {
          "line": 183,
          "column": 11
        }
      },
      "30": {
        "start": {
          "line": 185,
          "column": 0
        },
        "end": {
          "line": 185,
          "column": 26
        }
      },
      "31": {
        "start": {
          "line": 187,
          "column": 20
        },
        "end": {
          "line": 187,
          "column": 97
        }
      },
      "32": {
        "start": {
          "line": 189,
          "column": 0
        },
        "end": {
          "line": 205,
          "column": 1
        }
      },
      "33": {
        "start": {
          "line": 190,
          "column": 2
        },
        "end": {
          "line": 194,
          "column": 3
        }
      },
      "34": {
        "start": {
          "line": 191,
          "column": 4
        },
        "end": {
          "line": 193,
          "column": 6
        }
      },
      "35": {
        "start": {
          "line": 196,
          "column": 25
        },
        "end": {
          "line": 196,
          "column": 52
        }
      },
      "36": {
        "start": {
          "line": 197,
          "column": 2
        },
        "end": {
          "line": 204,
          "column": 5
        }
      },
      "37": {
        "start": {
          "line": 198,
          "column": 4
        },
        "end": {
          "line": 198,
          "column": 151
        }
      },
      "38": {
        "start": {
          "line": 199,
          "column": 4
        },
        "end": {
          "line": 203,
          "column": 7
        }
      },
      "39": {
        "start": {
          "line": 200,
          "column": 6
        },
        "end": {
          "line": 200,
          "column": 31
        }
      },
      "40": {
        "start": {
          "line": 200,
          "column": 24
        },
        "end": {
          "line": 200,
          "column": 31
        }
      },
      "41": {
        "start": {
          "line": 201,
          "column": 32
        },
        "end": {
          "line": 201,
          "column": 200
        }
      },
      "42": {
        "start": {
          "line": 202,
          "column": 6
        },
        "end": {
          "line": 202,
          "column": 75
        }
      },
      "43": {
        "start": {
          "line": 202,
          "column": 29
        },
        "end": {
          "line": 202,
          "column": 75
        }
      },
      "44": {
        "start": {
          "line": 206,
          "column": 34
        },
        "end": {
          "line": 206,
          "column": 167
        }
      },
      "45": {
        "start": {
          "line": 207,
          "column": 26
        },
        "end": {
          "line": 207,
          "column": 86
        }
      }
    },
    "fnMap": {
      "0": {
        "name": "Login",
        "decl": {
          "start": {
            "line": 11,
            "column": 24
          },
          "end": {
            "line": 11,
            "column": 29
          }
        },
        "loc": {
          "start": {
            "line": 11,
            "column": 32
          },
          "end": {
            "line": 179,
            "column": 1
          }
        },
        "line": 11
      },
      "1": {
        "name": "(anonymous_1)",
        "decl": {
          "start": {
            "line": 19,
            "column": 22
          },
          "end": {
            "line": 19,
            "column": 23
          }
        },
        "loc": {
          "start": {
            "line": 19,
            "column": 39
          },
          "end": {
            "line": 47,
            "column": 2
          }
        },
        "line": 19
      },
      "2": {
        "name": "(anonymous_2)",
        "decl": {
          "start": {
            "line": 82,
            "column": 18
          },
          "end": {
            "line": 82,
            "column": 19
          }
        },
        "loc": {
          "start": {
            "line": 82,
            "column": 29
          },
          "end": {
            "line": 82,
            "column": 64
          }
        },
        "line": 82
      },
      "3": {
        "name": "(anonymous_3)",
        "decl": {
          "start": {
            "line": 111,
            "column": 18
          },
          "end": {
            "line": 111,
            "column": 19
          }
        },
        "loc": {
          "start": {
            "line": 111,
            "column": 29
          },
          "end": {
            "line": 111,
            "column": 67
          }
        },
        "line": 111
      },
      "4": {
        "name": "(anonymous_4)",
        "decl": {
          "start": {
            "line": 180,
            "column": 49
          },
          "end": {
            "line": 180,
            "column": 50
          }
        },
        "loc": {
          "start": {
            "line": 180,
            "column": 60
          },
          "end": {
            "line": 182,
            "column": 1
          }
        },
        "line": 180
      },
      "5": {
        "name": "(anonymous_5)",
        "decl": {
          "start": {
            "line": 197,
            "column": 17
          },
          "end": {
            "line": 197,
            "column": 18
          }
        },
        "loc": {
          "start": {
            "line": 197,
            "column": 23
          },
          "end": {
            "line": 204,
            "column": 3
          }
        },
        "line": 197
      },
      "6": {
        "name": "(anonymous_6)",
        "decl": {
          "start": {
            "line": 199,
            "column": 27
          },
          "end": {
            "line": 199,
            "column": 28
          }
        },
        "loc": {
          "start": {
            "line": 199,
            "column": 44
          },
          "end": {
            "line": 203,
            "column": 5
          }
        },
        "line": 199
      },
      "7": {
        "name": "$RefreshReg$",
        "decl": {
          "start": {
            "line": 206,
            "column": 9
          },
          "end": {
            "line": 206,
            "column": 21
          }
        },
        "loc": {
          "start": {
            "line": 206,
            "column": 32
          },
          "end": {
            "line": 206,
            "column": 169
          }
        },
        "line": 206
      },
      "8": {
        "name": "$RefreshSig$",
        "decl": {
          "start": {
            "line": 207,
            "column": 9
          },
          "end": {
            "line": 207,
            "column": 21
          }
        },
        "loc": {
          "start": {
            "line": 207,
            "column": 24
          },
          "end": {
            "line": 207,
            "column": 88
          }
        },
        "line": 207
      }
    },
    "branchMap": {
      "0": {
        "loc": {
          "start": {
            "line": 25,
            "column": 3
          },
          "end": {
            "line": 27,
            "column": 4
          }
        },
        "type": "if",
        "locations": [
          {
            "start": {
              "line": 25,
              "column": 3
            },
            "end": {
              "line": 27,
              "column": 4
            }
          },
          {
            "start": {},
            "end": {}
          }
        ],
        "line": 25
      },
      "1": {
        "loc": {
          "start": {
            "line": 36,
            "column": 3
          },
          "end": {
            "line": 38,
            "column": 4
          }
        },
        "type": "if",
        "locations": [
          {
            "start": {
              "line": 36,
              "column": 3
            },
            "end": {
              "line": 38,
              "column": 4
            }
          },
          {
            "start": {},
            "end": {}
          }
        ],
        "line": 36
      },
      "2": {
        "loc": {
          "start": {
            "line": 43,
            "column": 12
          },
          "end": {
            "line": 43,
            "column": 90
          }
        },
        "type": "cond-expr",
        "locations": [
          {
            "start": {
              "line": 43,
              "column": 44
            },
            "end": {
              "line": 43,
              "column": 64
            }
          },
          {
            "start": {
              "line": 43,
              "column": 67
            },
            "end": {
              "line": 43,
              "column": 90
            }
          }
        ],
        "line": 43
      },
      "3": {
        "loc": {
          "start": {
            "line": 124,
            "column": 6
          },
          "end": {
            "line": 131,
            "column": 14
          }
        },
        "type": "binary-expr",
        "locations": [
          {
            "start": {
              "line": 124,
              "column": 6
            },
            "end": {
              "line": 124,
              "column": 11
            }
          },
          {
            "start": {
              "line": 124,
              "column": 31
            },
            "end": {
              "line": 131,
              "column": 14
            }
          }
        ],
        "line": 124
      },
      "4": {
        "loc": {
          "start": {
            "line": 147,
            "column": 18
          },
          "end": {
            "line": 147,
            "column": 61
          }
        },
        "type": "cond-expr",
        "locations": [
          {
            "start": {
              "line": 147,
              "column": 33
            },
            "end": {
              "line": 147,
              "column": 47
            }
          },
          {
            "start": {
              "line": 147,
              "column": 50
            },
            "end": {
              "line": 147,
              "column": 61
            }
          }
        ],
        "line": 147
      },
      "5": {
        "loc": {
          "start": {
            "line": 187,
            "column": 20
          },
          "end": {
            "line": 187,
            "column": 97
          }
        },
        "type": "binary-expr",
        "locations": [
          {
            "start": {
              "line": 187,
              "column": 20
            },
            "end": {
              "line": 187,
              "column": 60
            }
          },
          {
            "start": {
              "line": 187,
              "column": 64
            },
            "end": {
              "line": 187,
              "column": 97
            }
          }
        ],
        "line": 187
      },
      "6": {
        "loc": {
          "start": {
            "line": 189,
            "column": 0
          },
          "end": {
            "line": 205,
            "column": 1
          }
        },
        "type": "if",
        "locations": [
          {
            "start": {
              "line": 189,
              "column": 0
            },
            "end": {
              "line": 205,
              "column": 1
            }
          },
          {
            "start": {},
            "end": {}
          }
        ],
        "line": 189
      },
      "7": {
        "loc": {
          "start": {
            "line": 189,
            "column": 4
          },
          "end": {
            "line": 189,
            "column": 35
          }
        },
        "type": "binary-expr",
        "locations": [
          {
            "start": {
              "line": 189,
              "column": 4
            },
            "end": {
              "line": 189,
              "column": 19
            }
          },
          {
            "start": {
              "line": 189,
              "column": 23
            },
            "end": {
              "line": 189,
              "column": 35
            }
          }
        ],
        "line": 189
      },
      "8": {
        "loc": {
          "start": {
            "line": 190,
            "column": 2
          },
          "end": {
            "line": 194,
            "column": 3
          }
        },
        "type": "if",
        "locations": [
          {
            "start": {
              "line": 190,
              "column": 2
            },
            "end": {
              "line": 194,
              "column": 3
            }
          },
          {
            "start": {},
            "end": {}
          }
        ],
        "line": 190
      },
      "9": {
        "loc": {
          "start": {
            "line": 200,
            "column": 6
          },
          "end": {
            "line": 200,
            "column": 31
          }
        },
        "type": "if",
        "locations": [
          {
            "start": {
              "line": 200,
              "column": 6
            },
            "end": {
              "line": 200,
              "column": 31
            }
          },
          {
            "start": {},
            "end": {}
          }
        ],
        "line": 200
      },
      "10": {
        "loc": {
          "start": {
            "line": 202,
            "column": 6
          },
          "end": {
            "line": 202,
            "column": 75
          }
        },
        "type": "if",
        "locations": [
          {
            "start": {
              "line": 202,
              "column": 6
            },
            "end": {
              "line": 202,
              "column": 75
            }
          },
          {
            "start": {},
            "end": {}
          }
        ],
        "line": 202
      }
    },
    "s": {
      "0": 71,
      "1": 71,
      "2": 1339,
      "3": 1339,
      "4": 1339,
      "5": 1339,
      "6": 1339,
      "7": 1339,
      "8": 1339,
      "9": 33,
      "10": 33,
      "11": 33,
      "12": 33,
      "13": 33,
      "14": 33,
      "15": 0,
      "16": 33,
      "17": 33,
      "18": 0,
      "19": 33,
      "20": 33,
      "21": 33,
      "22": 0,
      "23": 33,
      "24": 1339,
      "25": 831,
      "26": 396,
      "27": 71,
      "28": 46,
      "29": 71,
      "30": 71,
      "31": 71,
      "32": 71,
      "33": 71,
      "34": 0,
      "35": 71,
      "36": 71,
      "37": 71,
      "38": 71,
      "39": 0,
      "40": 0,
      "41": 0,
      "42": 0,
      "43": 0,
      "44": 71,
      "45": 71
    },
    "f": {
      "0": 1339,
      "1": 33,
      "2": 831,
      "3": 396,
      "4": 46,
      "5": 71,
      "6": 0,
      "7": 71,
      "8": 71
    },
    "b": {
      "0": [
        0,
        33
      ],
      "1": [
        0,
        33
      ],
      "2": [
        0,
        0
      ],
      "3": [
        1339,
        0
      ],
      "4": [
        33,
        1306
      ],
      "5": [
        71,
        0
      ],
      "6": [
        71,
        0
      ],
      "7": [
        71,
        71
      ],
      "8": [
        0,
        71
      ],
      "9": [
        0,
        0
      ],
      "10": [
        0,
        0
      ]
    },
    "inputSourceMap": {
      "mappings": "AAAA,SAAyB,gBAAgB;AACzC,SAAS,SAAS,mBAAmB;AACrC,SAAS,sBAAsB;AAC/B,SAAS,cAAc,oBAAoB;AAC3C,OAAO;AACP,OAAO;AACP,OAAO;;;;AAMP,eAAe,SAAS,QAAQ;;CAC9B,MAAM,CAAC,OAAO,YAAY,SAAS,EAAE;CACrC,MAAM,CAAC,UAAU,eAAe,SAAS,EAAE;CAC3C,MAAM,CAAC,OAAO,YAAY,SAAS,EAAE;CACrC,MAAM,CAAC,cAAc,mBAAmB,SAAS,KAAK;CACtD,MAAM,WAAW,YAAY;;CAG7B,MAAM,eAAe,OAAO,UAAsC;EAChE,MAAM,eAAe;EACrB,SAAS,EAAE;EACX,gBAAgB,IAAI;EAEpB,IAAI;GACF,MAAM,eAAe,MAAM,KAAK;GAEhC,IAAI,CAAC,cAAc;IACjB,MAAM,IAAI,MAAM,8BAA8B;GAChD;GAEA,MAAM,WAAW,MAAM,MAAM,GAAG,aAAa,cAAc;IACzD,QAAQ;IACR,SAAS,EACP,gBAAgB,mBAClB;IACA,MAAM,KAAK,UAAU;KAAE,OAAO;KAAc;IAAS,CAAC;GACxD,CAAC;GAED,IAAI,CAAC,SAAS,IAAI;IAChB,MAAM,IAAI,MAAM,MAAM,aAAa,UAAU,uBAAuB,CAAC;GACvE;GAEA,MAAM,UAAW,MAAM,SAAS,KAAK;GACrC,eAAe,QAAQ,YAAY;GACnC,SAAS,WAAW;EACtB,SAAS,cAAc;GACrB,SACE,wBAAwB,QACpB,aAAa,UACb,uBACN;EACF,UAAU;GACR,gBAAgB,KAAK;EACvB;CACF;CAEA,OACE,wBAAC,OAAD;EAAK,WAAU;YACb,wBAAC,QAAD;GAAM,WAAU;aACd,wBAAC,WAAD;IAAS,WAAU;cAAnB,CACE,wBAAC,MAAD;KAAI,WAAU;eAAoB;IAAa;;;;cAE/C,wBAAC,QAAD;KACE,WAAU;KACV,UAAU;KACV,WAAQ;eAHV;MAKE,wBAAC,OAAD;OAAK,WAAU;iBAAf,CACE,wBAAC,SAAD;QAAO,SAAQ;QAAQ,WAAU;kBAAe;OAEzC;;;;iBACP,wBAAC,SAAD;QACE,IAAG;QACH,MAAK;QACL;QACA,aAAY;QACZ,OAAO;QACP,WAAW,UAAU,SAAS,MAAM,cAAc,KAAK;QACvD,WAAU;QACV,WAAQ;OACT;;;;eACE;;;;;;MAEL,wBAAC,OAAD;OAAK,WAAU;iBAAf,CACE,wBAAC,SAAD;QAAO,SAAQ;QAAW,WAAU;kBAAe;OAE5C;;;;iBACP,wBAAC,SAAD;QACE,IAAG;QACH,MAAK;QACL;QACA,aAAY;QACZ,OAAO;QACP,WAAW,UAAU,YAAY,MAAM,cAAc,KAAK;QAC1D,WAAU;QACV,WAAQ;OACT;;;;eACE;;;;;;MAEJ,SAAS,wBAAC,KAAD;OAAG,WAAU;iBAAsB;MAAS;;;;;MAEtD,wBAAC,OAAD;OAAK,WAAU;iBAAf,CACE,wBAAC,SAAD;QACE,IAAG;QACH,WAAU;kBACX;OAEQ;;;;iBACT,wBAAC,UAAD;QACE,MAAK;QACL,WAAU;QACV,UAAU;QACV,WAAQ;kBAEP,eAAe,iBAAiB;OAC3B;;;;eACL;;;;;;KACD;;;;;YACC;;;;;;EACL;;;;;CACH;;;;;AAET",
      "names": [],
      "sources": [
        "/home/hamza/Documents/projetsApprentissage/p3-devops/frontend/src/pages/Login.tsx"
      ],
      "version": 3
    },
    "_coverageSchema": "1a1c01bbd47fc00a2c39e90264f33305004495a9",
    "hash": "74858ffc24168b5539935a6e49cc5f379fa06e4e"
  },
  "/home/hamza/Documents/projetsApprentissage/p3-devops/frontend/src/pages/Register.tsx": {
    "path": "/home/hamza/Documents/projetsApprentissage/p3-devops/frontend/src/pages/Register.tsx",
    "statementMap": {
      "0": {
        "start": {
          "line": 7,
          "column": 19
        },
        "end": {
          "line": 7,
          "column": 105
        }
      },
      "1": {
        "start": {
          "line": 9,
          "column": 9
        },
        "end": {
          "line": 9,
          "column": 23
        }
      },
      "2": {
        "start": {
          "line": 11,
          "column": 1
        },
        "end": {
          "line": 11,
          "column": 6
        }
      },
      "3": {
        "start": {
          "line": 12,
          "column": 27
        },
        "end": {
          "line": 12,
          "column": 39
        }
      },
      "4": {
        "start": {
          "line": 13,
          "column": 33
        },
        "end": {
          "line": 13,
          "column": 45
        }
      },
      "5": {
        "start": {
          "line": 14,
          "column": 57
        },
        "end": {
          "line": 14,
          "column": 69
        }
      },
      "6": {
        "start": {
          "line": 15,
          "column": 27
        },
        "end": {
          "line": 15,
          "column": 39
        }
      },
      "7": {
        "start": {
          "line": 16,
          "column": 41
        },
        "end": {
          "line": 16,
          "column": 56
        }
      },
      "8": {
        "start": {
          "line": 17,
          "column": 18
        },
        "end": {
          "line": 17,
          "column": 31
        }
      },
      "9": {
        "start": {
          "line": 18,
          "column": 22
        },
        "end": {
          "line": 18,
          "column": 73
        }
      },
      "10": {
        "start": {
          "line": 18,
          "column": 33
        },
        "end": {
          "line": 18,
          "column": 73
        }
      },
      "11": {
        "start": {
          "line": 19,
          "column": 22
        },
        "end": {
          "line": 56,
          "column": 2
        }
      },
      "12": {
        "start": {
          "line": 20,
          "column": 2
        },
        "end": {
          "line": 20,
          "column": 25
        }
      },
      "13": {
        "start": {
          "line": 21,
          "column": 2
        },
        "end": {
          "line": 21,
          "column": 15
        }
      },
      "14": {
        "start": {
          "line": 22,
          "column": 23
        },
        "end": {
          "line": 22,
          "column": 35
        }
      },
      "15": {
        "start": {
          "line": 23,
          "column": 26
        },
        "end": {
          "line": 23,
          "column": 41
        }
      },
      "16": {
        "start": {
          "line": 24,
          "column": 2
        },
        "end": {
          "line": 27,
          "column": 3
        }
      },
      "17": {
        "start": {
          "line": 25,
          "column": 3
        },
        "end": {
          "line": 25,
          "column": 57
        }
      },
      "18": {
        "start": {
          "line": 26,
          "column": 3
        },
        "end": {
          "line": 26,
          "column": 10
        }
      },
      "19": {
        "start": {
          "line": 28,
          "column": 2
        },
        "end": {
          "line": 31,
          "column": 3
        }
      },
      "20": {
        "start": {
          "line": 29,
          "column": 3
        },
        "end": {
          "line": 29,
          "column": 55
        }
      },
      "21": {
        "start": {
          "line": 30,
          "column": 3
        },
        "end": {
          "line": 30,
          "column": 10
        }
      },
      "22": {
        "start": {
          "line": 32,
          "column": 2
        },
        "end": {
          "line": 35,
          "column": 3
        }
      },
      "23": {
        "start": {
          "line": 33,
          "column": 3
        },
        "end": {
          "line": 33,
          "column": 65
        }
      },
      "24": {
        "start": {
          "line": 34,
          "column": 3
        },
        "end": {
          "line": 34,
          "column": 10
        }
      },
      "25": {
        "start": {
          "line": 36,
          "column": 2
        },
        "end": {
          "line": 36,
          "column": 24
        }
      },
      "26": {
        "start": {
          "line": 37,
          "column": 2
        },
        "end": {
          "line": 55,
          "column": 3
        }
      },
      "27": {
        "start": {
          "line": 38,
          "column": 20
        },
        "end": {
          "line": 45,
          "column": 5
        }
      },
      "28": {
        "start": {
          "line": 46,
          "column": 3
        },
        "end": {
          "line": 48,
          "column": 4
        }
      },
      "29": {
        "start": {
          "line": 47,
          "column": 4
        },
        "end": {
          "line": 47,
          "column": 84
        }
      },
      "30": {
        "start": {
          "line": 49,
          "column": 3
        },
        "end": {
          "line": 49,
          "column": 43
        }
      },
      "31": {
        "start": {
          "line": 49,
          "column": 37
        },
        "end": {
          "line": 49,
          "column": 41
        }
      },
      "32": {
        "start": {
          "line": 50,
          "column": 3
        },
        "end": {
          "line": 50,
          "column": 22
        }
      },
      "33": {
        "start": {
          "line": 52,
          "column": 3
        },
        "end": {
          "line": 52,
          "column": 101
        }
      },
      "34": {
        "start": {
          "line": 54,
          "column": 3
        },
        "end": {
          "line": 54,
          "column": 26
        }
      },
      "35": {
        "start": {
          "line": 57,
          "column": 1
        },
        "end": {
          "line": 218,
          "column": 10
        }
      },
      "36": {
        "start": {
          "line": 91,
          "column": 29
        },
        "end": {
          "line": 91,
          "column": 64
        }
      },
      "37": {
        "start": {
          "line": 121,
          "column": 29
        },
        "end": {
          "line": 121,
          "column": 67
        }
      },
      "38": {
        "start": {
          "line": 151,
          "column": 29
        },
        "end": {
[...]
            "column": 3
          }
        },
        "line": 88
      },
      "2": {
        "name": "(anonymous_2)",
        "decl": {
          "start": {
            "line": 90,
            "column": 27
          },
          "end": {
            "line": 90,
            "column": 28
          }
        },
        "loc": {
          "start": {
            "line": 90,
            "column": 44
          },
          "end": {
            "line": 94,
            "column": 5
          }
        },
        "line": 90
      },
      "3": {
        "name": "$RefreshReg$",
        "decl": {
          "start": {
            "line": 97,
            "column": 9
          },
          "end": {
            "line": 97,
            "column": 21
          }
        },
        "loc": {
          "start": {
            "line": 97,
            "column": 32
          },
          "end": {
            "line": 97,
            "column": 164
          }
        },
        "line": 97
      },
      "4": {
        "name": "$RefreshSig$",
        "decl": {
          "start": {
            "line": 98,
            "column": 9
          },
          "end": {
            "line": 98,
            "column": 21
          }
        },
        "loc": {
          "start": {
            "line": 98,
            "column": 24
          },
          "end": {
            "line": 98,
            "column": 88
          }
        },
        "line": 98
      }
    },
    "branchMap": {
      "0": {
        "loc": {
          "start": {
            "line": 15,
            "column": 8
          },
          "end": {
            "line": 26,
            "column": 9
          }
        },
        "type": "cond-expr",
        "locations": [
          {
            "start": {
              "line": 15,
              "column": 44
            },
            "end": {
              "line": 19,
              "column": 9
            }
          },
          {
            "start": {
              "line": 19,
              "column": 28
            },
            "end": {
              "line": 26,
              "column": 9
            }
          }
        ],
        "line": 15
      },
      "1": {
        "loc": {
          "start": {
            "line": 78,
            "column": 20
          },
          "end": {
            "line": 78,
            "column": 97
          }
        },
        "type": "binary-expr",
        "locations": [
          {
            "start": {
              "line": 78,
              "column": 20
            },
            "end": {
              "line": 78,
              "column": 60
            }
          },
          {
            "start": {
              "line": 78,
              "column": 64
            },
            "end": {
              "line": 78,
              "column": 97
            }
          }
        ],
        "line": 78
      },
      "2": {
        "loc": {
          "start": {
            "line": 80,
            "column": 0
          },
          "end": {
            "line": 96,
            "column": 1
          }
        },
        "type": "if",
        "locations": [
          {
            "start": {
              "line": 80,
              "column": 0
            },
            "end": {
              "line": 96,
              "column": 1
            }
          },
          {
            "start": {},
            "end": {}
          }
        ],
        "line": 80
      },
      "3": {
        "loc": {
          "start": {
            "line": 80,
            "column": 4
          },
          "end": {
            "line": 80,
            "column": 35
          }
        },
        "type": "binary-expr",
        "locations": [
          {
            "start": {
              "line": 80,
              "column": 4
            },
            "end": {
              "line": 80,
              "column": 19
            }
          },
          {
            "start": {
              "line": 80,
              "column": 23
            },
            "end": {
              "line": 80,
              "column": 35
            }
          }
        ],
        "line": 80
      },
      "4": {
        "loc": {
          "start": {
            "line": 81,
            "column": 2
          },
          "end": {
            "line": 85,
            "column": 3
          }
        },
        "type": "if",
        "locations": [
          {
            "start": {
              "line": 81,
              "column": 2
            },
            "end": {
              "line": 85,
              "column": 3
            }
          },
          {
            "start": {},
            "end": {}
          }
        ],
        "line": 81
      },
      "5": {
        "loc": {
          "start": {
            "line": 91,
            "column": 6
          },
          "end": {
            "line": 91,
            "column": 31
          }
        },
        "type": "if",
        "locations": [
          {
            "start": {
              "line": 91,
              "column": 6
            },
            "end": {
              "line": 91,
              "column": 31
            }
          },
          {
            "start": {},
            "end": {}
          }
        ],
        "line": 91
      },
      "6": {
        "loc": {
          "start": {
            "line": 93,
            "column": 6
          },
          "end": {
            "line": 93,
            "column": 75
          }
        },
        "type": "if",
        "locations": [
          {
            "start": {
              "line": 93,
              "column": 6
            },
            "end": {
              "line": 93,
              "column": 75
            }
          },
          {
            "start": {},
            "end": {}
          }
        ],
        "line": 93
      }
    },
    "s": {
      "0": 10,
      "1": 65,
      "2": 71,
      "3": 10,
      "4": 10,
      "5": 10,
      "6": 10,
      "7": 10,
      "8": 0,
      "9": 10,
      "10": 10,
      "11": 10,
      "12": 10,
      "13": 0,
      "14": 0,
      "15": 0,
      "16": 0,
      "17": 0,
      "18": 10,
      "19": 0,
      "20": 61,
      "21": 61
    },
    "f": {
      "0": 4,
      "1": 10,
      "2": 0,
      "3": 10,
      "4": 0
    },
    "b": {
      "0": [
        4,
        0
      ],
      "1": [
        10,
        0
      ],
      "2": [
        10,
        0
      ],
      "3": [
        10,
        10
      ],
      "4": [
        0,
        10
      ],
      "5": [
        0,
        0
      ],
      "6": [
        0,
        0
      ]
    },
    "inputSourceMap": {
      "mappings": "AAAA,SAAS,2BAA2B;AACpC,OAAO,SAAS;AAChB,OAAO,WAAW;AAClB,OAAO,cAAc;AACrB,OAAO,iBAAiB;AACxB,OAAO,YAAY;AACnB,OAAO,cAAc;AACrB,OAAO,aAAa;AACpB,OAAO,kBAAkB;AACzB,SAAS,uBAAuB;AAChC,SAAS,gBAAgB;;;AAEzB,SAAS,eAAe,EAAE,YAA2C;CACnE,OAAO,gBAAgB,IAAI,qCAAG,SAAW;;;;YAAI,wBAAC,UAAD;EAAU,IAAG;EAAS;CAAS;;;;;AAC9E;;AAEA,OAAO,MAAM,SAAS,oBAAoB,CACxC;CACE,MAAM;CACN,WAAW;CACX,UAAU;EACR;GAAE,OAAO;GAAM,WAAW;EAAY;EACtC;GAAE,MAAM;GAAW,WAAW;EAAY;EAC1C;GAAE,MAAM;GAAS,WAAW;EAAM;EAClC;GAAE,MAAM;GAAY,WAAW;EAAS;EACxC;GAAE,MAAM;GAAU,WAAW;EAAO;EACpC;GAAE,MAAM;GAAmB,WAAW;EAAS;EAC/C;GACE,MAAM;GACN,SACE,wBAAC,gBAAD,YACE,wBAAC,SAAD,CAAU;;;;YACI;;;;;EAEpB;EACA;GACE,MAAM;GACN,WAAW;EACb;CACF;AACF,CACF,CAAC",
      "names": [],
      "sources": [
        "/home/hamza/Documents/projetsApprentissage/p3-devops/frontend/src/router.tsx"
      ],
      "version": 3
    },
    "_coverageSchema": "1a1c01bbd47fc00a2c39e90264f33305004495a9",
    "hash": "99ed37c92049625399ddd0ccd6a2820eb39bcd23"
  },
  "/home/hamza/Documents/projetsApprentissage/p3-devops/frontend/src/main.tsx": {
    "path": "/home/hamza/Documents/projetsApprentissage/p3-devops/frontend/src/main.tsx",
    "statementMap": {
      "0": {
        "start": {
          "line": 5,
          "column": 19
        },
        "end": {
          "line": 5,
          "column": 95
        }
      },
      "1": {
        "start": {
          "line": 7,
          "column": 0
        },
        "end": {
          "line": 11,
          "column": 10
        }
      }
    },
    "fnMap": {},
    "branchMap": {},
    "s": {
      "0": 71,
      "1": 71
    },
    "f": {},
    "b": {},
    "inputSourceMap": {
      "mappings": "AAAA,SAAS,kBAAkB;AAC3B,SAAS,sBAAsB;AAC/B,OAAO;AACP,SAAS,cAAc;;;AAEvB,WAAW,SAAS,eAAe,MAAM,CAAE,EAAE,OAC3C,wBAAC,gBAAD,EAAwB,OAAS;;;;QACnC",
      "names": [],
      "sources": [
        "/home/hamza/Documents/projetsApprentissage/p3-devops/frontend/src/main.tsx"
      ],
      "version": 3
    },
    "_coverageSchema": "1a1c01bbd47fc00a2c39e90264f33305004495a9",
    "hash": "4b0cc48b5503b0c75c3897607ee5fe9e2b6b420b"
  },
  "/home/hamza/Documents/projetsApprentissage/p3-devops/frontend/src/ProtectedRoute.tsx": {
    "path": "/home/hamza/Documents/projetsApprentissage/p3-devops/frontend/src/ProtectedRoute.tsx",
    "statementMap": {
      "0": {
        "start": {
          "line": 3,
          "column": 19
        },
        "end": {
          "line": 3,
          "column": 105
        }
      },
      "1": {
        "start": {
          "line": 9,
          "column": 1
        },
        "end": {
          "line": 20,
          "column": 10
        }
      },
      "2": {
        "start": {
          "line": 22,
          "column": 0
        },
        "end": {
          "line": 22,
          "column": 20
        }
      },
      "3": {
        "start": {
          "line": 24,
          "column": 0
        },
        "end": {
          "line": 24,
          "column": 35
        }
      },
      "4": {
        "start": {
          "line": 26,
          "column": 20
        },
        "end": {
          "line": 26,
          "column": 97
        }
      },
      "5": {
        "start": {
          "line": 28,
          "column": 0
        },
        "end": {
          "line": 44,
          "column": 1
        }
      },
      "6": {
        "start": {
          "line": 29,
          "column": 2
        },
        "end": {
          "line": 33,
          "column": 3
        }
      },
      "7": {
        "start": {
          "line": 30,
          "column": 4
        },
        "end": {
          "line": 32,
          "column": 6
        }
      },
      "8": {
        "start": {
          "line": 35,
          "column": 25
        },
        "end": {
          "line": 35,
          "column": 52
        }
      },
      "9": {
        "start": {
          "line": 36,
          "column": 2
        },
        "end": {
          "line": 43,
          "column": 5
        }
      },
      "10": {
        "start": {
          "line": 37,
          "column": 4
        },
        "end": {
          "line": 37,
          "column": 154
        }
      },
      "11": {
        "start": {
          "line": 38,
          "column": 4
        },
        "end": {
          "line": 42,
          "column": 7
        }
      },
      "12": {
        "start": {
          "line": 39,
          "column": 6
        },
        "end": {
          "line": 39,
          "column": 31
        }
      },
      "13": {
        "start": {
          "line": 39,
          "column": 24
        },
        "end": {
          "line": 39,
          "column": 31
        }
      },
      "14": {
        "start": {
          "line": 40,
          "column": 32
        },
        "end": {
          "line": 40,
          "column": 203
        }
      },
      "15": {
        "start": {
          "line": 41,
          "column": 6
        },
        "end": {
          "line": 41,
          "column": 75
        }
      },
      "16": {
        "start": {
          "line": 41,
          "column": 29
        },
        "end": {
          "line": 41,
          "column": 75
        }
      },
      "17": {
        "start": {
          "line": 45,
          "column": 34
        },
        "end": {
          "line": 45,
          "column": 170
        }
      },
      "18": {
        "start": {
          "line": 46,
          "column": 26
        },
        "end": {
          "line": 46,
          "column": 86
        }
      }
    },
    "fnMap": {
      "0": {
        "name": "ProtectedRoute",
        "decl": {
          "start": {
            "line": 8,
            "column": 24
          },
          "end": {
            "line": 8,
            "column": 38
          }
        },
        "loc": {
          "start": {
            "line": 8,
            "column": 53
          },
          "end": {
            "line": 21,
            "column": 1
          }
        },
        "line": 8
      },
      "1": {
        "name": "(anonymous_1)",
        "decl": {
          "start": {
            "line": 36,
            "column": 17
          },
          "end": {
            "line": 36,
            "column": 18
          }
        },
        "loc": {
          "start": {
            "line": 36,
            "column": 23
          },
          "end": {
            "line": 43,
            "column": 3
          }
        },
        "line": 36
      },
      "2": {
        "name": "(anonymous_2)",
        "decl": {
          "start": {
            "line": 38,
            "column": 27
          },
          "end": {
            "line": 38,
            "column": 28
          }
        },
        "loc": {
          "start": {
            "line": 38,
            "column": 44
          },
          "end": {
            "line": 42,
            "column": 5
          }
        },
        "line": 38
      },
      "3": {
        "name": "$RefreshReg$",
        "decl": {
          "start": {
            "line": 45,
            "column": 9
          },
          "end": {
            "line": 45,
            "column": 21
          }
        },
        "loc": {
          "start": {
            "line": 45,
            "column": 32
          },
          "end": {
            "line": 45,
            "column": 172
          }
        },
        "line": 45
      },
      "4": {
        "name": "$RefreshSig$",
        "decl": {
          "start": {
            "line": 46,
            "column": 9
          },
          "end": {
            "line": 46,
            "column": 21
          }
        },
        "loc": {
          "start": {
            "line": 46,
            "column": 24
          },
          "end": {
            "line": 46,
            "column": 88
          }
        },
        "line": 46
      }
    },
    "branchMap": {
      "0": {
        "loc": {
          "start": {
            "line": 9,
            "column": 8
          },
          "end": {
            "line": 20,
            "column": 9
          }
        },
        "type": "cond-expr",
        "locations": [
          {
            "start": {
              "line": 9,
              "column": 44
            },
            "end": {
              "line": 13,
              "column": 9
            }
          },
          {
            "start": {
              "line": 13,
              "column": 28
            },
            "end": {
              "line": 20,
              "column": 9
            }
          }
        ],
        "line": 9
      },
      "1": {
        "loc": {
          "start": {
            "line": 26,
            "column": 20
          },
          "end": {
            "line": 26,
            "column": 97
          }
        },
        "type": "binary-expr",
        "locations": [
          {
            "start": {
              "line": 26,
              "column": 20
            },
            "end": {
              "line": 26,
              "column": 60
            }
          },
          {
            "start": {
              "line": 26,
              "column": 64
            },
            "end": {
              "line": 26,
              "column": 97
            }
          }
        ],
        "line": 26
      },
      "2": {
        "loc": {
          "start": {
            "line": 28,
            "column": 0
          },
          "end": {
            "line": 44,
            "column": 1
          }
        },
        "type": "if",
        "locations": [
          {
            "start": {
              "line": 28,
              "column": 0
            },
            "end": {
              "line": 44,
              "column": 1
            }
          },
          {
            "start": {},
            "end": {}
          }
        ],
        "line": 28
      },
      "3": {
        "loc": {
          "start": {
            "line": 28,
            "column": 4
          },
          "end": {
            "line": 28,
            "column": 35
          }
        },
        "type": "binary-expr",
        "locations": [
          {
            "start": {
              "line": 28,
              "column": 4
            },
            "end": {
              "line": 28,
              "column": 19
            }
          },
          {
            "start": {
              "line": 28,
              "column": 23
            },
            "end": {
              "line": 28,
              "column": 35
            }
          }
        ],
        "line": 28
      },
      "4": {
        "loc": {
          "start": {
            "line": 29,
            "column": 2
          },
          "end": {
            "line": 33,
            "column": 3
          }
        },
        "type": "if",
        "locations": [
          {
            "start": {
              "line": 29,
              "column": 2
            },
            "end": {
              "line": 33,
              "column": 3
            }
          },
          {
            "start": {},
            "end": {}
          }
        ],
        "line": 29
      },
      "5": {
        "loc": {
          "start": {
            "line": 39,
            "column": 6
          },
          "end": {
            "line": 39,
            "column": 31
          }
        },
        "type": "if",
        "locations": [
          {
            "start": {
              "line": 39,
              "column": 6
            },
            "end": {
              "line": 39,
              "column": 31
            }
          },
          {
            "start": {},
            "end": {}
          }
        ],
        "line": 39
      },
      "6": {
        "loc": {
          "start": {
            "line": 41,
            "column": 6
          },
          "end": {
            "line": 41,
            "column": 75
          }
        },
        "type": "if",
        "locations": [
          {
            "start": {
              "line": 41,
              "column": 6
            },
            "end": {
              "line": 41,
              "column": 75
            }
          },
          {
            "start": {},
            "end": {}
          }
        ],
        "line": 41
      }
    },
    "s": {
      "0": 61,
      "1": 32,
      "2": 61,
      "3": 61,
      "4": 61,
      "5": 61,
      "6": 61,
      "7": 0,
      "8": 61,
      "9": 61,
      "10": 61,
      "11": 61,
      "12": 0,
      "13": 0,
      "14": 0,
      "15": 0,
      "16": 0,
      "17": 61,
      "18": 0
    },
    "f": {
      "0": 32,
      "1": 61,
      "2": 0,
      "3": 61,
      "4": 0
    },
    "b": {
      "0": [
        32,
        0
      ],
      "1": [
        61,
        0
      ],
      "2": [
        61,
        0
      ],
      "3": [
        61,
        61
      ],
      "4": [
        0,
        61
      ],
      "5": [
        0,
        0
      ],
      "6": [
        0,
        0
      ]
    },
    "inputSourceMap": {
      "mappings": "AAAA,SAAS,gBAAgB;AACzB,SAAS,uBAAuB;;;;;;AAKhC,eAAe,SAAS,eAAe,EACrC,YAGC;CACD,OAAO,gBAAgB,IAAI,qCAAG,SAAW;;;;YAAI,wBAAC,UAAD;EAAU,IAAG;EAAS;CAAS;;;;;AAC9E",
      "names": [],
      "sources": [
        "/home/hamza/Documents/projetsApprentissage/p3-devops/frontend/src/ProtectedRoute.tsx"
      ],
      "version": 3
    },
    "_coverageSchema": "1a1c01bbd47fc00a2c39e90264f33305004495a9",
    "hash": "bba420f17c64376e140f1d0b2422a6de53c65b02"
  }
}