{"/home/hamza/Documents/projetsApprentissage/p3-devops/backend/src/app.controller.ts":{"path":"/home/hamza/Documents/projetsApprentissage/p3-devops/backend/src/app.controller.ts","statementMap":{"0":{"start":{"line":1,"column":0},"end":{"line":1,"column":49}},"1":{"start":{"line":2,"column":0},"end":{"line":2,"column":56}},"2":{"start":{"line":3,"column":0},"end":{"line":3,"column":43}},"3":{"start":{"line":7,"column":7},"end":{"line":21,"column":null}},"4":{"start":{"line":8,"column":31},"end":{"line":8,"column":43}},"5":{"start":{"line":13,"column":4},"end":{"line":13,"column":38}},"6":{"start":{"line":19,"column":4},"end":{"line":19,"column":42}},"7":{"start":{"line":7,"column":13},"end":{"line":7,"column":26}},"8":{"start":{"line":12,"column":2},"end":{"line":14,"column":null}},"9":{"start":{"line":18,"column":8},"end":{"line":20,"column":null}},"10":{"start":{"line":7,"column":13},"end":{"line":21,"column":null}}},"fnMap":{"0":{"name":"(anonymous_2)","decl":{"start":{"line":8,"column":2},"end":{"line":8,"column":31}},"loc":{"start":{"line":8,"column":53},"end":{"line":8,"column":57}}},"1":{"name":"(anonymous_3)","decl":{"start":{"line":12,"column":2},"end":{"line":12,"column":10}},"loc":{"start":{"line":12,"column":10},"end":{"line":14,"column":3}}},"2":{"name":"(anonymous_4)","decl":{"start":{"line":18,"column":8},"end":{"line":18,"column":17}},"loc":{"start":{"line":18,"column":17},"end":{"line":20,"column":3}}}},"branchMap":{"0":{"loc":{"start":{"line":8,"column":43},"end":{"line":8,"column":56}},"type":"cond-expr","locations":[{"start":{"line":8,"column":53},"end":{"line":8,"column":56}},{"start":{"line":8,"column":53},"end":{"line":8,"column":56}}]},"1":{"loc":{"start":{"line":8,"column":43},"end":{"line":8,"column":53}},"type":"binary-expr","locations":[{"start":{"line":8,"column":43},"end":{"line":8,"column":56}},{"start":{"line":8,"column":43},"end":{"line":8,"column":53}}]}},"s":{"0":1,"1":1,"2":1,"3":1,"4":1,"5":0,"6":0,"7":1,"8":1,"9":1,"10":1},"f":{"0":1,"1":0,"2":0},"b":{"0":[1,0],"1":[1,1]}},"/home/hamza/Documents/projetsApprentissage/p3-devops/backend/src/app.service.ts":{"path":"/home/hamza/Documents/projetsApprentissage/p3-devops/backend/src/app.service.ts","statementMap":{"0":{"start":{"line":1,"column":0},"end":{"line":1,"column":73}},"1":{"start":{"line":2,"column":0},"end":{"line":2,"column":47}},"2":{"start":{"line":3,"column":0},"end":{"line":3,"column":65}},"3":{"start":{"line":4,"column":0},"end":{"line":4,"column":57}},"4":{"start":{"line":7,"column":7},"end":{"line":58,"column":null}},"5":{"start":{"line":9,"column":21},"end":{"line":9,"column":29}},"6":{"start":{"line":10,"column":21},"end":{"line":10,"column":36}},"7":{"start":{"line":14,"column":4},"end":{"line":14,"column":26}},"8":{"start":{"line":18,"column":25},"end":{"line":21,"column":6}},"9":{"start":{"line":23,"column":4},"end":{"line":28,"column":5}},"10":{"start":{"line":24,"column":6},"end":{"line":24,"column":44}},"11":{"start":{"line":25,"column":6},"end":{"line":25,"column":35}},"12":{"start":{"line":27,"column":6},"end":{"line":27,"column":36}},"13":{"start":{"line":30,"column":19},"end":{"line":30,"column":63}},"14":{"start":{"line":31,"column":23},"end":{"line":31,"column":70}},"15":{"start":{"line":33,"column":4},"end":{"line":41,"column":5}},"16":{"start":{"line":34,"column":6},"end":{"line":40,"column":7}},"17":{"start":{"line":35,"column":25},"end":{"line":35,"column":49}},"18":{"start":{"line":36,"column":8},"end":{"line":36,"column":75}},"19":{"start":{"line":37,"column":8},"end":{"line":37,"column":31}},"20":{"start":{"line":39,"column":8},"end":{"line":39,"column":32}},"21":{"start":{"line":43,"column":18},"end":{"line":43,"column":58}},"22":{"start":{"line":45,"column":4},"end":{"line":50,"column":5}},"23":{"start":{"line":46,"column":6},"end":{"line":49,"column":9}},"24":{"start":{"line":52,"column":4},"end":{"line":56,"column":6}},"25":{"start":{"line":7,"column":13},"end":{"line":7,"column":23}},"26":{"start":{"line":7,"column":13},"end":{"line":58,"column":null}}},"fnMap":{"0":{"name":"(anonymous_2)","decl":{"start":{"line":8,"column":2},"end":{"line":8,"column":null}},"loc":{"start":{"line":10,"column":49},"end":{"line":11,"column":6}}},"1":{"name":"(anonymous_3)","decl":{"start":{"line":13,"column":2},"end":{"line":13,"column":10}},"loc":{"start":{"line":13,"column":10},"end":{"line":15,"column":3}}},"2":{"name":"(anonymous_4)","decl":{"start":{"line":17,"column":2},"end":{"line":17,"column":7}},"loc":{"start":{"line":17,"column":20},"end":{"line":57,"column":3}}}},"branchMap":{"0":{"loc":{"start":{"line":33,"column":4},"end":{"line":41,"column":5}},"type":"if","locations":[{"start":{"line":33,"column":4},"end":{"line":41,"column":5}},{"start":{},"end":{}}]},"1":{"loc":{"start":{"line":33,"column":8},"end":{"line":33,"column":28}},"type":"binary-expr","locations":[{"start":{"line":33,"column":8},"end":{"line":33,"column":14}},{"start":{"line":33,"column":18},"end":{"line":33,"column":28}}]},"2":{"loc":{"start":{"line":43,"column":18},"end":{"line":43,"column":58}},"type":"binary-expr","locations":[{"start":{"line":43,"column":18},"end":{"line":43,"column":39}},{"start":{"line":43,"column":43},"end":{"line":43,"column":58}}]},"3":{"loc":{"start":{"line":45,"column":4},"end":{"line":50,"column":5}},"type":"if","locations":[{"start":{"line":45,"column":4},"end":{"line":50,"column":5}},{"start":{},"end":{}}]},"4":{"loc":{"start":{"line":9,"column":29},"end":{"line":9,"column":null}},"type":"cond-expr","locations":[{"start":{"line":9,"column":42},"end":{"line":9,"column":null}},{"start":{"line":9,"column":42},"end":{"line":9,"column":null}}]},"5":{"loc":{"start":{"line":9,"column":29},"end":{"line":9,"column":42}},"type":"binary-expr","locations":[{"start":{"line":9,"column":29},"end":{"line":9,"column":null}},{"start":{"line":9,"column":29},"end":{"line":9,"column":42}}]},"6":{"loc":{"start":{"line":9,"column":42},"end":{"line":10,"column":null}},"type":"cond-expr","locations":[{"start":{"line":10,"column":49},"end":{"line":10,"column":null}},{"start":{"line":10,"column":49},"end":{"line":10,"column":null}}]},"7":{"loc":{"start":{"line":9,"column":42},"end":{"line":10,"column":49}},"type":"binary-expr","locations":[{"start":{"line":9,"column":42},"end":{"line":10,"column":null}},{"start":{"line":10,"column":36},"end":{"line":10,"column":49}}]}},"s":{"0":1,"1":1,"2":1,"3":1,"4":1,"5":0,"6":0,"7":0,"8":0,"9":0,"10":0,"11":0,"12":0,"13":0,"14":0,"15":0,"16":0,"17":0,"18":0,"19":0,"20":0,"21":0,"22":0,"23":0,"24":0,"25":1,"26":1},"f":{"0":0,"1":0,"2":0},"b":{"0":[0,0],"1":[0,0],"2":[0,0],"3":[0,0],"4":[1,0],"5":[1,1],"6":[1,0],"7":[1,1]}},"/home/hamza/Documents/projetsApprentissage/p3-devops/backend/src/auth/auth.controller.ts":{"path":"/home/hamza/Documents/projetsApprentissage/p3-devops/backend/src/auth/auth.controller.ts","statementMap":{"0":{"start":{"line":1,"column":0},"end":{"line":1,"column":78}},"1":{"start":{"line":2,"column":0},"end":{"line":2,"column":65}},"2":{"start":{"line":3,"column":0},"end":{"line":3,"column":45}},"3":{"start":{"line":4,"column":0},"end":{"line":4,"column":54}},"4":{"start":{"line":5,"column":0},"end":{"line":5,"column":52}},"5":{"start":{"line":9,"column":7},"end":{"line":26,"column":null}},"6":{"start":{"line":10,"column":31},"end":{"line":10,"column":44}},"7":{"start":{"line":16,"column":4},"end":{"line":16,"column":52}},"8":{"start":{"line":24,"column":4},"end":{"line":24,"column":48}},"9":{"start":{"line":9,"column":13},"end":{"line":9,"column":27}},"10":{"start":{"line":15,"column":2},"end":{"line":17,"column":null}},"11":{"start":{"line":23,"column":2},"end":{"line":25,"column":null}},"12":{"start":{"line":9,"column":13},"end":{"line":26,"column":null}}},"fnMap":{"0":{"name":"(anonymous_4)","decl":{"start":{"line":10,"column":2},"end":{"line":10,"column":31}},"loc":{"start":{"line":10,"column":55},"end":{"line":10,"column":59}}},"1":{"name":"(anonymous_5)","decl":{"start":{"line":15,"column":2},"end":{"line":15,"column":10}},"loc":{"start":{"line":15,"column":47},"end":{"line":17,"column":3}}},"2":{"name":"(anonymous_6)","decl":{"start":{"line":23,"column":2},"end":{"line":23,"column":7}},"loc":{"start":{"line":23,"column":42},"end":{"line":25,"column":3}}}},"branchMap":{"0":{"loc":{"start":{"line":15,"column":34},"end":{"line":15,"column":null}},"type":"cond-expr","locations":[{"start":{"line":15,"column":47},"end":{"line":15,"column":null}},{"start":{"line":15,"column":47},"end":{"line":15,"column":null}}]},"1":{"loc":{"start":{"line":15,"column":34},"end":{"line":15,"column":47}},"type":"binary-expr","locations":[{"start":{"line":15,"column":34},"end":{"line":15,"column":null}},{"start":{"line":15,"column":34},"end":{"line":15,"column":47}}]},"2":{"loc":{"start":{"line":23,"column":30},"end":{"line":23,"column":null}},"type":"cond-expr","locations":[{"start":{"line":23,"column":42},"end":{"line":23,"column":null}},{"start":{"line":23,"column":42},"end":{"line":23,"column":null}}]},"3":{"loc":{"start":{"line":23,"column":30},"end":{"line":23,"column":42}},"type":"binary-expr","locations":[{"start":{"line":23,"column":30},"end":{"line":23,"column":null}},{"start":{"line":23,"column":30},"end":{"line":23,"column":42}}]},"4":{"loc":{"start":{"line":10,"column":44},"end":{"line":10,"column":58}},"type":"cond-expr","locations":[{"start":{"line":10,"column":55},"end":{"line":10,"column":58}},{"start":{"line":10,"column":55},"end":{"line":10,"column":58}}]},"5":{"loc":{"start":{"line":10,"column":44},"end":{"line":10,"column":55}},"type":"binary-expr","locations":[{"start":{"line":10,"column":44},"end":{"line":10,"column":58}},{"start":{"line":10,"column":44},"end":{"line":10,"column":55}}]}},"s":{"0":2,"1":2,"2":2,"3":2,"4":2,"5":2,"6":3,"7":3,"8":4,"9":2,"10":2,"11":2,"12":2},"f":{"0":3,"1":3,"2":4},"b":{"0":[2,0],"1":[2,2],"2":[2,0],"3":[2,2],"4":[2,0],"5":[2,2]}},"/home/hamza/Documents/projetsApprentissage/p3-devops/backend/src/auth/auth.service.ts":{"path":"/home/hamza/Documents/projetsApprentissage/p3-devops/backend/src/auth/auth.service.ts","statementMap":{"0":{"start":{"line":1,"column":0},"end":{"line":1,"column":null}},"1":{"start":{"line":7,"column":0},"end":{"line":7,"column":60}},"2":{"start":{"line":10,"column":0},"end":{"line":10,"column":33}},"3":{"start":{"line":11,"column":0},"end":{"line":11,"column":41}},"4":{"start":{"line":24,"column":7},"end":{"line":94,"column":null}},"5":{"start":{"line":26,"column":21},"end":{"line":26,"column":29}},"6":{"start":{"line":27,"column":21},"end":{"line":27,"column":33}},"7":{"start":{"line":31,"column":18},"end":{"line":31,"column":58}},"8":{"start":{"line":33,"column":25},"end":{"line":35,"column":6}},"9":{"start":{"line":37,"column":4},"end":{"line":39,"column":5}},"10":{"start":{"line":38,"column":6},"end":{"line":38,"column":65}},"11":{"start":{"line":41,"column":27},"end":{"line":41,"column":72}},"12":{"start":{"line":43,"column":20},"end":{"line":48,"column":6}},"13":{"start":{"line":51,"column":36},"end":{"line":51,"column":43}},"14":{"start":{"line":52,"column":4},"end":{"line":52,"column":18}},"15":{"start":{"line":56,"column":18},"end":{"line":56,"column":57}},"16":{"start":{"line":58,"column":17},"end":{"line":60,"column":6}},"17":{"start":{"line":62,"column":4},"end":{"line":67,"column":5}},"18":{"start":{"line":66,"column":6},"end":{"line":66,"column":65}},"19":{"start":{"line":69,"column":4},"end":{"line":72,"column":6}},"20":{"start":{"line":76,"column":23},"end":{"line":76,"column":49}},"21":{"start":{"line":78,"column":4},"end":{"line":80,"column":5}},"22":{"start":{"line":79,"column":6},"end":{"line":79,"column":78}},"23":{"start":{"line":82,"column":4},"end":{"line":82,"column":22}},"24":{"start":{"line":89,"column":4},"end":{"line":92,"column":6}},"25":{"start":{"line":24,"column":13},"end":{"line":24,"column":24}},"26":{"start":{"line":24,"column":13},"end":{"line":94,"column":null}}},"fnMap":{"0":{"name":"(anonymous_11)","decl":{"start":{"line":25,"column":2},"end":{"line":25,"column":null}},"loc":{"start":{"line":27,"column":43},"end":{"line":28,"column":6}}},"1":{"name":"(anonymous_12)","decl":{"start":{"line":30,"column":2},"end":{"line":30,"column":7}},"loc":{"start":{"line":30,"column":45},"end":{"line":53,"column":3}}},"2":{"name":"(anonymous_13)","decl":{"start":{"line":55,"column":2},"end":{"line":55,"column":7}},"loc":{"start":{"line":55,"column":40},"end":{"line":73,"column":3}}},"3":{"name":"(anonymous_14)","decl":{"start":{"line":75,"column":10},"end":{"line":75,"column":24}},"loc":{"start":{"line":75,"column":38},"end":{"line":83,"column":3}}},"4":{"name":"(anonymous_15)","decl":{"start":{"line":85,"column":10},"end":{"line":85,"column":29}},"loc":{"start":{"line":88,"column":3},"end":{"line":93,"column":3}}}},"branchMap":{"0":{"loc":{"start":{"line":37,"column":4},"end":{"line":39,"column":5}},"type":"if","locations":[{"start":{"line":37,"column":4},"end":{"line":39,"column":5}},{"start":{},"end":{}}]},"1":{"loc":{"start":{"line":62,"column":4},"end":{"line":67,"column":5}},"type":"if","locations":[{"start":{"line":62,"column":4},"end":{"line":67,"column":5}},{"start":{},"end":{}}]},"2":{"loc":{"start":{"line":63,"column":6},"end":{"line":64,"column":67}},"type":"binary-expr","locations":[{"start":{"line":63,"column":6},"end":{"line":63,"column":11}},{"start":{"line":64,"column":6},"end":{"line":64,"column":67}}]},"3":{"loc":{"start":{"line":78,"column":4},"end":{"line":80,"column":5}},"type":"if","locations":[{"start":{"line":78,"column":4},"end":{"line":80,"column":5}},{"start":{},"end":{}}]},"4":{"loc":{"start":{"line":26,"column":29},"end":{"line":26,"column":null}},"type":"cond-expr","locations":[{"start":{"line":26,"column":42},"end":{"line":26,"column":null}},{"start":{"line":26,"column":42},"end":{"line":26,"column":null}}]},"5":{"loc":{"start":{"line":26,"column":29},"end":{"line":26,"column":42}},"type":"binary-expr","locations":[{"start":{"line":26,"column":29},"end":{"line":26,"column":null}},{"start":{"line":26,"column":29},"end":{"line":26,"column":42}}]},"6":{"loc":{"start":{"line":26,"column":42},"end":{"line":27,"column":null}},"type":"cond-expr","locations":[{"start":{"line":27,"column":43},"end":{"line":27,"column":null}},{"start":{"line":27,"column":43},"end":{"line":27,"column":null}}]},"7":{"loc":{"start":{"line":26,"column":42},"end":{"line":27,"column":43}},"type":"binary-expr","locations":[{"start":{"line":26,"column":42},"end":{"line":27,"column":null}},{"start":{"line":27,"column":33},"end":{"line":27,"column":43}}]}},"s":{"0":3,"1":3,"2":3,"3":3,"4":3,"5":8,"6":8,"7":5,"8":4,"9":4,"10":2,"11":2,"12":2,"13":2,"14":2,"15":7,"16":7,"17":7,"18":4,"19":3,"20":12,"21":12,"22":1,"23":11,"24":3,"25":3,"26":3},"f":{"0":8,"1":5,"2":7,"3":12,"4":3},"b":{"0":[2,2],"1":[4,3],"2":[7,5],"3":[1,11],"4":[3,0],"5":[3,3],"6":[3,0],"7":[3,3]}},"/home/hamza/Documents/projetsApprentissage/p3-devops/backend/src/auth/jwt-auth.guard.ts":{"path":"/home/hamza/Documents/projetsApprentissage/p3-devops/backend/src/auth/jwt-auth.guard.ts","statementMap":{"0":{"start":{"line":1,"column":0},"end":{"line":1,"column":null}},"1":{"start":{"line":7,"column":0},"end":{"line":7,"column":41}},"2":{"start":{"line":8,"column":0},"end":{"line":8,"column":47}},"3":{"start":{"line":16,"column":7},"end":{"line":45,"column":null}},"4":{"start":{"line":18,"column":21},"end":{"line":18,"column":33}},"5":{"start":{"line":19,"column":21},"end":{"line":19,"column":36}},"6":{"start":{"line":23,"column":20},"end":{"line":23,"column":null}},"7":{"start":{"line":28,"column":23},"end":{"line":28,"column":52}},"8":{"start":{"line":29,"column":4},"end":{"line":31,"column":5}},"9":{"start":{"line":30,"column":6},"end":{"line":30,"column":57}},"10":{"start":{"line":33,"column":18},"end":{"line":33,"column":37}},"11":{"start":{"line":35,"column":4},"end":{"line":43,"column":5}},"12":{"start":{"line":36,"column":22},"end":{"line":38,"column":8}},"13":{"start":{"line":39,"column":6},"end":{"line":39,"column":29}},"14":{"start":{"line":40,"column":6},"end":{"line":40,"column":18}},"15":{"start":{"line":42,"column":6},"end":{"line":42,"column":57}},"16":{"start":{"line":16,"column":13},"end":{"line":16,"column":25}},"17":{"start":{"line":16,"column":13},"end":{"line":45,"column":null}}},"fnMap":{"0":{"name":"(anonymous_2)","decl":{"start":{"line":17,"column":2},"end":{"line":17,"column":null}},"loc":{"start":{"line":19,"column":49},"end":{"line":20,"column":6}}},"1":{"name":"(anonymous_3)","decl":{"start":{"line":22,"column":2},"end":{"line":22,"column":13}},"loc":{"start":{"line":22,"column":39},"end":{"line":44,"column":3}}}},"branchMap":{"0":{"loc":{"start":{"line":29,"column":4},"end":{"line":31,"column":5}},"type":"if","locations":[{"start":{"line":29,"column":4},"end":{"line":31,"column":5}},{"start":{},"end":{}}]},"1":{"loc":{"start":{"line":29,"column":8},"end":{"line":29,"column":56}},"type":"binary-expr","locations":[{"start":{"line":29,"column":8},"end":{"line":29,"column":19}},{"start":{"line":29,"column":23},"end":{"line":29,"column":56}}]},"2":{"loc":{"start":{"line":18,"column":33},"end":{"line":18,"column":null}},"type":"cond-expr","locations":[{"start":{"line":18,"column":43},"end":{"line":18,"column":null}},{"start":{"line":18,"column":43},"end":{"line":18,"column":null}}]},"3":{"loc":{"start":{"line":18,"column":33},"end":{"line":18,"column":43}},"type":"binary-expr","locations":[{"start":{"line":18,"column":33},"end":{"line":18,"column":null}},{"start":{"line":18,"column":33},"end":{"line":18,"column":43}}]},"4":{"loc":{"start":{"line":18,"column":43},"end":{"line":19,"column":null}},"type":"cond-expr","locations":[{"start":{"line":19,"column":49},"end":{"line":19,"column":null}},{"start":{"line":19,"column":49},"end":{"line":19,"column":null}}]},"5":{"loc":{"start":{"line":18,"column":43},"end":{"line":19,"column":49}},"type":"binary-expr","locations":[{"start":{"line":18,"column":43},"end":{"line":19,"column":null}},{"start":{"line":19,"column":36},"end":{"line":19,"column":49}}]}},"s":{"0":3,"1":3,"2":3,"3":3,"4":10,"5":10,"6":20,"7":20,"8":20,"9":7,"10":13,"11":13,"12":13,"13":8,"14":8,"15":5,"16":3,"17":3},"f":{"0":10,"1":20},"b":{"0":[7,13],"1":[20,15],"2":[3,0],"3":[3,3],"4":[3,0],"5":[3,3]}},"/home/hamza/Documents/projetsApprentissage/p3-devops/backend/src/storage/download.controller.ts":{"path":"/home/hamza/Documents/projetsApprentissage/p3-devops/backend/src/storage/download.controller.ts","statementMap":{"0":{"start":{"line":1,"column":0},"end":{"line":1,"column":null}},"1":{"start":{"line":12,"column":0},"end":{"line":12,"column":56}},"2":{"start":{"line":13,"column":0},"end":{"line":13,"column":51}},"3":{"start":{"line":17,"column":7},"end":{"line":41,"column":null}},"4":{"start":{"line":18,"column":31},"end":{"line":18,"column":47}},"5":{"start":{"line":23,"column":4},"end":{"line":23,"column":58}},"6":{"start":{"line":34,"column":17},"end":{"line":34,"column":77}},"7":{"start":{"line":36,"column":4},"end":{"line":39,"column":7}},"8":{"start":{"line":17,"column":13},"end":{"line":17,"column":31}},"9":{"start":{"line":22,"column":8},"end":{"line":24,"column":null}},"10":{"start":{"line":30,"column":8},"end":{"line":40,"column":null}},"11":{"start":{"line":17,"column":13},"end":{"line":41,"column":null}}},"fnMap":{"0":{"name":"(anonymous_4)","decl":{"start":{"line":18,"column":2},"end":{"line":18,"column":31}},"loc":{"start":{"line":18,"column":61},"end":{"line":18,"column":65}}},"1":{"name":"(anonymous_5)","decl":{"start":{"line":22,"column":8},"end":{"line":22,"column":27}},"loc":{"start":{"line":22,"column":57},"end":{"line":24,"column":3}}},"2":{"name":"(anonymous_6)","decl":{"start":{"line":30,"column":8},"end":{"line":30,"column":20}},"loc":{"start":{"line":32,"column":39},"end":{"line":40,"column":3}}}},"branchMap":{"0":{"loc":{"start":{"line":18,"column":47},"end":{"line":18,"column":64}},"type":"cond-expr","locations":[{"start":{"line":18,"column":61},"end":{"line":18,"column":64}},{"start":{"line":18,"column":61},"end":{"line":18,"column":64}}]},"1":{"loc":{"start":{"line":18,"column":47},"end":{"line":18,"column":61}},"type":"binary-expr","locations":[{"start":{"line":18,"column":47},"end":{"line":18,"column":64}},{"start":{"line":18,"column":47},"end":{"line":18,"column":61}}]}},"s":{"0":2,"1":2,"2":2,"3":2,"4":3,"5":3,"6":5,"7":2,"8":2,"9":2,"10":2,"11":2},"f":{"0":3,"1":3,"2":5},"b":{"0":[2,0],"1":[2,2]}},"/home/hamza/Documents/projetsApprentissage/p3-devops/backend/src/storage/files.controller.ts":{"path":"/home/hamza/Documents/projetsApprentissage/p3-devops/backend/src/storage/files.controller.ts","statementMap":{"0":{"start":{"line":1,"column":0},"end":{"line":1,"column":null}},"1":{"start":{"line":11,"column":0},"end":{"line":11,"column":null}},"2":{"start":{"line":17,"column":0},"end":{"line":17,"column":61}},"3":{"start":{"line":18,"column":0},"end":{"line":18,"column":54}},"4":{"start":{"line":19,"column":0},"end":{"line":19,"column":51}},"5":{"start":{"line":30,"column":7},"end":{"line":57,"column":null}},"6":{"start":{"line":31,"column":31},"end":{"line":31,"column":47}},"7":{"start":{"line":45,"column":4},"end":{"line":45,"column":75}},"8":{"start":{"line":55,"column":4},"end":{"line":55,"column":76}},"9":{"start":{"line":30,"column":13},"end":{"line":30,"column":28}},"10":{"start":{"line":41,"column":8},"end":{"line":46,"column":null}},"11":{"start":{"line":50,"column":8},"end":{"line":56,"column":null}},"12":{"start":{"line":30,"column":13},"end":{"line":57,"column":null}}},"fnMap":{"0":{"name":"(anonymous_4)","decl":{"start":{"line":31,"column":2},"end":{"line":31,"column":31}},"loc":{"start":{"line":31,"column":61},"end":{"line":31,"column":65}}},"1":{"name":"(anonymous_5)","decl":{"start":{"line":41,"column":8},"end":{"line":41,"column":18}},"loc":{"start":{"line":43,"column":58},"end":{"line":46,"column":3}}},"2":{"name":"(anonymous_6)","decl":{"start":{"line":50,"column":8},"end":{"line":50,"column":20}},"loc":{"start":{"line":53,"column":40},"end":{"line":56,"column":3}}}},"branchMap":{"0":{"loc":{"start":{"line":45,"column":55},"end":{"line":45,"column":73}},"type":"binary-expr","locations":[{"start":{"line":45,"column":55},"end":{"line":45,"column":61}},{"start":{"line":45,"column":65},"end":{"line":45,"column":73}}]},"1":{"loc":{"start":{"line":31,"column":47},"end":{"line":31,"column":64}},"type":"cond-expr","locations":[{"start":{"line":31,"column":61},"end":{"line":31,"column":64}},{"start":{"line":31,"column":61},"end":{"line":31,"column":64}}]},"2":{"loc":{"start":{"line":31,"column":47},"end":{"line":31,"column":61}},"type":"binary-expr","locations":[{"start":{"line":31,"column":47},"end":{"line":31,"column":64}},{"start":{"line":31,"column":47},"end":{"line":31,"column":61}}]}},"s":{"0":2,"1":2,"2":2,"3":2,"4":2,"5":2,"6":5,"7":4,"8":6,"9":2,"10":2,"11":2,"12":2},"f":{"0":5,"1":4,"2":6},"b":{"0":[4,2],"1":[2,0],"2":[2,2]}},"/home/hamza/Documents/projetsApprentissage/p3-devops/backend/src/storage/storage.controller.ts":{"path":"/home/hamza/Documents/projetsApprentissage/p3-devops/backend/src/storage/storage.controller.ts","statementMap":{"0":{"start":{"line":1,"column":0},"end":{"line":1,"column":null}},"1":{"start":{"line":12,"column":0},"end":{"line":12,"column":59}},"2":{"start":{"line":13,"column":0},"end":{"line":13,"column":null}},"3":{"start":{"line":20,"column":0},"end":{"line":20,"column":28}},"4":{"start":{"line":21,"column":0},"end":{"line":21,"column":61}},"5":{"start":{"line":22,"column":0},"end":{"line":22,"column":54}},"6":{"start":{"line":23,"column":0},"end":{"line":23,"column":51}},"7":{"start":{"line":39,"column":7},"end":{"line":134,"column":null}},"8":{"start":{"line":40,"column":31},"end":{"line":40,"column":47}},"9":{"start":{"line":80,"column":4},"end":{"line":82,"column":5}},"10":{"start":{"line":81,"column":6},"end":{"line":81,"column":73}},"11":{"start":{"line":84,"column":4},"end":{"line":87,"column":7}},"12":{"start":{"line":125,"column":4},"end":{"line":127,"column":5}},"13":{"start":{"line":126,"column":6},"end":{"line":126,"column":73}},"14":{"start":{"line":129,"column":4},"end":{"line":132,"column":7}},"15":{"start":{"line":39,"column":13},"end":{"line":39,"column":30}},"16":{"start":{"line":74,"column":8},"end":{"line":88,"column":null}},"17":{"start":{"line":120,"column":8},"end":{"line":133,"column":null}},"18":{"start":{"line":39,"column":13},"end":{"line":134,"column":null}}},"fnMap":{"0":{"name":"(anonymous_5)","decl":{"start":{"line":40,"column":2},"end":{"line":40,"column":31}},"loc":{"start":{"line":40,"column":61},"end":{"line":40,"column":65}}},"1":{"name":"(anonymous_6)","decl":{"start":{"line":74,"column":8},"end":{"line":74,"column":20}},"loc":{"start":{"line":78,"column":51},"end":{"line":88,"column":3}}},"2":{"name":"(anonymous_7)","decl":{"start":{"line":120,"column":8},"end":{"line":120,"column":27}},"loc":{"start":{"line":123,"column":51},"end":{"line":133,"column":3}}}},"branchMap":{"0":{"loc":{"start":{"line":80,"column":4},"end":{"line":82,"column":5}},"type":"if","locations":[{"start":{"line":80,"column":4},"end":{"line":82,"column":5}},{"start":{},"end":{}}]},"1":{"loc":{"start":{"line":125,"column":4},"end":{"line":127,"column":5}},"type":"if","locations":[{"start":{"line":125,"column":4},"end":{"line":127,"column":5}},{"start":{},"end":{}}]},"2":{"loc":{"start":{"line":40,"column":47},"end":{"line":40,"column":64}},"type":"cond-expr","locations":[{"start":{"line":40,"column":61},"end":{"line":40,"column":64}},{"start":{"line":40,"column":61},"end":{"line":40,"column":64}}]},"3":{"loc":{"start":{"line":40,"column":47},"end":{"line":40,"column":61}},"type":"binary-expr","locations":[{"start":{"line":40,"column":47},"end":{"line":40,"column":64}},{"start":{"line":40,"column":47},"end":{"line":40,"column":61}}]}},"s":{"0":2,"1":2,"2":2,"3":2,"4":2,"5":2,"6":2,"7":2,"8":5,"9":2,"10":1,"11":1,"12":5,"13":2,"14":3,"15":2,"16":2,"17":2,"18":2},"f":{"0":5,"1":2,"2":5},"b":{"0":[1,1],"1":[2,3],"2":[2,0],"3":[2,2]}},"/home/hamza/Documents/projetsApprentissage/p3-devops/backend/src/storage/storage.service.ts":{"path":"/home/hamza/Documents/projetsApprentissage/p3-devops/backend/src/storage/storage.service.ts","statementMap":{"0":{"start":{"line":1,"column":0},"end":{"line":1,"column":null}},"1":{"start":{"line":10,"column":0},"end":{"line":10,"column":47}},"2":{"start":{"line":11,"column":0},"end":{"line":11,"column":null}},"3":{"start":{"line":17,"column":0},"end":{"line":17,"column":41}},"4":{"start":{"line":18,"column":0},"end":{"line":18,"column":36}},"5":{"start":{"line":19,"column":0},"end":{"line":19,"column":60}},"6":{"start":{"line":30,"column":22},"end":{"line":30,"column":40}},"7":{"start":{"line":31,"column":27},"end":{"line":31,"column":63}},"8":{"start":{"line":32,"column":28},"end":{"line":32,"column":29}},"9":{"start":{"line":61,"column":7},"end":{"line":464,"column":null}},"10":{"start":{"line":65,"column":64},"end":{"line":65,"column":68}},"11":{"start":{"line":68,"column":21},"end":{"line":68,"column":29}},"12":{"start":{"line":71,"column":19},"end":{"line":71,"column":58}},"13":{"start":{"line":72,"column":23},"end":{"line":72,"column":65}},"14":{"start":{"line":74,"column":4},"end":{"line":76,"column":5}},"15":{"start":{"line":75,"column":6},"end":{"line":75,"column":78}},"16":{"start":{"line":78,"column":4},"end":{"line":78,"column":33}},"17":{"start":{"line":80,"column":46},"end":{"line":80,"column":56}},"18":{"start":{"line":83,"column":21},"end":{"line":83,"column":62}},"19":{"start":{"line":84,"column":27},"end":{"line":84,"column":76}},"20":{"start":{"line":85,"column":24},"end":{"line":85,"column":70}},"21":{"start":{"line":86,"column":28},"end":{"line":86,"column":78}},"22":{"start":{"line":88,"column":4},"end":{"line":90,"column":5}},"23":{"start":{"line":89,"column":6},"end":{"line":89,"column":35}},"24":{"start":{"line":91,"column":4},"end":{"line":93,"column":5}},"25":{"start":{"line":92,"column":6},"end":{"line":92,"column":37}},"26":{"start":{"line":94,"column":4},"end":{"line":99,"column":5}},"27":{"start":{"line":95,"column":6},"end":{"line":98,"column":8}},"28":{"start":{"line":101,"column":4},"end":{"line":101,"column":43}},"29":{"start":{"line":102,"column":4},"end":{"line":102,"column":36}},"30":{"start":{"line":106,"column":4},"end":{"line":110,"column":5}},"31":{"start":{"line":107,"column":6},"end":{"line":107,"column":39}},"32":{"start":{"line":112,"column":4},"end":{"line":114,"column":31}},"33":{"start":{"line":113,"column":6},"end":{"line":113,"column":38}},"34":{"start":{"line":118,"column":4},"end":{"line":121,"column":5}},"35":{"start":{"line":119,"column":6},"end":{"line":119,"column":39}},"36":{"start":{"line":120,"column":6},"end":{"line":120,"column":31}},"37":{"start":{"line":125,"column":4},"end":{"line":125,"column":55}},"38":{"start":{"line":133,"column":4},"end":{"line":133,"column":57}},"39":{"start":{"line":141,"column":4},"end":{"line":141,"column":28}},"40":{"start":{"line":143,"column":21},"end":{"line":143,"column":43}},"41":{"start":{"line":144,"column":4},"end":{"line":148,"column":5}},"42":{"start":{"line":145,"column":6},"end":{"line":147,"column":8}},"43":{"start":{"line":150,"column":27},"end":{"line":150,"column":73}},"44":{"start":{"line":151,"column":26},"end":{"line":151,"column":56}},"45":{"start":{"line":152,"column":21},"end":{"line":152,"column":61}},"46":{"start":{"line":153,"column":18},"end":{"line":153,"column":58}},"47":{"start":{"line":154,"column":23},"end":{"line":154,"column":33}},"48":{"start":{"line":155,"column":4},"end":{"line":155,"column":62}},"49":{"start":{"line":157,"column":4},"end":{"line":179,"column":5}},"50":{"start":{"line":158,"column":6},"end":{"line":165,"column":8}},"51":{"start":{"line":168,"column":8},"end":{"line":168,"column":70}},"52":{"start":{"line":170,"column":6},"end":{"line":174,"column":7}},"53":{"start":{"line":171,"column":8},"end":{"line":173,"column":10}},"54":{"start":{"line":176,"column":6},"end":{"line":178,"column":8}},"55":{"start":{"line":184,"column":4},"end":{"line":214,"column":5}},"56":{"start":{"line":185,"column":6},"end":{"line":198,"column":9}},"57":{"start":{"line":200,"column":6},"end":{"line":209,"column":7}},"58":{"start":{"line":201,"column":8},"end":{"line":206,"column":10}},"59":{"start":{"line":211,"column":6},"end":{"line":213,"column":8}},"60":{"start":{"line":216,"column":4},"end":{"line":224,"column":6}},"61":{"start":{"line":228,"column":17},"end":{"line":230,"column":6}},"62":{"start":{"line":232,"column":4},"end":{"line":234,"column":5}},"63":{"start":{"line":233,"column":6},"end":{"line":233,"column":58}},"64":{"start":{"line":236,"column":4},"end":{"line":244,"column":5}},"65":{"start":{"line":237,"column":6},"end":{"line":243,"column":8}},"66":{"start":{"line":246,"column":4},"end":{"line":256,"column":5}},"67":{"start":{"line":247,"column":6},"end":{"line":247,"column":49}},"68":{"start":{"line":249,"column":6},"end":{"line":255,"column":8}},"69":{"start":{"line":258,"column":4},"end":{"line":264,"column":6}},"70":{"start":{"line":268,"column":17},"end":{"line":268,"column":58}},"71":{"start":{"line":270,"column":4},"end":{"line":272,"column":5}},"72":{"start":{"line":271,"column":6},"end":{"line":271,"column":64}},"73":{"start":{"line":274,"column":21},"end":{"line":278,"column":null}},"74":{"start":{"line":281,"column":17},"end":{"line":281,"column":30}},"75":{"start":{"line":282,"column":4},"end":{"line":286,"column":5}},"76":{"start":{"line":283,"column":6},"end":{"line":285,"column":8}},"77":{"start":{"line":288,"column":4},"end":{"line":292,"column":6}},"78":{"start":{"line":299,"column":18},"end":{"line":302,"column":6}},"79":{"start":{"line":304,"column":40},"end":{"line":319,"column":6}},"80":{"start":{"line":306,"column":8},"end":{"line":306,"column":76}},"81":{"start":{"line":307,"column":43},"end":{"line":307,"column":75}},"82":{"start":{"line":309,"column":6},"end":{"line":318,"column":8}},"83":{"start":{"line":321,"column":4},"end":{"line":323,"column":5}},"84":{"start":{"line":322,"column":6},"end":{"line":322,"column":25}},"85":{"start":{"line":325,"column":4},"end":{"line":325,"column":63}},"86":{"start":{"line":325,"column":40},"end":{"line":325,"column":61}},"87":{"start":{"line":329,"column":17},"end":{"line":334,"column":6}},"88":{"start":{"line":336,"column":4},"end":{"line":338,"column":5}},"89":{"start":{"line":337,"column":6},"end":{"line":337,"column":58}},"90":{"start":{"line":340,"column":4},"end":{"line":342,"column":5}},"91":{"start":{"line":341,"column":6},"end":{"line":341,"column":64}},"92":{"start":{"line":344,"column":4},"end":{"line":353,"column":5}},"93":{"start":{"line":345,"column":6},"end":{"line":350,"column":8}},"94":{"start":{"line":355,"column":4},"end":{"line":357,"column":7}},"95":{"start":{"line":359,"column":4},"end":{"line":359,"column":29}},"96":{"start":{"line":363,"column":56},"end":{"line":363,"column":58}},"97":{"start":{"line":365,"column":4},"end":{"line":382,"column":5}},"98":{"start":{"line":366,"column":6},"end":{"line":379,"column":9}},"99":{"start":{"line":381,"column":6},"end":{"line":381,"column":13}},"100":{"start":{"line":384,"column":4},"end":{"line":390,"column":5}},"101":{"start":{"line":385,"column":6},"end":{"line":389,"column":7}},"102":{"start":{"line":386,"column":8},"end":{"line":386,"column":51}},"103":{"start":{"line":394,"column":17},"end":{"line":396,"column":6}},"104":{"start":{"line":398,"column":4},"end":{"line":400,"column":5}},"105":{"start":{"line":399,"column":6},"end":{"line":399,"column":58}},"106":{"start":{"line":402,"column":4},"end":{"line":405,"column":5}},"107":{"start":{"line":403,"column":6},"end":{"line":403,"column":49}},"108":{"start":{"line":404,"column":6},"end":{"line":404,"column":54}},"109":{"start":{"line":407,"column":4},"end":{"line":407,"column":16}},"110":{"start":{"line":411,"column":4},"end":{"line":420,"column":5}},"111":{"start":{"line":412,"column":6},"end":{"line":417,"column":8}},"112":{"start":{"line":422,"column":4},"end":{"line":425,"column":7}},"113":{"start":{"line":429,"column":22},"end":{"line":429,"column":79}},"114":{"start":{"line":431,"column":4},"end":{"line":435,"column":5}},"115":{"start":{"line":432,"column":6},"end":{"line":434,"column":8}},"116":{"start":{"line":437,"column":4},"end":{"line":439,"column":5}},"117":{"start":{"line":438,"column":6},"end":{"line":438,"column":77}},"118":{"start":{"line":443,"column":4},"end":{"line":445,"column":5}},"119":{"start":{"line":444,"column":6},"end":{"line":444,"column":33}},"120":{"start":{"line":447,"column":23},"end":{"line":447,"column":45}},"121":{"start":{"line":448,"column":4},"end":{"line":452,"column":5}},"122":{"start":{"line":449,"column":6},"end":{"line":451,"column":8}},"123":{"start":{"line":454,"column":4},"end":{"line":456,"column":5}},"124":{"start":{"line":455,"column":6},"end":{"line":455,"column":73}},"125":{"start":{"line":458,"column":4},"end":{"line":458,"column":22}},"126":{"start":{"line":462,"column":4},"end":{"line":462,"column":53}},"127":{"start":{"line":61,"column":13},"end":{"line":61,"column":27}},"128":{"start":{"line":61,"column":13},"end":{"line":464,"column":null}}},"fnMap":{"0":{"name":"(anonymous_2)","decl":{"start":{"line":67,"column":2},"end":{"line":67,"column":null}},"loc":{"start":{"line":69,"column":32},"end":{"line":103,"column":3}}},"1":{"name":"(anonymous_3)","decl":{"start":{"line":105,"column":2},"end":{"line":105,"column":7}},"loc":{"start":{"line":105,"column":20},"end":{"line":115,"column":3}}},"2":{"name":"(anonymous_4)","decl":{"start":{"line":112,"column":36},"end":{"line":112,"column":39}},"loc":{"start":{"line":112,"column":41},"end":{"line":114,"column":5}}},"3":{"name":"(anonymous_5)","decl":{"start":{"line":117,"column":2},"end":{"line":117,"column":17}},"loc":{"start":{"line":117,"column":17},"end":{"line":122,"column":3}}},"4":{"name":"(anonymous_6)","decl":{"start":{"line":124,"column":2},"end":{"line":124,"column":7}},"loc":{"start":{"line":124,"column":75},"end":{"line":126,"column":3}}},"5":{"name":"(anonymous_7)","decl":{"start":{"line":128,"column":2},"end":{"line":128,"column":7}},"loc":{"start":{"line":131,"column":31},"end":{"line":134,"column":3}}},"6":{"name":"(anonymous_8)","decl":{"start":{"line":136,"column":10},"end":{"line":136,"column":15}},"loc":{"start":{"line":139,"column":31},"end":{"line":225,"column":3}}},"7":{"name":"(anonymous_9)","decl":{"start":{"line":227,"column":2},"end":{"line":227,"column":7}},"loc":{"start":{"line":227,"column":49},"end":{"line":265,"column":3}}},"8":{"name":"(anonymous_10)","decl":{"start":{"line":267,"column":2},"end":{"line":267,"column":7}},"loc":{"start":{"line":267,"column":66},"end":{"line":293,"column":3}}},"9":{"name":"(anonymous_11)","decl":{"start":{"line":295,"column":2},"end":{"line":295,"column":7}},"loc":{"start":{"line":297,"column":37},"end":{"line":326,"column":3}}},"10":{"name":"(anonymous_12)","decl":{"start":{"line":304,"column":50},"end":{"line":304,"column":51}},"loc":{"start":{"line":304,"column":59},"end":{"line":319,"column":5}}},"11":{"name":"(anonymous_13)","decl":{"start":{"line":325,"column":30},"end":{"line":325,"column":31}},"loc":{"start":{"line":325,"column":40},"end":{"line":325,"column":61}}},"12":{"name":"(anonymous_14)","decl":{"start":{"line":328,"column":2},"end":{"line":328,"column":7}},"loc":{"start":{"line":328,"column":72},"end":{"line":360,"column":3}}},"13":{"name":"(anonymous_15)","decl":{"start":{"line":362,"column":2},"end":{"line":362,"column":7}},"loc":{"start":{"line":362,"column":27},"end":{"line":391,"column":3}}},"14":{"name":"(anonymous_16)","decl":{"start":{"line":393,"column":10},"end":{"line":393,"column":15}},"loc":{"start":{"line":393,"column":53},"end":{"line":408,"column":3}}},"15":{"name":"(anonymous_17)","decl":{"start":{"line":410,"column":10},"end":{"line":410,"column":15}},"loc":{"start":{"line":410,"column":56},"end":{"line":426,"column":3}}},"16":{"name":"(anonymous_18)","decl":{"start":{"line":428,"column":10},"end":{"line":428,"column":22}},"loc":{"start":{"line":428,"column":39},"end":{"line":440,"column":3}}},"17":{"name":"(anonymous_19)","decl":{"start":{"line":442,"column":10},"end":{"line":442,"column":29}},"loc":{"start":{"line":442,"column":53},"end":{"line":459,"column":3}}},"18":{"name":"(anonymous_20)","decl":{"start":{"line":461,"column":10},"end":{"line":461,"column":26}},"loc":{"start":{"line":461,"column":43},"end":{"line":463,"column":3}}}},"branchMap":{"0":{"loc":{"start":{"line":74,"column":4},"end":{"line":76,"column":5}},"type":"if","locations":[{"start":{"line":74,"column":4},"end":{"line":76,"column":5}},{"start":{},"end":{}}]},"1":{"loc":{"start":{"line":74,"column":8},"end":{"line":74,"column":30}},"type":"binary-expr","locations":[{"start":{"line":74,"column":8},"end":{"line":74,"column":15}},{"start":{"line":74,"column":19},"end":{"line":74,"column":30}}]},"2":{"loc":{"start":{"line":88,"column":4},"end":{"line":90,"column":5}},"type":"if","locations":[{"start":{"line":88,"column":4},"end":{"line":90,"column":5}},{"start":{},"end":{}}]},"3":{"loc":{"start":{"line":91,"column":4},"end":{"line":93,"column":5}},"type":"if","locations":[{"start":{"line":91,"column":4},"end":{"line":93,"column":5}},{"start":{},"end":{}}]},"4":{"loc":{"start":{"line":94,"column":4},"end":{"line":99,"column":5}},"type":"if","locations":[{"start":{"line":94,"column":4},"end":{"line":99,"column":5}},{"start":{},"end":{}}]},"5":{"loc":{"start":{"line":94,"column":8},"end":{"line":94,"column":38}},"type":"binary-expr","locations":[{"start":{"line":94,"column":8},"end":{"line":94,"column":19}},{"start":{"line":94,"column":23},"end":{"line":94,"column":38}}]},"6":{"loc":{"start":{"line":118,"column":4},"end":{"line":121,"column":5}},"type":"if","locations":[{"start":{"line":118,"column":4},"end":{"line":121,"column":5}},{"start":{},"end":{}}]},"7":{"loc":{"start":{"line":144,"column":4},"end":{"line":148,"column":5}},"type":"if","locations":[{"start":{"line":144,"column":4},"end":{"line":148,"column":5}},{"start":{},"end":{}}]},"8":{"loc":{"start":{"line":144,"column":8},"end":{"line":144,"column":39}},"type":"binary-expr","locations":[{"start":{"line":144,"column":8},"end":{"line":144,"column":16}},{"start":{"line":144,"column":20},"end":{"line":144,"column":39}}]},"9":{"loc":{"start":{"line":168,"column":8},"end":{"line":168,"column":70}},"type":"cond-expr","locations":[{"start":{"line":168,"column":33},"end":{"line":168,"column":46}},{"start":{"line":168,"column":49},"end":{"line":168,"column":70}}]},"10":{"loc":{"start":{"line":170,"column":6},"end":{"line":174,"column":7}},"type":"if","locations":[{"start":{"line":170,"column":6},"end":{"line":174,"column":7}},{"start":{},"end":{}}]},"11":{"loc":{"start":{"line":194,"column":20},"end":{"line":194,"column":36}},"type":"binary-expr","locations":[{"start":{"line":194,"column":20},"end":{"line":194,"column":28}},{"start":{"line":194,"column":32},"end":{"line":194,"column":36}}]},"12":{"loc":{"start":{"line":232,"column":4},"end":{"line":234,"column":5}},"type":"if","locations":[{"start":{"line":232,"column":4},"end":{"line":234,"column":5}},{"start":{},"end":{}}]},"13":{"loc":{"start":{"line":236,"column":4},"end":{"line":244,"column":5}},"type":"if","locations":[{"start":{"line":236,"column":4},"end":{"line":244,"column":5}},{"start":{},"end":{}}]},"14":{"loc":{"start":{"line":246,"column":4},"end":{"line":256,"column":5}},"type":"if","locations":[{"start":{"line":246,"column":4},"end":{"line":256,"column":5}},{"start":{},"end":{}}]},"15":{"loc":{"start":{"line":270,"column":4},"end":{"line":272,"column":5}},"type":"if","locations":[{"start":{"line":270,"column":4},"end":{"line":272,"column":5}},{"start":{},"end":{}}]},"16":{"loc":{"start":{"line":270,"column":8},"end":{"line":270,"column":66}},"type":"binary-expr","locations":[{"start":{"line":270,"column":8},"end":{"line":270,"column":21}},{"start":{"line":270,"column":25},"end":{"line":270,"column":66}}]},"17":{"loc":{"start":{"line":270,"column":44},"end":{"line":270,"column":58}},"type":"binary-expr","locations":[{"start":{"line":270,"column":44},"end":{"line":270,"column":52}},{"start":{"line":270,"column":56},"end":{"line":270,"column":58}}]},"18":{"loc":{"start":{"line":282,"column":4},"end":{"line":286,"column":5}},"type":"if","locations":[{"start":{"line":282,"column":4},"end":{"line":286,"column":5}},{"start":{},"end":{}}]},"19":{"loc":{"start":{"line":282,"column":8},"end":{"line":282,"column":62}},"type":"binary-expr","locations":[{"start":{"line":282,"column":8},"end":{"line":282,"column":13}},{"start":{"line":282,"column":17},"end":{"line":282,"column":62}}]},"20":{"loc":{"start":{"line":297,"column":4},"end":{"line":297,"column":37}},"type":"default-arg","locations":[{"start":{"line":297,"column":29},"end":{"line":297,"column":37}}]},"21":{"loc":{"start":{"line":306,"column":8},"end":{"line":306,"column":76}},"type":"binary-expr","locations":[{"start":{"line":306,"column":8},"end":{"line":306,"column":33}},{"start":{"line":306,"column":37},"end":{"line":306,"column":76}}]},"22":{"loc":{"start":{"line":307,"column":43},"end":{"line":307,"column":75}},"type":"cond-expr","locations":[{"start":{"line":307,"column":55},"end":{"line":307,"column":64}},{"start":{"line":307,"column":67},"end":{"line":307,"column":75}}]},"23":{"loc":{"start":{"line":321,"column":4},"end":{"line":323,"column":5}},"type":"if","locations":[{"start":{"line":321,"column":4},"end":{"line":323,"column":5}},{"start":{},"end":{}}]},"24":{"loc":{"start":{"line":336,"column":4},"end":{"line":338,"column":5}},"type":"if","locations":[{"start":{"line":336,"column":4},"end":{"line":338,"column":5}},{"start":{},"end":{}}]},"25":{"loc":{"start":{"line":340,"column":4},"end":{"line":342,"column":5}},"type":"if","locations":[{"start":{"line":340,"column":4},"end":{"line":342,"column":5}},{"start":{},"end":{}}]},"26":{"loc":{"start":{"line":340,"column":8},"end":{"line":340,"column":66}},"type":"binary-expr","locations":[{"start":{"line":340,"column":8},"end":{"line":340,"column":21}},{"start":{"line":340,"column":25},"end":{"line":340,"column":66}}]},"27":{"loc":{"start":{"line":340,"column":44},"end":{"line":340,"column":58}},"type":"binary-expr","locations":[{"start":{"line":340,"column":44},"end":{"line":340,"column":52}},{"start":{"line":340,"column":56},"end":{"line":340,"column":58}}]},"28":{"loc":{"start":{"line":398,"column":4},"end":{"line":400,"column":5}},"type":"if","locations":[{"start":{"line":398,"column":4},"end":{"line":400,"column":5}},{"start":{},"end":{}}]},"29":{"loc":{"start":{"line":402,"column":4},"end":{"line":405,"column":5}},"type":"if","locations":[{"start":{"line":402,"column":4},"end":{"line":405,"column":5}},{"start":{},"end":{}}]},"30":{"loc":{"start":{"line":402,"column":8},"end":{"line":402,"column":76}},"type":"binary-expr","locations":[{"start":{"line":402,"column":8},"end":{"line":402,"column":33}},{"start":{"line":402,"column":37},"end":{"line":402,"column":76}}]},"31":{"loc":{"start":{"line":431,"column":4},"end":{"line":435,"column":5}},"type":"if","locations":[{"start":{"line":431,"column":4},"end":{"line":435,"column":5}},{"start":{},"end":{}}]},"32":{"loc":{"start":{"line":437,"column":4},"end":{"line":439,"column":5}},"type":"if","locations":[{"start":{"line":437,"column":4},"end":{"line":439,"column":5}},{"start":{},"end":{}}]},"33":{"loc":{"start":{"line":443,"column":4},"end":{"line":445,"column":5}},"type":"if","locations":[{"start":{"line":443,"column":4},"end":{"line":445,"column":5}},{"start":{},"end":{}}]},"34":{"loc":{"start":{"line":448,"column":4},"end":{"line":452,"column":5}},"type":"if","locations":[{"start":{"line":448,"column":4},"end":{"line":452,"column":5}},{"start":{},"end":{}}]},"35":{"loc":{"start":{"line":448,"column":8},"end":{"line":448,"column":55}},"type":"binary-expr","locations":[{"start":{"line":448,"column":8},"end":{"line":448,"column":37}},{"start":{"line":448,"column":41},"end":{"line":448,"column":55}}]},"36":{"loc":{"start":{"line":454,"column":4},"end":{"line":456,"column":5}},"type":"if","locations":[{"start":{"line":454,"column":4},"end":{"line":456,"column":5}},{"start":{},"end":{}}]},"37":{"loc":{"start":{"line":68,"column":29},"end":{"line":68,"column":null}},"type":"cond-expr","locations":[{"start":{"line":68,"column":42},"end":{"line":68,"column":null}},{"start":{"line":68,"column":42},"end":{"line":68,"column":null}}]},"38":{"loc":{"start":{"line":68,"column":29},"end":{"line":68,"column":42}},"type":"binary-expr","locations":[{"start":{"line":68,"column":29},"end":{"line":68,"column":null}},{"start":{"line":68,"column":29},"end":{"line":68,"column":42}}]},"39":{"loc":{"start":{"line":68,"column":42},"end":{"line":69,"column":null}},"type":"cond-expr","locations":[{"start":{"line":69,"column":32},"end":{"line":69,"column":null}},{"start":{"line":69,"column":32},"end":{"line":69,"column":null}}]},"40":{"loc":{"start":{"line":68,"column":42},"end":{"line":69,"column":32}},"type":"binary-expr","locations":[{"start":{"line":68,"column":42},"end":{"line":69,"column":null}},{"start":{"line":69,"column":19},"end":{"line":69,"column":32}}]}},"s":{"0":3,"1":3,"2":3,"3":3,"4":3,"5":3,"6":3,"7":3,"8":3,"9":3,"10":27,"11":27,"12":27,"13":27,"14":27,"15":0,"16":27,"17":27,"18":27,"19":27,"20":27,"21":27,"22":27,"23":0,"24":27,"25":0,"26":27,"27":0,"28":27,"29":27,"30":0,"31":0,"32":0,"33":0,"34":0,"35":0,"36":0,"37":8,"38":0,"39":8,"40":6,"41":6,"42":1,"43":5,"44":3,"45":3,"46":3,"47":3,"48":3,"49":3,"50":3,"51":1,"52":1,"53":1,"54":0,"55":2,"56":2,"57":1,"58":1,"59":1,"60":1,"61":4,"62":4,"63":1,"64":3,"65":1,"66":2,"67":1,"68":1,"69":1,"70":5,"71":3,"72":1,"73":2,"74":2,"75":2,"76":0,"77":2,"78":3,"79":3,"80":6,"81":6,"82":6,"83":3,"84":1,"85":2,"86":4,"87":4,"88":4,"89":1,"90":3,"91":1,"92":2,"93":2,"94":2,"95":2,"96":3,"97":3,"98":3,"99":1,"100":2,"101":2,"102":2,"103":5,"104":5,"105":1,"106":4,"107":1,"108":1,"109":3,"110":4,"111":4,"112":4,"113":8,"114":8,"115":1,"116":7,"117":1,"118":5,"119":2,"120":3,"121":3,"122":1,"123":2,"124":1,"125":1,"126":3,"127":3,"128":3},"f":{"0":27,"1":0,"2":0,"3":0,"4":8,"5":0,"6":8,"7":4,"8":5,"9":3,"10":6,"11":4,"12":4,"13":3,"14":5,"15":4,"16":8,"17":5,"18":3},"b":{"0":[0,27],"1":[27,27],"2":[0,27],"3":[0,27],"4":[0,27],"5":[27,0],"6":[0,0],"7":[1,5],"8":[6,1],"9":[1,0],"10":[1,0],"11":[2,2],"12":[1,3],"13":[1,2],"14":[1,1],"15":[1,2],"16":[3,2],"17":[2,0],"18":[0,2],"19":[2,2],"20":[1],"21":[6,6],"22":[3,3],"23":[1,2],"24":[1,3],"25":[1,2],"26":[3,1],"27":[1,0],"28":[1,4],"29":[1,3],"30":[4,4],"31":[1,7],"32":[1,6],"33":[2,3],"34":[1,2],"35":[3,2],"36":[1,1],"37":[3,0],"38":[3,3],"39":[3,0],"40":[3,3]}},"/home/hamza/Documents/projetsApprentissage/p3-devops/frontend/src/App.tsx":{"path":"/home/hamza/Documents/projetsApprentissage/p3-devops/frontend/src/App.tsx","statementMap":{},"fnMap":{"0":{"name":"App","decl":{"start":{"line":5,"column":9},"end":{"line":5,"column":15}},"loc":{"start":{"line":5,"column":15},"end":{"line":13,"column":null}}}},"branchMap":{},"s":{},"f":{"0":178},"b":{}},"/home/hamza/Documents/projetsApprentissage/p3-devops/frontend/src/ProtectedRoute.tsx":{"path":"/home/hamza/Documents/projetsApprentissage/p3-devops/frontend/src/ProtectedRoute.tsx","statementMap":{},"fnMap":{"0":{"name":"ProtectedRoute","decl":{"start":{"line":7,"column":24},"end":{"line":7,"column":39}},"loc":{"start":{"line":11,"column":3},"end":{"line":13,"column":null}}}},"branchMap":{"0":{"loc":{"start":{"line":12,"column":29},"end":{"line":12,"column":48}},"type":"cond-expr","locations":[{"start":{"line":12,"column":29},"end":{"line":12,"column":48}}]}},"s":{},"f":{"0":82},"b":{"0":[82]}},"/home/hamza/Documents/projetsApprentissage/p3-devops/frontend/src/auth.ts":{"path":"/home/hamza/Documents/projetsApprentissage/p3-devops/frontend/src/auth.ts","statementMap":{"0":{"start":{"line":1,"column":30},"end":{"line":1,"column":null}},"1":{"start":{"line":4,"column":2},"end":{"line":4,"column":null}},"2":{"start":{"line":8,"column":2},"end":{"line":8,"column":null}},"3":{"start":{"line":12,"column":2},"end":{"line":12,"column":null}},"4":{"start":{"line":16,"column":2},"end":{"line":16,"column":null}}},"fnMap":{"0":{"name":"getAccessToken","decl":{"start":{"line":3,"column":16},"end":{"line":3,"column":33}},"loc":{"start":{"line":3,"column":33},"end":{"line":5,"column":null}}},"1":{"name":"setAccessToken","decl":{"start":{"line":7,"column":16},"end":{"line":7,"column":31}},"loc":{"start":{"line":7,"column":46},"end":{"line":9,"column":null}}},"2":{"name":"clearAccessToken","decl":{"start":{"line":11,"column":16},"end":{"line":11,"column":35}},"loc":{"start":{"line":11,"column":35},"end":{"line":13,"column":null}}},"3":{"name":"isAuthenticated","decl":{"start":{"line":15,"column":16},"end":{"line":15,"column":34}},"loc":{"start":{"line":15,"column":34},"end":{"line":17,"column":null}}}},"branchMap":{},"s":{"0":178,"1":462,"2":84,"3":0,"4":268},"f":{"0":462,"1":84,"2":0,"3":268},"b":{}},"/home/hamza/Documents/projetsApprentissage/p3-devops/frontend/src/main.tsx":{"path":"/home/hamza/Documents/projetsApprentissage/p3-devops/frontend/src/main.tsx","statementMap":{"0":{"start":{"line":6,"column":0},"end":{"line":8,"column":null}}},"fnMap":{},"branchMap":{},"s":{"0":178},"f":{},"b":{}},"/home/hamza/Documents/projetsApprentissage/p3-devops/frontend/src/router.tsx":{"path":"/home/hamza/Documents/projetsApprentissage/p3-devops/frontend/src/router.tsx","statementMap":{"0":{"start":{"line":17,"column":22},"end":{"line":42,"column":null}},"1":{"start":{"line":11,"column":9},"end":{"line":11,"column":null}}},"fnMap":{"0":{"name":"ProtectedRoute","decl":{"start":{"line":13,"column":9},"end":{"line":13,"column":24}},"loc":{"start":{"line":13,"column":69},"end":{"line":15,"column":null}}}},"branchMap":{"0":{"loc":{"start":{"line":14,"column":29},"end":{"line":14,"column":48}},"type":"cond-expr","locations":[{"start":{"line":14,"column":29},"end":{"line":14,"column":48}}]}},"s":{"0":20,"1":158},"f":{"0":8},"b":{"0":[8]}},"/home/hamza/Documents/projetsApprentissage/p3-devops/frontend/src/pages/Download.tsx":{"path":"/home/hamza/Documents/projetsApprentissage/p3-devops/frontend/src/pages/Download.tsx","statementMap":{"0":{"start":{"line":56,"column":25},"end":{"line":56,"column":null}},"1":{"start":{"line":57,"column":25},"end":{"line":57,"column":null}},"2":{"start":{"line":58,"column":34},"end":{"line":58,"column":null}},"3":{"start":{"line":59,"column":34},"end":{"line":59,"column":null}},"4":{"start":{"line":60,"column":44},"end":{"line":60,"column":null}},"5":{"start":{"line":61,"column":28},"end":{"line":61,"column":null}},"6":{"start":{"line":62,"column":36},"end":{"line":62,"column":null}},"7":{"start":{"line":63,"column":44},"end":{"line":63,"column":null}},"8":{"start":{"line":64,"column":34},"end":{"line":64,"column":null}},"9":{"start":{"line":66,"column":19},"end":{"line":72,"column":null}},"10":{"start":{"line":67,"column":4},"end":{"line":69,"column":null}},"11":{"start":{"line":68,"column":6},"end":{"line":68,"column":null}},"12":{"start":{"line":71,"column":4},"end":{"line":71,"column":null}},"13":{"start":{"line":74,"column":23},"end":{"line":88,"column":null}},"14":{"start":{"line":75,"column":4},"end":{"line":75,"column":null}},"15":{"start":{"line":75,"column":19},"end":{"line":75,"column":null}},"16":{"start":{"line":77,"column":4},"end":{"line":79,"column":null}},"17":{"start":{"line":78,"column":6},"end":{"line":78,"column":null}},"18":{"start":{"line":81,"column":4},"end":{"line":81,"column":null}},"19":{"start":{"line":81,"column":24},"end":{"line":81,"column":null}},"20":{"start":{"line":83,"column":21},"end":{"line":83,"column":null}},"21":{"start":{"line":85,"column":4},"end":{"line":87,"column":null}},"22":{"start":{"line":90,"column":2},"end":{"line":122,"column":null}},"23":{"start":{"line":91,"column":25},"end":{"line":119,"column":null}},"24":{"start":{"line":92,"column":6},"end":{"line":96,"column":null}},"25":{"start":{"line":93,"column":8},"end":{"line":93,"column":null}},"26":{"start":{"line":94,"column":8},"end":{"line":94,"column":null}},"27":{"start":{"line":95,"column":8},"end":{"line":95,"column":null}},"28":{"start":{"line":98,"column":6},"end":{"line":118,"column":null}},"29":{"start":{"line":99,"column":25},"end":{"line":99,"column":null}},"30":{"start":{"line":101,"column":8},"end":{"line":105,"column":null}},"31":{"start":{"line":102,"column":10},"end":{"line":104,"column":null}},"32":{"start":{"line":107,"column":25},"end":{"line":107,"column":null}},"33":{"start":{"line":108,"column":8},"end":{"line":108,"column":null}},"34":{"start":{"line":109,"column":8},"end":{"line":109,"column":null}},"35":{"start":{"line":111,"column":8},"end":{"line":115,"column":null}},"36":{"start":{"line":117,"column":8},"end":{"line":117,"column":null}},"37":{"start":{"line":121,"column":4},"end":{"line":121,"column":null}},"38":{"start":{"line":125,"column":25},"end":{"line":182,"column":null}},"39":{"start":{"line":126,"column":4},"end":{"line":126,"column":null}},"40":{"start":{"line":128,"column":4},"end":{"line":131,"column":null}},"41":{"start":{"line":129,"column":6},"end":{"line":129,"column":null}},"42":{"start":{"line":130,"column":6},"end":{"line":130,"column":null}},"43":{"start":{"line":133,"column":4},"end":{"line":136,"column":null}},"44":{"start":{"line":134,"column":6},"end":{"line":134,"column":null}},"45":{"start":{"line":135,"column":6},"end":{"line":135,"column":null}},"46":{"start":{"line":138,"column":4},"end":{"line":141,"column":null}},"47":{"start":{"line":139,"column":6},"end":{"line":139,"column":null}},"48":{"start":{"line":140,"column":6},"end":{"line":140,"column":null}},"49":{"start":{"line":143,"column":4},"end":{"line":143,"column":null}},"50":{"start":{"line":144,"column":4},"end":{"line":144,"column":null}},"51":{"start":{"line":145,"column":4},"end":{"line":145,"column":null}},"52":{"start":{"line":147,"column":4},"end":{"line":181,"column":null}},"53":{"start":{"line":148,"column":23},"end":{"line":154,"column":null}},"54":{"start":{"line":156,"column":6},"end":{"line":158,"column":null}},"55":{"start":{"line":157,"column":8},"end":{"line":157,"column":null}},"56":{"start":{"line":160,"column":6},"end":{"line":164,"column":null}},"57":{"start":{"line":161,"column":8},"end":{"line":163,"column":null}},"58":{"start":{"line":166,"column":19},"end":{"line":166,"column":null}},"59":{"start":{"line":167,"column":6},"end":{"line":167,"column":null}},"60":{"start":{"line":170,"column":8},"end":{"line":172,"column":null}},"61":{"start":{"line":174,"column":6},"end":{"line":178,"column":null}},"62":{"start":{"line":175,"column":8},"end":{"line":175,"column":null}},"63":{"start":{"line":177,"column":8},"end":{"line":177,"column":null}},"64":{"start":{"line":180,"column":6},"end":{"line":180,"column":null}},"65":{"start":{"line":251,"column":22},"end":{"line":251,"column":null}},"66":{"start":{"line":252,"column":22},"end":{"line":252,"column":null}},"67":{"start":{"line":253,"column":22},"end":{"line":253,"column":null}}},"fnMap":{"0":{"name":"DownloadIcon","decl":{"start":{"line":22,"column":9},"end":{"line":22,"column":24}},"loc":{"start":{"line":22,"column":24},"end":{"line":53,"column":null}}},"1":{"name":"Download","decl":{"start":{"line":55,"column":24},"end":{"line":55,"column":35}},"loc":{"start":{"line":55,"column":35},"end":{"line":288,"column":null}}},"2":{"name":"(anonymous_2)","decl":{"start":{"line":66,"column":19},"end":{"line":66,"column":33}},"loc":{"start":{"line":66,"column":33},"end":{"line":72,"column":5}}},"3":{"name":"(anonymous_3)","decl":{"start":{"line":74,"column":23},"end":{"line":74,"column":37}},"loc":{"start":{"line":74,"column":37},"end":{"line":88,"column":5}}},"4":{"name":"(anonymous_4)","decl":{"start":{"line":90,"column":2},"end":{"line":90,"column":18}},"loc":{"start":{"line":90,"column":18},"end":{"line":122,"column":5}}},"5":{"name":"(anonymous_5)","decl":{"start":{"line":91,"column":25},"end":{"line":91,"column":37}},"loc":{"start":{"line":91,"column":37},"end":{"line":119,"column":null}}},"6":{"name":"(anonymous_6)","decl":{"start":{"line":125,"column":25},"end":{"line":125,"column":32}},"loc":{"start":{"line":125,"column":70},"end":{"line":182,"column":null}}},"7":{"name":"(anonymous_7)","decl":{"start":{"line":250,"column":20},"end":{"line":250,"column":31}},"loc":{"start":{"line":250,"column":41},"end":{"line":254,"column":null}}}},"branchMap":{"0":{"loc":{"start":{"line":56,"column":10},"end":{"line":56,"column":25}},"type":"default-arg","locations":[{"start":{"line":56,"column":18},"end":{"line":56,"column":25}}]},"1":{"loc":{"start":{"line":59,"column":43},"end":{"line":59,"column":77}},"type":"binary-expr","locations":[{"start":{"line":59,"column":43},"end":{"line":59,"column":75}},{"start":{"line":59,"column":75},"end":{"line":59,"column":77}}]},"2":{"loc":{"start":{"line":67,"column":4},"end":{"line":69,"column":null}},"type":"if","locations":[{"start":{"line":67,"column":4},"end":{"line":69,"column":null}}]},"3":{"loc":{"start":{"line":75,"column":4},"end":{"line":75,"column":null}},"type":"if","locations":[{"start":{"line":75,"column":4},"end":{"line":75,"column":null}}]},"4":{"loc":{"start":{"line":77,"column":4},"end":{"line":79,"column":null}},"type":"if","locations":[{"start":{"line":77,"column":4},"end":{"line":79,"column":null}}]},"5":{"loc":{"start":{"line":81,"column":4},"end":{"line":81,"column":null}},"type":"if","locations":[{"start":{"line":81,"column":4},"end":{"line":81,"column":null}}]},"6":{"loc":{"start":{"line":85,"column":11},"end":{"line":87,"column":null}},"type":"cond-expr","locations":[{"start":{"line":86,"column":8},"end":{"line":86,"column":null}},{"start":{"line":87,"column":8},"end":{"line":87,"column":null}}]},"7":{"loc":{"start":{"line":92,"column":6},"end":{"line":96,"column":null}},"type":"if","locations":[{"start":{"line":92,"column":6},"end":{"line":96,"column":null}}]},"8":{"loc":{"start":{"line":101,"column":8},"end":{"line":105,"column":null}},"type":"if","locations":[{"start":{"line":101,"column":8},"end":{"line":105,"column":null}}]},"9":{"loc":{"start":{"line":112,"column":10},"end":{"line":114,"column":null}},"type":"cond-expr","locations":[{"start":{"line":113,"column":14},"end":{"line":113,"column":null}},{"start":{"line":114,"column":14},"end":{"line":114,"column":null}}]},"10":{"loc":{"start":{"line":128,"column":4},"end":{"line":131,"column":null}},"type":"if","locations":[{"start":{"line":128,"column":4},"end":{"line":131,"column":null}}]},"11":{"loc":{"start":{"line":133,"column":4},"end":{"line":136,"column":null}},"type":"if","locations":[{"start":{"line":133,"column":4},"end":{"line":136,"column":null}}]},"12":{"loc":{"start":{"line":133,"column":8},"end":{"line":133,"column":68}},"type":"binary-expr","locations":[{"start":{"line":133,"column":8},"end":{"line":133,"column":38}},{"start":{"line":133,"column":38},"end":{"line":133,"column":68}}]},"13":{"loc":{"start":{"line":138,"column":4},"end":{"line":141,"column":null}},"type":"if","locations":[{"start":{"line":138,"column":4},"end":{"line":141,"column":null}}]},"14":{"loc":{"start":{"line":138,"column":8},"end":{"line":138,"column":66}},"type":"binary-expr","locations":[{"start":{"line":138,"column":8},"end":{"line":138,"column":38}},{"start":{"line":138,"column":38},"end":{"line":138,"column":66}}]},"15":{"loc":{"start":{"line":153,"column":41},"end":{"line":153,"column":70}},"type":"binary-expr","locations":[{"start":{"line":153,"column":41},"end":{"line":153,"column":60}},{"start":{"line":153,"column":60},"end":{"line":153,"column":70}}]},"16":{"loc":{"start":{"line":156,"column":6},"end":{"line":158,"column":null}},"type":"if","locations":[{"start":{"line":156,"column":6},"end":{"line":158,"column":null}}]},"17":{"loc":{"start":{"line":160,"column":6},"end":{"line":164,"column":null}},"type":"if","locations":[{"start":{"line":160,"column":6},"end":{"line":164,"column":null}}]},"18":{"loc":{"start":{"line":167,"column":35},"end":{"line":167,"column":67}},"type":"binary-expr","locations":[{"start":{"line":167,"column":35},"end":{"line":167,"column":57}},{"start":{"line":167,"column":57},"end":{"line":167,"column":67}}]},"19":{"loc":{"start":{"line":170,"column":8},"end":{"line":172,"column":null}},"type":"cond-expr","locations":[{"start":{"line":171,"column":12},"end":{"line":171,"column":null}},{"start":{"line":172,"column":12},"end":{"line":172,"column":null}}]},"20":{"loc":{"start":{"line":174,"column":6},"end":{"line":178,"column":null}},"type":"if","locations":[{"start":{"line":174,"column":6},"end":{"line":178,"column":null}},{"start":{"line":176,"column":13},"end":{"line":178,"column":null}}]},"21":{"loc":{"start":{"line":190,"column":11},"end":{"line":283,"column":null}},"type":"cond-expr","locations":[{"start":{"line":191,"column":12},"end":{"line":192,"column":null}},{"start":{"line":192,"column":14},"end":{"line":283,"column":null}}]},"22":{"loc":{"start":{"line":192,"column":14},"end":{"line":283,"column":null}},"type":"cond-expr","locations":[{"start":{"line":193,"column":12},"end":{"line":194,"column":null}},{"start":{"line":194,"column":14},"end":{"line":283,"column":null}}]},"23":{"loc":{"start":{"line":194,"column":14},"end":{"line":283,"column":null}},"type":"cond-expr","locations":[{"start":{"line":195,"column":12},"end":{"line":283,"column":null}},{"start":{"line":283,"column":14},"end":{"line":283,"column":null}}]},"24":{"loc":{"start":{"line":234,"column":49},"end":{"line":234,"column":null}},"type":"cond-expr","locations":[{"start":{"line":234,"column":68},"end":{"line":234,"column":100}},{"start":{"line":234,"column":100},"end":{"line":234,"column":null}}]},"25":{"loc":{"start":{"line":240,"column":15},"end":{"line":240,"column":null}},"type":"binary-expr","locations":[{"start":{"line":240,"column":15},"end":{"line":240,"column":null}}]},"26":{"loc":{"start":{"line":257,"column":19},"end":{"line":257,"column":null}},"type":"binary-expr","locations":[{"start":{"line":257,"column":19},"end":{"line":257,"column":null}}]},"27":{"loc":{"start":{"line":263,"column":15},"end":{"line":263,"column":24}},"type":"binary-expr","locations":[{"start":{"line":263,"column":15},"end":{"line":263,"column":24}}]},"28":{"loc":{"start":{"line":269,"column":18},"end":{"line":271,"column":null}},"type":"binary-expr","locations":[{"start":{"line":269,"column":18},"end":{"line":269,"column":null}},{"start":{"line":270,"column":18},"end":{"line":270,"column":null}},{"start":{"line":271,"column":19},"end":{"line":271,"column":48}},{"start":{"line":271,"column":48},"end":{"line":271,"column":null}}]},"29":{"loc":{"start":{"line":276,"column":17},"end":{"line":280,"column":null}},"type":"cond-expr","locations":[{"start":{"line":277,"column":20},"end":{"line":277,"column":null}},{"start":{"line":278,"column":20},"end":{"line":280,"column":null}}]},"30":{"loc":{"start":{"line":278,"column":20},"end":{"line":280,"column":null}},"type":"cond-expr","locations":[{"start":{"line":279,"column":22},"end":{"line":279,"column":null}},{"start":{"line":280,"column":22},"end":{"line":280,"column":null}}]}},"s":{"0":76,"1":76,"2":76,"3":76,"4":76,"5":76,"6":76,"7":76,"8":76,"9":76,"10":44,"11":22,"12":22,"13":76,"14":44,"15":22,"16":22,"17":0,"18":22,"19":0,"20":22,"21":22,"22":76,"23":22,"24":22,"25":0,"26":0,"27":0,"28":22,"29":22,"30":22,"31":0,"32":22,"33":22,"34":22,"35":0,"36":22,"37":22,"38":76,"39":16,"40":16,"41":0,"42":0,"43":16,"44":0,"45":0,"46":16,"47":0,"48":0,"49":16,"50":16,"51":16,"52":16,"53":16,"54":16,"55":0,"56":16,"57":0,"58":16,"59":16,"60":0,"61":0,"62":0,"63":0,"64":16,"65":0,"66":0,"67":0},"f":{"0":54,"1":76,"2":44,"3":44,"4":22,"5":22,"6":16,"7":0},"b":{"0":[0],"1":[76,76],"2":[22],"3":[22],"4":[0],"5":[0],"6":[0,22],"7":[0],"8":[0],"9":[0,0],"10":[0],"11":[0],"12":[16,0],"13":[0],"14":[16,0],"15":[16,16],"16":[0],"17":[0],"18":[16,0],"19":[0,0],"20":[0,0],"21":[22,54],"22":[0,54],"23":[54,0],"24":[0,54],"25":[54],"26":[0],"27":[54],"28":[54,38,38,0],"29":[0,54],"30":[16,38]}},"/home/hamza/Documents/projetsApprentissage/p3-devops/frontend/src/pages/Footer.tsx":{"path":"/home/hamza/Documents/projetsApprentissage/p3-devops/frontend/src/pages/Footer.tsx","statementMap":{},"fnMap":{"0":{"name":"Footer","decl":{"start":{"line":3,"column":24},"end":{"line":3,"column":33}},"loc":{"start":{"line":3,"column":33},"end":{"line":9,"column":null}}}},"branchMap":{},"s":{},"f":{"0":178},"b":{}},"/home/hamza/Documents/projetsApprentissage/p3-devops/frontend/src/pages/Header.tsx":{"path":"/home/hamza/Documents/projetsApprentissage/p3-devops/frontend/src/pages/Header.tsx","statementMap":{"0":{"start":{"line":6,"column":19},"end":{"line":6,"column":null}}},"fnMap":{"0":{"name":"Header","decl":{"start":{"line":5,"column":24},"end":{"line":5,"column":33}},"loc":{"start":{"line":5,"column":33},"end":{"line":25,"column":null}}}},"branchMap":{"0":{"loc":{"start":{"line":16,"column":16},"end":{"line":16,"column":null}},"type":"cond-expr","locations":[{"start":{"line":16,"column":27},"end":{"line":16,"column":41}},{"start":{"line":16,"column":41},"end":{"line":16,"column":null}}]},"1":{"loc":{"start":{"line":19,"column":13},"end":{"line":19,"column":null}},"type":"cond-expr","locations":[{"start":{"line":19,"column":24},"end":{"line":19,"column":39}},{"start":{"line":19,"column":39},"end":{"line":19,"column":null}}]}},"s":{"0":178},"f":{"0":178},"b":{"0":[44,134],"1":[44,134]}},"/home/hamza/Documents/projetsApprentissage/p3-devops/frontend/src/pages/LandingPage.tsx":{"path":"/home/hamza/Documents/projetsApprentissage/p3-devops/frontend/src/pages/LandingPage.tsx","statementMap":{},"fnMap":{"0":{"name":"LandingPage","decl":{"start":{"line":5,"column":24},"end":{"line":5,"column":38}},"loc":{"start":{"line":5,"column":38},"end":{"line":14,"column":null}}}},"branchMap":{},"s":{},"f":{"0":0},"b":{}},"/home/hamza/Documents/projetsApprentissage/p3-devops/frontend/src/pages/Login.tsx":{"path":"/home/hamza/Documents/projetsApprentissage/p3-devops/frontend/src/pages/Login.tsx","statementMap":{"0":{"start":{"line":14,"column":28},"end":{"line":14,"column":null}},"1":{"start":{"line":15,"column":34},"end":{"line":15,"column":null}},"2":{"start":{"line":16,"column":28},"end":{"line":16,"column":null}},"3":{"start":{"line":17,"column":42},"end":{"line":17,"column":null}},"4":{"start":{"line":18,"column":19},"end":{"line":18,"column":null}},"5":{"start":{"line":21,"column":23},"end":{"line":57,"column":null}},"6":{"start":{"line":22,"column":4},"end":{"line":22,"column":null}},"7":{"start":{"line":23,"column":4},"end":{"line":23,"column":null}},"8":{"start":{"line":24,"column":4},"end":{"line":24,"column":null}},"9":{"start":{"line":26,"column":4},"end":{"line":56,"column":null}},"10":{"start":{"line":27,"column":27},"end":{"line":27,"column":null}},"11":{"start":{"line":29,"column":6},"end":{"line":31,"column":null}},"12":{"start":{"line":30,"column":8},"end":{"line":30,"column":null}},"13":{"start":{"line":33,"column":23},"end":{"line":39,"column":null}},"14":{"start":{"line":41,"column":6},"end":{"line":43,"column":null}},"15":{"start":{"line":42,"column":8},"end":{"line":42,"column":null}},"16":{"start":{"line":45,"column":23},"end":{"line":45,"column":null}},"17":{"start":{"line":46,"column":6},"end":{"line":46,"column":null}},"18":{"start":{"line":47,"column":6},"end":{"line":47,"column":null}},"19":{"start":{"line":49,"column":6},"end":{"line":53,"column":null}},"20":{"start":{"line":55,"column":6},"end":{"line":55,"column":null}},"21":{"start":{"line":80,"column":37},"end":{"line":80,"column":null}},"22":{"start":{"line":96,"column":37},"end":{"line":96,"column":null}}},"fnMap":{"0":{"name":"Login","decl":{"start":{"line":13,"column":24},"end":{"line":13,"column":32}},"loc":{"start":{"line":13,"column":32},"end":{"line":125,"column":null}}},"1":{"name":"(anonymous_1)","decl":{"start":{"line":21,"column":23},"end":{"line":21,"column":30}},"loc":{"start":{"line":21,"column":68},"end":{"line":57,"column":null}}},"2":{"name":"(anonymous_2)","decl":{"start":{"line":80,"column":16},"end":{"line":80,"column":27}},"loc":{"start":{"line":80,"column":37},"end":{"line":80,"column":null}}},"3":{"name":"(anonymous_3)","decl":{"start":{"line":96,"column":16},"end":{"line":96,"column":27}},"loc":{"start":{"line":96,"column":37},"end":{"line":96,"column":null}}}},"branchMap":{"0":{"loc":{"start":{"line":29,"column":6},"end":{"line":31,"column":null}},"type":"if","locations":[{"start":{"line":29,"column":6},"end":{"line":31,"column":null}}]},"1":{"loc":{"start":{"line":41,"column":6},"end":{"line":43,"column":null}},"type":"if","locations":[{"start":{"line":41,"column":6},"end":{"line":43,"column":null}}]},"2":{"loc":{"start":{"line":50,"column":8},"end":{"line":52,"column":null}},"type":"cond-expr","locations":[{"start":{"line":51,"column":12},"end":{"line":51,"column":null}},{"start":{"line":52,"column":12},"end":{"line":52,"column":null}}]},"3":{"loc":{"start":{"line":102,"column":13},"end":{"line":102,"column":22}},"type":"binary-expr","locations":[{"start":{"line":102,"column":13},"end":{"line":102,"column":22}}]},"4":{"loc":{"start":{"line":117,"column":17},"end":{"line":117,"column":null}},"type":"cond-expr","locations":[{"start":{"line":117,"column":32},"end":{"line":117,"column":49}},{"start":{"line":117,"column":49},"end":{"line":117,"column":null}}]}},"s":{"0":3422,"1":3422,"2":3422,"3":3422,"4":3422,"5":3422,"6":84,"7":84,"8":84,"9":84,"10":84,"11":84,"12":0,"13":84,"14":84,"15":0,"16":84,"17":84,"18":84,"19":0,"20":84,"21":2130,"22":1008},"f":{"0":3422,"1":84,"2":2130,"3":1008},"b":{"0":[0],"1":[0],"2":[0,0],"3":[3422],"4":[84,3338]}},"/home/hamza/Documents/projetsApprentissage/p3-devops/frontend/src/pages/MySpace.tsx":{"path":"/home/hamza/Documents/projetsApprentissage/p3-devops/frontend/src/pages/MySpace.tsx","statementMap":{"0":{"start":{"line":21,"column":53},"end":{"line":25,"column":null}},"1":{"start":{"line":28,"column":2},"end":{"line":30,"column":null}},"2":{"start":{"line":29,"column":4},"end":{"line":29,"column":null}},"3":{"start":{"line":32,"column":19},"end":{"line":32,"column":null}},"4":{"start":{"line":34,"column":2},"end":{"line":36,"column":null}},"5":{"start":{"line":35,"column":4},"end":{"line":35,"column":null}},"6":{"start":{"line":38,"column":2},"end":{"line":38,"column":null}},"7":{"start":{"line":42,"column":30},"end":{"line":42,"column":null}},"8":{"start":{"line":43,"column":28},"end":{"line":43,"column":null}},"9":{"start":{"line":44,"column":36},"end":{"line":44,"column":null}},"10":{"start":{"line":45,"column":28},"end":{"line":45,"column":null}},"11":{"start":{"line":46,"column":38},"end":{"line":46,"column":null}},"12":{"start":{"line":47,"column":44},"end":{"line":47,"column":null}},"13":{"start":{"line":48,"column":56},"end":{"line":50,"column":null}},"14":{"start":{"line":51,"column":19},"end":{"line":51,"column":null}},"15":{"start":{"line":53,"column":16},"end":{"line":53,"column":null}},"16":{"start":{"line":55,"column":2},"end":{"line":99,"column":null}},"17":{"start":{"line":56,"column":4},"end":{"line":56,"column":null}},"18":{"start":{"line":56,"column":16},"end":{"line":56,"column":null}},"19":{"start":{"line":58,"column":22},"end":{"line":96,"column":null}},"20":{"start":{"line":59,"column":6},"end":{"line":59,"column":null}},"21":{"start":{"line":60,"column":6},"end":{"line":60,"column":null}},"22":{"start":{"line":62,"column":6},"end":{"line":95,"column":null}},"23":{"start":{"line":63,"column":25},"end":{"line":70,"column":null}},"24":{"start":{"line":72,"column":8},"end":{"line":77,"column":null}},"25":{"start":{"line":74,"column":10},"end":{"line":74,"column":null}},"26":{"start":{"line":75,"column":10},"end":{"line":75,"column":null}},"27":{"start":{"line":76,"column":10},"end":{"line":76,"column":null}},"28":{"start":{"line":79,"column":8},"end":{"line":83,"column":null}},"29":{"start":{"line":80,"column":10},"end":{"line":82,"column":null}},"30":{"start":{"line":85,"column":25},"end":{"line":85,"column":null}},"31":{"start":{"line":86,"column":8},"end":{"line":86,"column":null}},"32":{"start":{"line":88,"column":8},"end":{"line":92,"column":null}},"33":{"start":{"line":94,"column":8},"end":{"line":94,"column":null}},"34":{"start":{"line":98,"column":4},"end":{"line":98,"column":null}},"35":{"start":{"line":101,"column":23},"end":{"line":159,"column":null}},"36":{"start":{"line":102,"column":4},"end":{"line":102,"column":null}},"37":{"start":{"line":102,"column":16},"end":{"line":102,"column":null}},"38":{"start":{"line":103,"column":17},"end":{"line":103,"column":null}},"39":{"start":{"line":103,"column":38},"end":{"line":103,"column":56}},"40":{"start":{"line":106,"column":4},"end":{"line":121,"column":null}},"41":{"start":{"line":107,"column":20},"end":{"line":109,"column":null}},"42":{"start":{"line":111,"column":6},"end":{"line":113,"column":null}},"43":{"start":{"line":112,"column":8},"end":{"line":112,"column":null}},"44":{"start":{"line":115,"column":6},"end":{"line":118,"column":null}},"45":{"start":{"line":116,"column":8},"end":{"line":116,"column":null}},"46":{"start":{"line":117,"column":8},"end":{"line":117,"column":null}},"47":{"start":{"line":120,"column":6},"end":{"line":120,"column":null}},"48":{"start":{"line":123,"column":4},"end":{"line":123,"column":null}},"49":{"start":{"line":124,"column":4},"end":{"line":124,"column":null}},"50":{"start":{"line":126,"column":4},"end":{"line":158,"column":null}},"51":{"start":{"line":127,"column":23},"end":{"line":134,"column":null}},"52":{"start":{"line":136,"column":6},"end":{"line":141,"column":null}},"53":{"start":{"line":138,"column":8},"end":{"line":138,"column":null}},"54":{"start":{"line":139,"column":8},"end":{"line":139,"column":null}},"55":{"start":{"line":140,"column":8},"end":{"line":140,"column":null}},"56":{"start":{"line":143,"column":6},"end":{"line":147,"column":null}},"57":{"start":{"line":144,"column":8},"end":{"line":146,"column":null}},"58":{"start":{"line":149,"column":6},"end":{"line":149,"column":null}},"59":{"start":{"line":149,"column":28},"end":{"line":149,"column":72}},"60":{"start":{"line":149,"column":53},"end":{"line":149,"column":71}},"61":{"start":{"line":151,"column":6},"end":{"line":155,"column":null}},"62":{"start":{"line":157,"column":6},"end":{"line":157,"column":null}},"63":{"start":{"line":161,"column":8},"end":{"line":174,"column":null}},"64":{"start":{"line":162,"column":4},"end":{"line":164,"column":null}},"65":{"start":{"line":163,"column":6},"end":{"line":163,"column":null}},"66":{"start":{"line":166,"column":4},"end":{"line":169,"column":null}},"67":{"start":{"line":167,"column":6},"end":{"line":167,"column":null}},"68":{"start":{"line":168,"column":6},"end":{"line":168,"column":null}},"69":{"start":{"line":173,"column":4},"end":{"line":173,"column":null}},"70":{"start":{"line":176,"column":8},"end":{"line":179,"column":null}},"71":{"start":{"line":177,"column":4},"end":{"line":177,"column":null}},"72":{"start":{"line":178,"column":4},"end":{"line":178,"column":null}},"73":{"start":{"line":181,"column":2},"end":{"line":193,"column":null}},"74":{"start":{"line":202,"column":27},"end":{"line":202,"column":null}},"75":{"start":{"line":223,"column":27},"end":{"line":223,"column":null}},"76":{"start":{"line":257,"column":16},"end":{"line":264,"column":null}},"77":{"start":{"line":261,"column":33},"end":{"line":261,"column":null}},"78":{"start":{"line":278,"column":16},"end":{"line":403,"column":null}},"79":{"start":{"line":357,"column":28},"end":{"line":359,"column":null}},"80":{"start":{"line":358,"column":30},"end":{"line":358,"column":null}},"81":{"start":{"line":374,"column":30},"end":{"line":374,"column":null}},"82":{"start":{"line":375,"column":30},"end":{"line":375,"column":null}},"83":{"start":{"line":388,"column":30},"end":{"line":388,"column":null}},"84":{"start":{"line":389,"column":30},"end":{"line":389,"column":null}}},"fnMap":{"0":{"name":"getStatusLabel","decl":{"start":{"line":27,"column":9},"end":{"line":27,"column":24}},"loc":{"start":{"line":27,"column":40},"end":{"line":39,"column":null}}},"1":{"name":"MySpace","decl":{"start":{"line":41,"column":24},"end":{"line":41,"column":34}},"loc":{"start":{"line":41,"column":34},"end":{"line":411,"column":null}}},"2":{"name":"(anonymous_2)","decl":{"start":{"line":55,"column":2},"end":{"line":55,"column":18}},"loc":{"start":{"line":55,"column":18},"end":{"line":99,"column":5}}},"3":{"name":"(anonymous_3)","decl":{"start":{"line":58,"column":22},"end":{"line":58,"column":34}},"loc":{"start":{"line":58,"column":34},"end":{"line":96,"column":null}}},"4":{"name":"(anonymous_4)","decl":{"start":{"line":101,"column":23},"end":{"line":101,"column":30}},"loc":{"start":{"line":101,"column":49},"end":{"line":159,"column":null}}},"5":{"name":"(anonymous_5)","decl":{"start":{"line":103,"column":23},"end":{"line":103,"column":29}},"loc":{"start":{"line":103,"column":38},"end":{"line":103,"column":56}}},"6":{"name":"(anonymous_6)","decl":{"start":{"line":149,"column":6},"end":{"line":149,"column":16}},"loc":{"start":{"line":149,"column":28},"end":{"line":149,"column":72}}},"7":{"name":"(anonymous_7)","decl":{"start":{"line":149,"column":36},"end":{"line":149,"column":44}},"loc":{"start":{"line":149,"column":53},"end":{"line":149,"column":71}}},"8":{"name":"(anonymous_8)","decl":{"start":{"line":161,"column":8},"end":{"line":161,"column":24}},"loc":{"start":{"line":161,"column":43},"end":{"line":174,"column":null}}},"9":{"name":"(anonymous_9)","decl":{"start":{"line":176,"column":8},"end":{"line":176,"column":29}},"loc":{"start":{"line":176,"column":29},"end":{"line":179,"column":null}}},"10":{"name":"(anonymous_10)","decl":{"start":{"line":202,"column":12},"end":{"line":202,"column":27}},"loc":{"start":{"line":202,"column":27},"end":{"line":202,"column":null}}},"11":{"name":"(anonymous_11)","de
[...]
t":{"line":107,"column":4},"end":{"line":112,"column":null}},"29":{"start":{"line":108,"column":6},"end":{"line":111,"column":null}},"30":{"start":{"line":113,"column":4},"end":{"line":113,"column":null}},"31":{"start":{"line":116,"column":8},"end":{"line":130,"column":null}},"32":{"start":{"line":117,"column":18},"end":{"line":117,"column":null}},"33":{"start":{"line":118,"column":25},"end":{"line":118,"column":null}},"34":{"start":{"line":119,"column":4},"end":{"line":119,"column":null}},"35":{"start":{"line":119,"column":23},"end":{"line":119,"column":null}},"36":{"start":{"line":120,"column":16},"end":{"line":120,"column":null}},"37":{"start":{"line":121,"column":4},"end":{"line":126,"column":null}},"38":{"start":{"line":122,"column":6},"end":{"line":122,"column":null}},"39":{"start":{"line":123,"column":6},"end":{"line":123,"column":null}},"40":{"start":{"line":124,"column":6},"end":{"line":124,"column":null}},"41":{"start":{"line":125,"column":6},"end":{"line":125,"column":null}},"42":{"start":{"line":127,"column":4},"end":{"line":127,"column":null}},"43":{"start":{"line":128,"column":4},"end":{"line":128,"column":null}},"44":{"start":{"line":129,"column":4},"end":{"line":129,"column":null}},"45":{"start":{"line":132,"column":25},"end":{"line":132,"column":null}},"46":{"start":{"line":134,"column":25},"end":{"line":139,"column":null}},"47":{"start":{"line":135,"column":4},"end":{"line":135,"column":null}},"48":{"start":{"line":135,"column":22},"end":{"line":135,"column":null}},"49":{"start":{"line":137,"column":4},"end":{"line":137,"column":null}},"50":{"start":{"line":138,"column":4},"end":{"line":138,"column":null}},"51":{"start":{"line":142,"column":23},"end":{"line":195,"column":null}},"52":{"start":{"line":143,"column":4},"end":{"line":143,"column":null}},"53":{"start":{"line":145,"column":4},"end":{"line":148,"column":null}},"54":{"start":{"line":146,"column":6},"end":{"line":146,"column":null}},"55":{"start":{"line":147,"column":6},"end":{"line":147,"column":null}},"56":{"start":{"line":150,"column":4},"end":{"line":153,"column":null}},"57":{"start":{"line":151,"column":6},"end":{"line":151,"column":null}},"58":{"start":{"line":152,"column":6},"end":{"line":152,"column":null}},"59":{"start":{"line":155,"column":21},"end":{"line":155,"column":null}},"60":{"start":{"line":156,"column":4},"end":{"line":156,"column":null}},"61":{"start":{"line":157,"column":4},"end":{"line":157,"column":null}},"62":{"start":{"line":159,"column":4},"end":{"line":161,"column":null}},"63":{"start":{"line":160,"column":6},"end":{"line":160,"column":null}},"64":{"start":{"line":163,"column":4},"end":{"line":163,"column":null}},"65":{"start":{"line":164,"column":4},"end":{"line":164,"column":null}},"66":{"start":{"line":166,"column":4},"end":{"line":194,"column":null}},"67":{"start":{"line":167,"column":20},"end":{"line":167,"column":null}},"68":{"start":{"line":168,"column":23},"end":{"line":168,"column":null}},"69":{"start":{"line":169,"column":23},"end":{"line":177,"column":null}},"70":{"start":{"line":179,"column":6},"end":{"line":183,"column":null}},"71":{"start":{"line":180,"column":8},"end":{"line":182,"column":null}},"72":{"start":{"line":185,"column":23},"end":{"line":185,"column":null}},"73":{"start":{"line":186,"column":6},"end":{"line":186,"column":null}},"74":{"start":{"line":187,"column":6},"end":{"line":187,"column":null}},"75":{"start":{"line":189,"column":6},"end":{"line":191,"column":null}},"76":{"start":{"line":193,"column":6},"end":{"line":193,"column":null}},"77":{"start":{"line":197,"column":8},"end":{"line":209,"column":null}},"78":{"start":{"line":198,"column":4},"end":{"line":198,"column":null}},"79":{"start":{"line":199,"column":4},"end":{"line":199,"column":null}},"80":{"start":{"line":200,"column":4},"end":{"line":200,"column":null}},"81":{"start":{"line":201,"column":4},"end":{"line":201,"column":null}},"82":{"start":{"line":202,"column":4},"end":{"line":202,"column":null}},"83":{"start":{"line":203,"column":4},"end":{"line":203,"column":null}},"84":{"start":{"line":204,"column":4},"end":{"line":204,"column":null}},"85":{"start":{"line":205,"column":4},"end":{"line":205,"column":null}},"86":{"start":{"line":206,"column":4},"end":{"line":208,"column":null}},"87":{"start":{"line":207,"column":6},"end":{"line":207,"column":null}},"88":{"start":{"line":305,"column":30},"end":{"line":305,"column":null}},"89":{"start":{"line":306,"column":20},"end":{"line":306,"column":null}},"90":{"start":{"line":307,"column":20},"end":{"line":311,"column":null}},"91":{"start":{"line":312,"column":20},"end":{"line":312,"column":null}},"92":{"start":{"line":328,"column":39},"end":{"line":328,"column":null}},"93":{"start":{"line":211,"column":2},"end":{"line":428,"column":null}}},"fnMap":{"0":{"name":"CopyIcon","decl":{"start":{"line":27,"column":9},"end":{"line":27,"column":20}},"loc":{"start":{"line":27,"column":20},"end":{"line":53,"column":null}}},"1":{"name":"getDurationLabel","decl":{"start":{"line":55,"column":9},"end":{"line":55,"column":26}},"loc":{"start":{"line":55,"column":44},"end":{"line":65,"column":null}}},"2":{"name":"Upload","decl":{"start":{"line":67,"column":24},"end":{"line":67,"column":33}},"loc":{"start":{"line":67,"column":33},"end":{"line":428,"column":null}}},"3":{"name":"(anonymous_3)","decl":{"start":{"line":94,"column":8},"end":{"line":94,"column":33}},"loc":{"start":{"line":94,"column":33},"end":{"line":96,"column":null}}},"4":{"name":"(anonymous_4)","decl":{"start":{"line":99,"column":8},"end":{"line":99,"column":21}},"loc":{"start":{"line":99,"column":74},"end":{"line":114,"column":null}}},"5":{"name":"(anonymous_5)","decl":{"start":{"line":116,"column":8},"end":{"line":116,"column":28}},"loc":{"start":{"line":116,"column":69},"end":{"line":130,"column":null}}},"6":{"name":"(anonymous_6)","decl":{"start":{"line":134,"column":25},"end":{"line":134,"column":37}},"loc":{"start":{"line":134,"column":37},"end":{"line":139,"column":null}}},"7":{"name":"(anonymous_7)","decl":{"start":{"line":142,"column":23},"end":{"line":142,"column":30}},"loc":{"start":{"line":142,"column":68},"end":{"line":195,"column":null}}},"8":{"name":"(anonymous_8)","decl":{"start":{"line":197,"column":8},"end":{"line":197,"column":26}},"loc":{"start":{"line":197,"column":26},"end":{"line":209,"column":null}}},"9":{"name":"(anonymous_9)","decl":{"start":{"line":304,"column":18},"end":{"line":304,"column":29}},"loc":{"start":{"line":304,"column":39},"end":{"line":313,"column":null}}},"10":{"name":"(anonymous_10)","decl":{"start":{"line":328,"column":18},"end":{"line":328,"column":29}},"loc":{"start":{"line":328,"column":39},"end":{"line":328,"column":null}}}},"branchMap":{"0":{"loc":{"start":{"line":18,"column":2},"end":{"line":18,"column":null}},"type":"binary-expr","locations":[{"start":{"line":18,"column":2},"end":{"line":18,"column":43}},{"start":{"line":18,"column":43},"end":{"line":18,"column":null}}]},"1":{"loc":{"start":{"line":56,"column":2},"end":{"line":58,"column":null}},"type":"if","locations":[{"start":{"line":56,"column":2},"end":{"line":58,"column":null}}]},"2":{"loc":{"start":{"line":60,"column":2},"end":{"line":62,"column":null}},"type":"if","locations":[{"start":{"line":60,"column":2},"end":{"line":62,"column":null}}]},"3":{"loc":{"start":{"line":82,"column":22},"end":{"line":84,"column":null}},"type":"cond-expr","locations":[{"start":{"line":83,"column":6},"end":{"line":83,"column":null}},{"start":{"line":84,"column":6},"end":{"line":84,"column":null}}]},"4":{"loc":{"start":{"line":86,"column":24},"end":{"line":88,"column":null}},"type":"cond-expr","locations":[{"start":{"line":87,"column":6},"end":{"line":87,"column":null}},{"start":{"line":88,"column":6},"end":{"line":88,"column":null}}]},"5":{"loc":{"start":{"line":90,"column":22},"end":{"line":92,"column":null}},"type":"cond-expr","locations":[{"start":{"line":91,"column":6},"end":{"line":91,"column":null}},{"start":{"line":92,"column":6},"end":{"line":92,"column":null}}]},"6":{"loc":{"start":{"line":100,"column":16},"end":{"line":100,"column":null}},"type":"binary-expr","locations":[{"start":{"line":100,"column":16},"end":{"line":100,"column":58}},{"start":{"line":100,"column":58},"end":{"line":100,"column":null}}]},"7":{"loc":{"start":{"line":101,"column":4},"end":{"line":106,"column":null}},"type":"if","locations":[{"start":{"line":101,"column":4},"end":{"line":106,"column":null}}]},"8":{"loc":{"start":{"line":107,"column":4},"end":{"line":112,"column":null}},"type":"if","locations":[{"start":{"line":107,"column":4},"end":{"line":112,"column":null}}]},"9":{"loc":{"start":{"line":119,"column":4},"end":{"line":119,"column":null}},"type":"if","locations":[{"start":{"line":119,"column":4},"end":{"line":119,"column":null}}]},"10":{"loc":{"start":{"line":121,"column":4},"end":{"line":126,"column":null}},"type":"if","locations":[{"start":{"line":121,"column":4},"end":{"line":126,"column":null}}]},"11":{"loc":{"start":{"line":124,"column":19},"end":{"line":124,"column":36}},"type":"binary-expr","locations":[{"start":{"line":124,"column":19},"end":{"line":124,"column":34}},{"start":{"line":124,"column":34},"end":{"line":124,"column":36}}]},"12":{"loc":{"start":{"line":132,"column":25},"end":{"line":132,"column":null}},"type":"cond-expr","locations":[{"start":{"line":132,"column":32},"end":{"line":132,"column":60}},{"start":{"line":132,"column":60},"end":{"line":132,"column":null}}]},"13":{"loc":{"start":{"line":135,"column":4},"end":{"line":135,"column":null}},"type":"if","locations":[{"start":{"line":135,"column":4},"end":{"line":135,"column":null}}]},"14":{"loc":{"start":{"line":145,"column":4},"end":{"line":148,"column":null}},"type":"if","locations":[{"start":{"line":145,"column":4},"end":{"line":148,"column":null}}]},"15":{"loc":{"start":{"line":150,"column":4},"end":{"line":153,"column":null}},"type":"if","locations":[{"start":{"line":150,"column":4},"end":{"line":153,"column":null}}]},"16":{"loc":{"start":{"line":159,"column":4},"end":{"line":161,"column":null}},"type":"if","locations":[{"start":{"line":159,"column":4},"end":{"line":161,"column":null}}]},"17":{"loc":{"start":{"line":168,"column":23},"end":{"line":168,"column":null}},"type":"cond-expr","locations":[{"start":{"line":168,"column":31},"end":{"line":168,"column":47}},{"start":{"line":168,"column":47},"end":{"line":168,"column":null}}]},"18":{"loc":{"start":{"line":171,"column":17},"end":{"line":175,"column":null}},"type":"cond-expr","locations":[{"start":{"line":172,"column":12},"end":{"line":174,"column":null}},{"start":{"line":175,"column":12},"end":{"line":175,"column":null}}]},"19":{"loc":{"start":{"line":179,"column":6},"end":{"line":183,"column":null}},"type":"if","locations":[{"start":{"line":179,"column":6},"end":{"line":183,"column":null}}]},"20":{"loc":{"start":{"line":190,"column":8},"end":{"line":190,"column":null}},"type":"cond-expr","locations":[{"start":{"line":190,"column":33},"end":{"line":190,"column":49}},{"start":{"line":190,"column":49},"end":{"line":190,"column":null}}]},"21":{"loc":{"start":{"line":206,"column":4},"end":{"line":208,"column":null}},"type":"if","locations":[{"start":{"line":206,"column":4},"end":{"line":208,"column":null}}]},"22":{"loc":{"start":{"line":217,"column":11},"end":{"line":424,"column":null}},"type":"cond-expr","locations":[{"start":{"line":218,"column":12},"end":{"line":356,"column":13}},{"start":{"line":356,"column":12},"end":{"line":424,"column":null}}]},"23":{"loc":{"start":{"line":234,"column":18},"end":{"line":242,"column":null}},"type":"cond-expr","locations":[{"start":{"line":234,"column":18},"end":{"line":242,"column":null}}]},"24":{"loc":{"start":{"line":271,"column":59},"end":{"line":271,"column":null}},"type":"cond-expr","locations":[{"start":{"line":271,"column":76},"end":{"line":271,"column":91}},{"start":{"line":271,"column":91},"end":{"line":271,"column":null}}]},"25":{"loc":{"start":{"line":285,"column":21},"end":{"line":290,"column":null}},"type":"binary-expr","locations":[{"start":{"line":285,"column":21},"end":{"line":285,"column":null}},{"start":{"line":286,"column":22},"end":{"line":290,"column":null}}]},"26":{"loc":{"start":{"line":292,"column":17},"end":{"line":292,"column":30}},"type":"binary-expr","locations":[{"start":{"line":292,"column":17},"end":{"line":292,"column":30}}]},"27":{"loc":{"start":{"line":308,"column":22},"end":{"line":310,"column":null}},"type":"cond-expr","locations":[{"start":{"line":309,"column":26},"end":{"line":309,"column":null}},{"start":{"line":310,"column":26},"end":{"line":310,"column":null}}]},"28":{"loc":{"start":{"line":308,"column":22},"end":{"line":308,"column":null}},"type":"binary-expr","locations":[{"start":{"line":308,"column":22},"end":{"line":308,"column":27}},{"start":{"line":308,"column":27},"end":{"line":308,"column":43}},{"start":{"line":308,"column":43},"end":{"line":308,"column":null}}]},"29":{"loc":{"start":{"line":316,"column":17},"end":{"line":316,"column":null}},"type":"binary-expr","locations":[{"start":{"line":316,"column":17},"end":{"line":316,"column":null}}]},"30":{"loc":{"start":{"line":337,"column":15},"end":{"line":337,"column":null}},"type":"binary-expr","locations":[{"start":{"line":337,"column":15},"end":{"line":337,"column":null}}]},"31":{"loc":{"start":{"line":344,"column":26},"end":{"line":344,"column":null}},"type":"binary-expr","locations":[{"start":{"line":344,"column":26},"end":{"line":344,"column":35}},{"start":{"line":344,"column":35},"end":{"line":344,"column":53}},{"start":{"line":344,"column":53},"end":{"line":344,"column":null}}]},"32":{"loc":{"start":{"line":352,"column":17},"end":{"line":352,"column":null}},"type":"cond-expr","locations":[{"start":{"line":352,"column":31},"end":{"line":352,"column":52}},{"start":{"line":352,"column":52},"end":{"line":352,"column":null}}]},"33":{"loc":{"start":{"line":412,"column":17},"end":{"line":412,"column":null}},"type":"cond-expr","locations":[{"start":{"line":412,"column":28},"end":{"line":412,"column":43}},{"start":{"line":412,"column":43},"end":{"line":412,"column":null}}]}},"s":{"0":178,"1":178,"2":178,"3":128,"4":0,"5":128,"6":0,"7":128,"8":128,"9":128,"10":128,"11":128,"12":128,"13":128,"14":128,"15":128,"16":128,"17":128,"18":128,"19":128,"20":128,"21":128,"22":128,"23":0,"24":128,"25":32,"26":32,"27":0,"28":32,"29":0,"30":32,"31":128,"32":32,"33":32,"34":32,"35":0,"36":32,"37":32,"38":0,"39":0,"40":0,"41":0,"42":32,"43":32,"44":32,"45":128,"46":128,"47":0,"48":0,"49":0,"50":0,"51":128,"52":32,"53":32,"54":0,"55":0,"56":32,"57":0,"58":0,"59":32,"60":32,"61":32,"62":32,"63":0,"64":32,"65":32,"66":32,"67":32,"68":32,"69":32,"70":32,"71":8,"72":24,"73":24,"74":24,"75":8,"76":32,"77":128,"78":0,"79":0,"80":0,"81":0,"82":0,"83":0,"84":0,"85":0,"86":0,"87":0,"88":0,"89":0,"90":0,"91":0,"92":0,"93":104},"f":{"0":24,"1":128,"2":128,"3":0,"4":32,"5":32,"6":0,"7":32,"8":0,"9":0,"10":0},"b":{"0":[178,178],"1":[0],"2":[0],"3":[24,104],"4":[24,104],"5":[24,104],"6":[32,0],"7":[0],"8":[0],"9":[0],"10":[0],"11":[0,0],"12":[96,32],"13":[0],"14":[0],"15":[0],"16":[0],"17":[32,0],"18":[32,0],"19":[8],"20":[8,0],"21":[0],"22":[104,24],"23":[32],"24":[0,72],"25":[72,0],"26":[104],"27":[0,0],"28":[0,0,0],"29":[104],"30":[104],"31":[104,72,72],"32":[32,72],"33":[86,24]}},"/home/hamza/Documents/projetsApprentissage/p3-devops/frontend/src/pages/pageHelpers.ts":{"path":"/home/hamza/Documents/projetsApprentissage/p3-devops/frontend/src/pages/pageHelpers.ts","statementMap":{"0":{"start":{"line":2,"column":2},"end":{"line":2,"column":null}},"1":{"start":{"line":13,"column":19},"end":{"line":15,"column":null}},"2":{"start":{"line":15,"column":17},"end":{"line":15,"column":21}},"3":{"start":{"line":17,"column":18},"end":{"line":19,"column":null}},"4":{"start":{"line":21,"column":2},"end":{"line":21,"column":null}},"5":{"start":{"line":26,"column":2},"end":{"line":28,"column":null}},"6":{"start":{"line":27,"column":4},"end":{"line":27,"column":null}},"7":{"start":{"line":30,"column":15},"end":{"line":30,"column":null}},"8":{"start":{"line":31,"column":17},"end":{"line":31,"column":null}},"9":{"start":{"line":32,"column":16},"end":{"line":32,"column":null}},"10":{"start":{"line":34,"column":2},"end":{"line":37,"column":null}},"11":{"start":{"line":41,"column":28},"end":{"line":41,"column":null}},"12":{"start":{"line":42,"column":21},"end":{"line":42,"column":null}},"13":{"start":{"line":44,"column":2},"end":{"line":44,"column":null}},"14":{"start":{"line":48,"column":2},"end":{"line":48,"column":null}},"15":{"start":{"line":52,"column":2},"end":{"line":52,"column":null}},"16":{"start":{"line":57,"column":20},"end":{"line":57,"column":null}},"17":{"start":{"line":58,"column":17},"end":{"line":58,"column":null}},"18":{"start":{"line":60,"column":2},"end":{"line":60,"column":null}},"19":{"start":{"line":61,"column":2},"end":{"line":61,"column":null}},"20":{"start":{"line":62,"column":2},"end":{"line":62,"column":null}},"21":{"start":{"line":63,"column":2},"end":{"line":63,"column":null}},"22":{"start":{"line":64,"column":2},"end":{"line":64,"column":null}},"23":{"start":{"line":65,"column":2},"end":{"line":65,"column":null}}},"fnMap":{"0":{"name":"readApiError","decl":{"start":{"line":9,"column":22},"end":{"line":9,"column":null}},"loc":{"start":{"line":12,"column":2},"end":{"line":22,"column":null}}},"1":{"name":"(anonymous_1)","decl":{"start":{"line":15,"column":5},"end":{"line":15,"column":17}},"loc":{"start":{"line":15,"column":17},"end":{"line":15,"column":21}}},"2":{"name":"formatFileSize","decl":{"start":{"line":25,"column":16},"end":{"line":25,"column":31}},"loc":{"start":{"line":25,"column":46},"end":{"line":38,"column":null}}},"3":{"name":"getDaysLeft","decl":{"start":{"line":40,"column":16},"end":{"line":40,"column":28}},"loc":{"start":{"line":40,"column":76},"end":{"line":45,"column":null}}},"4":{"name":"getDownloadUrl","decl":{"start":{"line":47,"column":16},"end":{"line":47,"column":31}},"loc":{"start":{"line":47,"column":53},"end":{"line":49,"column":null}}},"5":{"name":"getDownloadToken","decl":{"start":{"line":51,"column":16},"end":{"line":51,"column":33}},"loc":{"start":{"line":51,"column":55},"end":{"line":53,"column":null}}},"6":{"name":"triggerBrowserDownload","decl":{"start":{"line":56,"column":16},"end":{"line":56,"column":39}},"loc":{"start":{"line":56,"column":69},"end":{"line":66,"column":null}}}},"branchMap":{"0":{"loc":{"start":{"line":2,"column":2},"end":{"line":2,"column":null}},"type":"binary-expr","locations":[{"start":{"line":2,"column":2},"end":{"line":2,"column":34}},{"start":{"line":2,"column":34},"end":{"line":2,"column":null}}]},"1":{"loc":{"start":{"line":17,"column":18},"end":{"line":19,"column":null}},"type":"cond-expr","locations":[{"start":{"line":18,"column":6},"end":{"line":18,"column":null}},{"start":{"line":19,"column":6},"end":{"line":19,"column":null}}]},"2":{"loc":{"start":{"line":21,"column":9},"end":{"line":21,"column":null}},"type":"binary-expr","locations":[{"start":{"line":21,"column":9},"end":{"line":21,"column":20}},{"start":{"line":21,"column":20},"end":{"line":21,"column":null}}]},"3":{"loc":{"start":{"line":26,"column":2},"end":{"line":28,"column":null}},"type":"if","locations":[{"start":{"line":26,"column":2},"end":{"line":28,"column":null}}]},"4":{"loc":{"start":{"line":40,"column":48},"end":{"line":40,"column":76}},"type":"default-arg","locations":[{"start":{"line":40,"column":64},"end":{"line":40,"column":76}}]},"5":{"loc":{"start":{"line":52,"column":9},"end":{"line":52,"column":null}},"type":"binary-expr","locations":[{"start":{"line":52,"column":9},"end":{"line":52,"column":58}},{"start":{"line":52,"column":58},"end":{"line":52,"column":null}}]}},"s":{"0":178,"1":14,"2":0,"3":14,"4":14,"5":118,"6":0,"7":118,"8":118,"9":118,"10":118,"11":148,"12":148,"13":148,"14":24,"15":24,"16":16,"17":16,"18":16,"19":16,"20":16,"21":16,"22":16,"23":16},"f":{"0":14,"1":0,"2":118,"3":148,"4":24,"5":24,"6":16},"b":{"0":[178,178],"1":[0,14],"2":[14,0],"3":[0],"4":[126],"5":[24,0]}}}